Change Component Library : Designator=JA701 Old Library=My_Connectors.SchLib New Library=MY_Components.IntLib
Added Pin To Net: NetName=AGND Pin=JA701-1
Added Pin To Net: NetName=AGND Pin=JA701-2
Added Pin To Net: NetName=SCLK/MGT_RCLK_P Pin=JA701-3
Added Pin To Net: NetName=MGT_CLK_1_P Pin=JA701-4
Added Pin To Net: NetName=SCLK/MGT_RCLK_N Pin=JA701-5
Added Pin To Net: NetName=MGT_CLK_1_N Pin=JA701-6
Added Pin To Net: NetName=IO/MGT_RCLK1_P Pin=JA701-7
Added Pin To Net: NetName=IO/MGT_RCLK1_N Pin=JA701-9
Added Pin To Net: NetName=MGT_CLK_2_P Pin=JA701-10
Added Pin To Net: NetName=AGND Pin=JA701-11
Added Pin To Net: NetName=MGT_CLK_2_N Pin=JA701-12
Added Pin To Net: NetName=MGT_TX0_P Pin=JA701-13
Added Pin To Net: NetName=AGND Pin=JA701-14
Added Pin To Net: NetName=AGND Pin=JA701-15
Added Pin To Net: NetName=MGT_RX0_P Pin=JA701-16
Added Pin To Net: NetName=MGT_TX0_N Pin=JA701-17
Added Pin To Net: NetName=AGND Pin=JA701-18
Added Pin To Net: NetName=AGND Pin=JA701-19
Added Pin To Net: NetName=MGT_RX0_N Pin=JA701-20
Added Pin To Net: NetName=MGT_TX1_P Pin=JA701-21
Added Pin To Net: NetName=AGND Pin=JA701-22
Added Pin To Net: NetName=AGND Pin=JA701-23
Added Pin To Net: NetName=MGT_RX1_P Pin=JA701-24
Added Pin To Net: NetName=MGT_TX1_N Pin=JA701-25
Added Pin To Net: NetName=AGND Pin=JA701-26
Added Pin To Net: NetName=AGND Pin=JA701-27
Added Pin To Net: NetName=MGT_RX1_N Pin=JA701-28
Added Pin To Net: NetName=MGT_TX2_P Pin=JA701-29
Added Pin To Net: NetName=AGND Pin=JA701-30
Added Pin To Net: NetName=AGND Pin=JA701-31
Added Pin To Net: NetName=MGT_RX2_P Pin=JA701-32
Added Pin To Net: NetName=MGT_TX2_N Pin=JA701-33
Added Pin To Net: NetName=AGND Pin=JA701-34
Added Pin To Net: NetName=AGND Pin=JA701-35
Added Pin To Net: NetName=MGT_RX2_N Pin=JA701-36
Added Pin To Net: NetName=MGT_TX3_P Pin=JA701-37
Added Pin To Net: NetName=AGND Pin=JA701-38
Added Pin To Net: NetName=AGND Pin=JA701-39
Added Pin To Net: NetName=MGT_RX3_P Pin=JA701-40
Added Pin To Net: NetName=MGT_TX3_N Pin=JA701-41
Added Pin To Net: NetName=AGND Pin=JA701-42
Added Pin To Net: NetName=AGND Pin=JA701-43
Added Pin To Net: NetName=MGT_RX3_N Pin=JA701-44
Added Pin To Net: NetName=IO/TX4_P Pin=JA701-45
Added Pin To Net: NetName=AGND Pin=JA701-46
Added Pin To Net: NetName=IO/TX4_N Pin=JA701-47
Added Pin To Net: NetName=IO/RX4_P Pin=JA701-48
Added Pin To Net: NetName=AGND Pin=JA701-49
Added Pin To Net: NetName=IO/RX4_N Pin=JA701-50
Added Pin To Net: NetName=IO/TX5_P Pin=JA701-51
Added Pin To Net: NetName=IO/TX5_N Pin=JA701-53
Added Pin To Net: NetName=IO/RX5_P Pin=JA701-54
Added Pin To Net: NetName=IO/RX5_N Pin=JA701-56
Added Pin To Net: NetName=IO/TX6_P Pin=JA701-57
Added Pin To Net: NetName=AGND Pin=JA701-58
Added Pin To Net: NetName=IO/TX6_N Pin=JA701-59
Added Pin To Net: NetName=IO/RX6_P Pin=JA701-60
Added Pin To Net: NetName=AGND Pin=JA701-61
Added Pin To Net: NetName=IO/RX6_N Pin=JA701-62
Added Pin To Net: NetName=IO/TX6_P Pin=JA701-63
Added Pin To Net: NetName=IO/TX6_N Pin=JA701-65
Added Pin To Net: NetName=IO/RX7_P Pin=JA701-66
Added Pin To Net: NetName=IO/RX7_N Pin=JA701-68
Added Pin To Net: NetName=IO/TX7_P Pin=JA701-69
Added Pin To Net: NetName=AGND Pin=JA701-70
Added Pin To Net: NetName=IO/TX7_N Pin=JA701-71
Added Pin To Net: NetName=DAC2_D12_P Pin=JA701-72
Added Pin To Net: NetName=AGND Pin=JA701-73
Added Pin To Net: NetName=DAC2_D12_N Pin=JA701-74
Added Pin To Net: NetName=DAC2_D13_P Pin=JA701-75
Added Pin To Net: NetName=DAC2_D13_N Pin=JA701-77
Added Pin To Net: NetName=DAC2_D10_P Pin=JA701-78
Added Pin To Net: NetName=DAC2_D10_N Pin=JA701-80
