Change Net Name : Old Net Name=NETLABEL5 New Net Name=ADC1_OUT1B_N
Change Net Name : Old Net Name=NETLABEL6 New Net Name=ADC1_OUT1B_P
Change Net Name : Old Net Name=NETLABEL7 New Net Name=ADC1_OUT1A_N
Change Net Name : Old Net Name=NETLABEL8 New Net Name=ADC1_OUT1A_P
Change Net Name : Old Net Name=NETLABEL9 New Net Name=ADC1_ENC_P
Change Net Name : Old Net Name=NETLABEL10 New Net Name=ADC1_ENC_N
Change Net Name : Old Net Name=NETLABEL15 New Net Name=ADC1_OUT2B_N
Change Net Name : Old Net Name=NETLABEL16 New Net Name=ADC1_OUT2B_P
Change Net Name : Old Net Name=NETLABEL17 New Net Name=ADC1_OUT2A_N
Change Net Name : Old Net Name=NETLABEL18 New Net Name=ADC1_OUT2A_P
Change Net Name : Old Net Name=NETLABEL19 New Net Name=ADC1_FR_N
Change Net Name : Old Net Name=NETLABEL20 New Net Name=ADC1_FR_P
Change Net Name : Old Net Name=NETLABEL21 New Net Name=ADC1_DCO_N
Change Net Name : Old Net Name=NETLABEL22 New Net Name=ADC1_DCO_P
Added Pin To Net: NetName=ADC2_CS Pin=U7-19
Added Net: Name=ADC2_CS
Added Pin To Net: NetName=ADC2_DCO_N Pin=U7-35
Added Net: Name=ADC2_DCO_N
Added Pin To Net: NetName=ADC2_DCO_P Pin=U7-36
Added Net: Name=ADC2_DCO_P
Added Pin To Net: NetName=ADC2_ENC_N Pin=C27-2
Added Net: Name=ADC2_ENC_N
Added Pin To Net: NetName=ADC2_ENC_P Pin=C24-2
Added Net: Name=ADC2_ENC_P
Added Pin To Net: NetName=ADC2_FR_N Pin=U7-31
Added Net: Name=ADC2_FR_N
Added Pin To Net: NetName=ADC2_FR_P Pin=U7-32
Added Net: Name=ADC2_FR_P
Added Pin To Net: NetName=ADC2_OUT1A_N Pin=U7-43
Added Net: Name=ADC2_OUT1A_N
Added Pin To Net: NetName=ADC2_OUT1A_P Pin=U7-44
Added Net: Name=ADC2_OUT1A_P
Added Pin To Net: NetName=ADC2_OUT1B_N Pin=U7-41
Added Net: Name=ADC2_OUT1B_N
Added Pin To Net: NetName=ADC2_OUT1B_P Pin=U7-42
Added Net: Name=ADC2_OUT1B_P
Added Pin To Net: NetName=ADC2_OUT2A_N Pin=U7-29
Added Net: Name=ADC2_OUT2A_N
Added Pin To Net: NetName=ADC2_OUT2A_P Pin=U7-30
Added Net: Name=ADC2_OUT2A_P
Added Pin To Net: NetName=ADC2_OUT2B_N Pin=U7-27
Added Net: Name=ADC2_OUT2B_N
Added Pin To Net: NetName=ADC2_OUT2B_P Pin=U7-28
Added Net: Name=ADC2_OUT2B_P
Added Pin To Net: NetName=ADC2_SCI Pin=U7-21
Added Net: Name=ADC2_SCI
Added Pin To Net: NetName=ADC2_SCK Pin=U7-20
Added Net: Name=ADC2_SCK
Added Pin To Net: NetName=ADC2_SCO Pin=U7-46
Added Net: Name=ADC2_SCO
Added Pin To Net: NetName=NETLABEL24 Pin=C37-1
Added Net: Name=NETLABEL24
Added Pin To Net: NetName=NETLABEL25 Pin=C38-1
Added Net: Name=NETLABEL25
Added Pin To Net: NetName=NETLABEL26 Pin=U12-9
Added Net: Name=NETLABEL26
Added Pin To Net: NetName=NETLABEL27 Pin=U12-10
Added Net: Name=NETLABEL27
Added Pin To Net: NetName=NETLABEL28 Pin=U12-11
Added Net: Name=NETLABEL28
Added Pin To Net: NetName=NETLABEL29 Pin=U12-12
Added Net: Name=NETLABEL29
Added Differential Pair: Name=ADC1_DCO
Added Differential Pair: Name=ADC1_FR
Added Differential Pair: Name=ADC1_OUT1A
Added Differential Pair: Name=ADC1_OUT1B
Added Differential Pair: Name=ADC1_OUT2A
Added Differential Pair: Name=ADC1_OUT2B
