Removed Pin From Net: NetName=IO5_N Pin=P2-2
Removed Pin From Net: NetName=IO5_P Pin=P2-4
Removed Pin From Net: NetName=IO4_N Pin=P2-6
Removed Pin From Net: NetName=IO4_P Pin=P2-8
Removed Pin From Net: NetName=IO3_N Pin=P2-10
Removed Pin From Net: NetName=IO3_P Pin=P2-12
Removed Pin From Net: NetName=IO2_N Pin=P2-14
Removed Pin From Net: NetName=IO2_P Pin=P2-16
Removed Pin From Net: NetName=IO1_N Pin=P2-18
Removed Pin From Net: NetName=IO1_P Pin=P2-20
Removed Member From Class: ClassName=KX1_DB_EX_CONN Member=P2
Added Component: Designator=P?(HDR2X8)
Added Pin To Net: NetName=IO5_N Pin=P?-1
Added Pin To Net: NetName=IO8_N Pin=P?-2
Added Pin To Net: NetName=IO8_P Pin=P?-4
Added Pin To Net: NetName=IO7_N Pin=P?-5
Added Pin To Net: NetName=IO3_N Pin=P?-6
Added Pin To Net: NetName=IO3_P Pin=P?-8
Added Pin To Net: NetName=IO5_N Pin=P?-9
Added Pin To Net: NetName=IO2_N Pin=P?-10
Added Pin To Net: NetName=IO2_P Pin=P?-12
Added Pin To Net: NetName=IO5_N Pin=P?-13
Added Pin To Net: NetName=IO1_N Pin=P?-14
Added Pin To Net: NetName=IO1_P Pin=P?-16
Added Member To Class: ClassName=KX1_DB_EX_CONN Member=Component P? Header 8X2
