Removed Pin From Net: NetName=DAC1_CLK_IN_P Pin=C37-2
Removed Pin From Net: NetName=DAC1_D4_P Pin=J701-136
Removed Pin From Net: NetName=DAC1_D4_N Pin=J701-138
Removed Pin From Net: NetName=DAC1_D3_P Pin=J701-142
Removed Pin From Net: NetName=DAC1_D3_N Pin=J701-144
Removed Pin From Net: NetName=DAC1_D2_P Pin=J701-148
Removed Pin From Net: NetName=DAC1_D2_N Pin=J701-150
Removed Pin From Net: NetName=DAC1_D1_P Pin=J701-160
Removed Pin From Net: NetName=DAC1_D1_N Pin=J701-162
Removed Pin From Net: NetName=DAC1_CLK_IN_P Pin=R29-1
Removed Pin From Net: NetName=DAC1_CLK_IN_P Pin=U12-3
Added Pin To Net: NetName=DAC1_D15_P Pin=J701-117
Added Pin To Net: NetName=DAC1_D15_N Pin=J701-119
Added Pin To Net: NetName=DAC1_D13_P Pin=J701-120
Added Pin To Net: NetName=DAC1_D13_N Pin=J701-122
Added Pin To Net: NetName=DAC1_D14_P Pin=J701-123
Added Pin To Net: NetName=DAC1_D11_P Pin=J701-124
Added Pin To Net: NetName=DAC1_D14_N Pin=J701-125
Added Pin To Net: NetName=DAC1_D11_N Pin=J701-126
Added Pin To Net: NetName=DAC1_D12_P Pin=J701-129
Added Pin To Net: NetName=DAC1_D9_P Pin=J701-130
Added Pin To Net: NetName=DAC1_D9_N Pin=J701-132
Added Pin To Net: NetName=DAC1_D10_P Pin=J701-133
Added Pin To Net: NetName=DAC1_D10_N Pin=J701-135
Added Pin To Net: NetName=DAC1_D8_P Pin=J701-136
Added Pin To Net: NetName=DAC1_D8_N Pin=J701-138
Added Pin To Net: NetName=DAC1_DCO_P Pin=J701-141
Added Pin To Net: NetName=DAC1_DCI_P Pin=J701-142
Added Pin To Net: NetName=DAC1_DCO_N Pin=J701-143
Added Pin To Net: NetName=DAC1_DCI_N Pin=J701-144
Added Pin To Net: NetName=DAC1_D7_P Pin=J701-145
Added Pin To Net: NetName=DAC1_D7_N Pin=J701-147
Added Pin To Net: NetName=DAC1_D6_P Pin=J701-148
Added Pin To Net: NetName=DAC1_D6_N Pin=J701-150
Added Pin To Net: NetName=DAC1_D5_P Pin=J701-151
Added Pin To Net: NetName=DAC1_D5_N Pin=J701-153
Added Pin To Net: NetName=DAC1_D4_P Pin=J701-154
Added Pin To Net: NetName=DAC1_D4_N Pin=J701-156
Added Pin To Net: NetName=DAC1_D3_P Pin=J701-157
Added Pin To Net: NetName=DAC1_D3_N Pin=J701-159
Added Pin To Net: NetName=DAC1_D2_P Pin=J701-160
Added Pin To Net: NetName=DAC1_D2_N Pin=J701-162
Added Pin To Net: NetName=DAC1_D1_P Pin=J701-163
Added Pin To Net: NetName=DAC1_D1_N Pin=J701-165
Change Net Name : Old Net Name=DAC1_CLK_IN_P New Net Name=NetC38_2
Added Pin To Net: NetName=NetC37_2 Pin=C37-2
Added Pin To Net: NetName=NetC37_2 Pin=R29-1
Added Pin To Net: NetName=NetC37_2 Pin=U12-3
Added Net: Name=NetC37_2
