Removed Pin From Net: NetName=I2C_SCL Pin=P?-1
Removed Pin From Net: NetName=AGND Pin=P?-2
Removed Pin From Net: NetName=I2C_SDA Pin=P?-3
Removed Pin From Net: NetName=AGND Pin=P?-4
Removed Pin From Net: NetName=I2C_INT# Pin=P?-5
Removed Pin From Net: NetName=AGND Pin=P?-6
Removed Pin From Net: NetName=JTAG_TDI Pin=P?-7
Removed Pin From Net: NetName=AGND Pin=P?-8
Removed Pin From Net: NetName=JTAG_TMS Pin=P?-9
Removed Pin From Net: NetName=AGND Pin=P?-10
Removed Pin From Net: NetName=JTAG_TDO Pin=P?-11
Removed Pin From Net: NetName=AGND Pin=P?-12
Removed Pin From Net: NetName=JTAG_TCK Pin=P?-13
Removed Pin From Net: NetName=AGND Pin=P?-14
Added Pin To Net: NetName=I2C_SCL Pin=P?-1
Added Pin To Net: NetName=AGND Pin=P?-2
Added Pin To Net: NetName=I2C_SDA Pin=P?-3
Added Pin To Net: NetName=AGND Pin=P?-4
Added Pin To Net: NetName=I2C_INT# Pin=P?-5
Added Pin To Net: NetName=AGND Pin=P?-6
Added Pin To Net: NetName=JTAG_TDI Pin=P?-7
Added Pin To Net: NetName=AGND Pin=P?-8
Added Pin To Net: NetName=JTAG_TMS Pin=P?-9
Added Pin To Net: NetName=AGND Pin=P?-10
Added Pin To Net: NetName=JTAG_TDO Pin=P?-11
Added Pin To Net: NetName=AGND Pin=P?-12
Added Pin To Net: NetName=JTAG_TCK Pin=P?-13
Added Pin To Net: NetName=AGND Pin=P?-14
Added Room: Name=KX1_DB_EX_CONN
