Command line:
   LTC2195_tb_isim_beh.exe
     -simmode  gui
     -simrunnum  0
     -socket  51049

Fri Jun 09 13:37:09 2017


 Elaboration Time: 0.046875 sec

 Current Memory Usage: 846.385 Meg

 Total Signals          : 1158
 Total Nets             : 1243
 Total Signal Drivers   : 1059
 Total Blocks           : 67
 Total Primitive Blocks : 42
 Total Processes        : 1757
 Total Traceable Variables  : 2294
 Total Scalar Nets and Variables : 29701
Total Line Count : 9710
Total Line Count : 9710
Total Line Count : 9710

 Total Simulation Time: 1.14063 sec

 Current Memory Usage: 374.526 Meg

Fri Jun 09 14:17:37 2017

