Change Component Library : Designator=L1 Old Library= New Library=KX1_DB.IntLib
Change Component Library : Designator=L2 Old Library= New Library=KX1_DB.IntLib
Change Component Library : Designator=L3 Old Library= New Library=KX1_DB.IntLib
Change Component Library : Designator=L4 Old Library= New Library=KX1_DB.IntLib
Change Component Library : Designator=L5 Old Library= New Library=KX1_DB.IntLib
Change Component Library : Designator=L6 Old Library= New Library=KX1_DB.IntLib
Change Component Library : Designator=L7 Old Library= New Library=KX1_DB.IntLib
Change Component Library : Designator=L8 Old Library= New Library=KX1_DB.IntLib
Change Component Library : Designator=L9 Old Library= New Library=KX1_DB.IntLib
Change Component Library : Designator=L10 Old Library= New Library=KX1_DB.IntLib
Change Component Library : Designator=L11 Old Library= New Library=KX1_DB.IntLib
Change Component Library : Designator=L12 Old Library= New Library=KX1_DB.IntLib
Change Component Library : Designator=L13 Old Library= New Library=KX1_DB.IntLib
Change Component Library : Designator=L14 Old Library= New Library=KX1_DB.IntLib
Change Component Library : Designator=L15 Old Library= New Library=KX1_DB.IntLib
Change Component Library : Designator=L16 Old Library= New Library=KX1_DB.IntLib
Change Component Library : Designator=L17 Old Library= New Library=KX1_DB.IntLib
Change Component Library : Designator=L18 Old Library= New Library=KX1_DB.IntLib
Change Component Library : Designator=L19 Old Library= New Library=KX1_DB.IntLib
Change Component Library : Designator=L20 Old Library= New Library=KX1_DB.IntLib
Change Component Library : Designator=L21 Old Library= New Library=KX1_DB.IntLib
Change Component Library : Designator=L22 Old Library= New Library=KX1_DB.IntLib
Change Component Library : Designator=L23 Old Library= New Library=KX1_DB.IntLib
Change Component Library : Designator=L24 Old Library= New Library=KX1_DB.IntLib
Change Component Library : Designator=L25 Old Library= New Library=KX1_DB.IntLib
Change Component Library : Designator=L26 Old Library= New Library=KX1_DB.IntLib
Change Component Library : Designator=L27 Old Library= New Library=KX1_DB.IntLib
Change Component Library : Designator=L28 Old Library= New Library=KX1_DB.IntLib
Change Component Library : Designator=C1 Old Library=Device02_remote.lib New Library=KX1_DB.IntLib
Change Component Library : Designator=C2 Old Library=Device02_remote.lib New Library=KX1_DB.IntLib
Change Component Library : Designator=C3 Old Library=Device02_remote.lib New Library=KX1_DB.IntLib
Change Component Library : Designator=C4 Old Library=Device02_remote.lib New Library=KX1_DB.IntLib
Change Component Library : Designator=C5 Old Library=Device02_remote.lib New Library=KX1_DB.IntLib
Change Component Library : Designator=C6 Old Library=Device02_remote.lib New Library=KX1_DB.IntLib
Change Component Library : Designator=C7 Old Library=Device02_remote.lib New Library=KX1_DB.IntLib
Change Component Library : Designator=C8 Old Library=Device02_remote.lib New Library=KX1_DB.IntLib
Change Component Library : Designator=C9 Old Library=Device02_remote.lib New Library=KX1_DB.IntLib
Change Component Library : Designator=C10 Old Library=Device02_remote.lib New Library=KX1_DB.IntLib
Change Component Library : Designator=C11 Old Library=Device02_remote.lib New Library=KX1_DB.IntLib
Change Component Library : Designator=C12 Old Library=Device02_remote.lib New Library=KX1_DB.IntLib
Change Component Library : Designator=C35 Old Library=Device02_remote.lib New Library=KX1_DB.IntLib
Change Component Library : Designator=C36 Old Library=Device02_remote.lib New Library=KX1_DB.IntLib
Change Component Library : Designator=C37 Old Library=Device02_remote.lib New Library=KX1_DB.IntLib
Change Component Library : Designator=C38 Old Library=Device02_remote.lib New Library=KX1_DB.IntLib
Change Component Library : Designator=C39 Old Library=Device02_remote.lib New Library=KX1_DB.IntLib
Change Component Library : Designator=C40 Old Library=Device02_remote.lib New Library=KX1_DB.IntLib
Change Component Library : Designator=C41 Old Library=Device02_remote.lib New Library=KX1_DB.IntLib
Change Component Library : Designator=C42 Old Library=Device02_remote.lib New Library=KX1_DB.IntLib
Change Component Library : Designator=C43 Old Library=Device02_remote.lib New Library=KX1_DB.IntLib
Change Component Library : Designator=C44 Old Library=Device02_remote.lib New Library=KX1_DB.IntLib
Change Component Library : Designator=C45 Old Library=Device02_remote.lib New Library=KX1_DB.IntLib
Change Component Library : Designator=C46 Old Library=Device02_remote.lib New Library=KX1_DB.IntLib
Change Component Library : Designator=C47 Old Library=Device02_remote.lib New Library=KX1_DB.IntLib
Change Component Library : Designator=C48 Old Library=Device02_remote.lib New Library=KX1_DB.IntLib
Change Component Library : Designator=C49 Old Library=Device02_remote.lib New Library=KX1_DB.IntLib
Change Component Library : Designator=C50 Old Library=Device02_remote.lib New Library=KX1_DB.IntLib
Change Component Library : Designator=C51 Old Library=Device02_remote.lib New Library=KX1_DB.IntLib
Change Component Library : Designator=C52 Old Library=Device02_remote.lib New Library=KX1_DB.IntLib
Change Component Library : Designator=C53 Old Library=Device02_remote.lib New Library=KX1_DB.IntLib
Change Component Library : Designator=C54 Old Library=Device02_remote.lib New Library=KX1_DB.IntLib
Change Component Library : Designator=C55 Old Library=Device02_remote.lib New Library=KX1_DB.IntLib
Change Component Library : Designator=C56 Old Library=Device02_remote.lib New Library=KX1_DB.IntLib
Change Component Library : Designator=C57 Old Library=Device02_remote.lib New Library=KX1_DB.IntLib
Change Component Library : Designator=C58 Old Library=Device02_remote.lib New Library=KX1_DB.IntLib
Change Component Library : Designator=C59 Old Library=Device02_remote.lib New Library=KX1_DB.IntLib
Change Component Library : Designator=C60 Old Library=Device02_remote.lib New Library=KX1_DB.IntLib
Change Component Library : Designator=C61 Old Library=Device02_remote.lib New Library=KX1_DB.IntLib
Change Component Library : Designator=C62 Old Library=Device02_remote.lib New Library=KX1_DB.IntLib
Change Component Library : Designator=C63 Old Library=Device02_remote.lib New Library=KX1_DB.IntLib
Change Component Library : Designator=C64 Old Library=Device02_remote.lib New Library=KX1_DB.IntLib
Change Component Library : Designator=C65 Old Library=Device02_remote.lib New Library=KX1_DB.IntLib
Change Component Library : Designator=C66 Old Library=Device02_remote.lib New Library=KX1_DB.IntLib
Change Component Library : Designator=C67 Old Library=Device02_remote.lib New Library=KX1_DB.IntLib
Change Component Library : Designator=C68 Old Library=Device02_remote.lib New Library=KX1_DB.IntLib
Change Component Library : Designator=C69 Old Library=Device02_remote.lib New Library=KX1_DB.IntLib
Change Component Library : Designator=C70 Old Library=Device02_remote.lib New Library=KX1_DB.IntLib
Change Component Library : Designator=C71 Old Library=Device02_remote.lib New Library=KX1_DB.IntLib
Change Component Library : Designator=C72 Old Library=Device02_remote.lib New Library=KX1_DB.IntLib
Change Component Library : Designator=C73 Old Library=Device02_remote.lib New Library=KX1_DB.IntLib
Change Component Library : Designator=C74 Old Library=Device02_remote.lib New Library=KX1_DB.IntLib
Change Component Library : Designator=C75 Old Library=Device02_remote.lib New Library=KX1_DB.IntLib
Change Component Library : Designator=C76 Old Library=Device02_remote.lib New Library=KX1_DB.IntLib
Change Component Library : Designator=C77 Old Library=Device02_remote.lib New Library=KX1_DB.IntLib
Change Component Library : Designator=C78 Old Library=Device02_remote.lib New Library=KX1_DB.IntLib
Change Component Library : Designator=C79 Old Library=Device02_remote.lib New Library=KX1_DB.IntLib
Change Component Library : Designator=C80 Old Library=Device02_remote.lib New Library=KX1_DB.IntLib
Change Component Library : Designator=C81 Old Library=Device02_remote.lib New Library=KX1_DB.IntLib
Change Component Library : Designator=C82 Old Library=Device02_remote.lib New Library=KX1_DB.IntLib
Change Component Library : Designator=C83 Old Library=Device02_remote.lib New Library=KX1_DB.IntLib
Change Component Library : Designator=C84 Old Library=Device02_remote.lib New Library=KX1_DB.IntLib
Change Component Library : Designator=C85 Old Library=Device02_remote.lib New Library=KX1_DB.IntLib
Change Component Library : Designator=C86 Old Library=Device02_remote.lib New Library=KX1_DB.IntLib
Change Component Library : Designator=C87 Old Library=Device02_remote.lib New Library=KX1_DB.IntLib
Change Component Library : Designator=C88 Old Library=Device02_remote.lib New Library=KX1_DB.IntLib
Change Component Library : Designator=C89 Old Library=Device02_remote.lib New Library=KX1_DB.IntLib
Change Component Library : Designator=C90 Old Library=Device02_remote.lib New Library=KX1_DB.IntLib
Change Component Library : Designator=C91 Old Library=Device02_remote.lib New Library=KX1_DB.IntLib
Change Component Library : Designator=C92 Old Library=Device02_remote.lib New Library=KX1_DB.IntLib
Change Component Library : Designator=C93 Old Library=Device02_remote.lib New Library=KX1_DB.IntLib
Change Component Library : Designator=C94 Old Library=Device02_remote.lib New Library=KX1_DB.IntLib
Change Component Library : Designator=C95 Old Library=Device02_remote.lib New Library=KX1_DB.IntLib
Change Component Library : Designator=C98 Old Library=Device02_remote.lib New Library=KX1_DB.IntLib
Change Component Library : Designator=C99 Old Library=Device02_remote.lib New Library=KX1_DB.IntLib
Change Component Library : Designator=C100 Old Library=Device02_remote.lib New Library=KX1_DB.IntLib
Change Component Library : Designator=C101 Old Library=Device02_remote.lib New Library=KX1_DB.IntLib
Change Component Library : Designator=C102 Old Library=Device02_remote.lib New Library=KX1_DB.IntLib
Change Component Library : Designator=C104 Old Library=Device02_remote.lib New Library=KX1_DB.IntLib
Change Component Library : Designator=C105 Old Library=Device02_remote.lib New Library=KX1_DB.IntLib
Change Component Library : Designator=C106 Old Library=Device02_remote.lib New Library=KX1_DB.IntLib
Change Component Library : Designator=C107 Old Library=Device02_remote.lib New Library=KX1_DB.IntLib
Change Component Library : Designator=C108 Old Library=Device02_remote.lib New Library=KX1_DB.IntLib
Change Component Library : Designator=C109 Old Library=Device02_remote.lib New Library=KX1_DB.IntLib
Change Component Library : Designator=C110 Old Library=Device02_remote.lib New Library=KX1_DB.IntLib
Change Component Library : Designator=C111 Old Library=Device02_remote.lib New Library=KX1_DB.IntLib
Change Component Library : Designator=C112 Old Library=Device02_remote.lib New Library=KX1_DB.IntLib
Change Component Library : Designator=C113 Old Library=Device02_remote.lib New Library=KX1_DB.IntLib
Change Component Library : Designator=C114 Old Library=Device02_remote.lib New Library=KX1_DB.IntLib
Change Component Library : Designator=C115 Old Library=Device02_remote.lib New Library=KX1_DB.IntLib
Change Component Library : Designator=C116 Old Library=Device02_remote.lib New Library=KX1_DB.IntLib
Change Component Library : Designator=C117 Old Library=Device02_remote.lib New Library=KX1_DB.IntLib
Change Component Library : Designator=C118 Old Library=Device02_remote.lib New Library=KX1_DB.IntLib
Change Component Library : Designator=C119 Old Library=Device02_remote.lib New Library=KX1_DB.IntLib
Change Component Library : Designator=C120 Old Library=Device02_remote.lib New Library=KX1_DB.IntLib
Change Component Library : Designator=C121 Old Library=Device02_remote.lib New Library=KX1_DB.IntLib
Change Component Library : Designator=C122 Old Library=Device02_remote.lib New Library=KX1_DB.IntLib
Change Component Library : Designator=C123 Old Library=Device02_remote.lib New Library=KX1_DB.IntLib
Change Component Library : Designator=C124 Old Library=Device02_remote.lib New Library=KX1_DB.IntLib
Change Component Library : Designator=C125 Old Library=Device02_remote.lib New Library=KX1_DB.IntLib
Change Component Library : Designator=C126 Old Library=Device02_remote.lib New Library=KX1_DB.IntLib
Change Component Library : Designator=C134 Old Library=Device02_remote.lib New Library=KX1_DB.IntLib
Change Component Library : Designator=J11 Old Library=Device02_remote.lib New Library=KX1_DB.IntLib
Change Component Library : Designator=J12 Old Library=Device02_remote.lib New Library=KX1_DB.IntLib
Change Component Library : Designator=J13 Old Library=Device02_remote.lib New Library=KX1_DB.IntLib
Change Component Library : Designator=J14 Old Library=Device02_remote.lib New Library=KX1_DB.IntLib
Change Component Library : Designator=J15 Old Library=Device02_remote.lib New Library=KX1_DB.IntLib
Change Component Library : Designator=J16 Old Library=Device02_remote.lib New Library=KX1_DB.IntLib
Change Component Library : Designator=JP1 Old Library=Device02_remote.lib New Library=KX1_DB.IntLib
Change Component Library : Designator=JP2 Old Library=Device02_remote.lib New Library=KX1_DB.IntLib
Change Component Library : Designator=JP2_B Old Library=Device02_remote.lib New Library=KX1_DB.IntLib
Change Component Library : Designator=JP3 Old Library=Device02_remote.lib New Library=KX1_DB.IntLib
Change Component Library : Designator=JP3_B Old Library=Device02_remote.lib New Library=KX1_DB.IntLib
Change Component Library : Designator=JP7 Old Library=Device02_remote.lib New Library=KX1_DB.IntLib
Change Component Library : Designator=JP8 Old Library=Device02_remote.lib New Library=KX1_DB.IntLib
Change Component Library : Designator=JP9 Old Library=Device02_remote.lib New Library=KX1_DB.IntLib
Change Component Library : Designator=JP10 Old Library=Device02_remote.lib New Library=KX1_DB.IntLib
Change Component Library : Designator=JP17 Old Library=Device02_remote.lib New Library=KX1_DB.IntLib
Change Component Library : Designator=JP18 Old Library=Device02_remote.lib New Library=KX1_DB.IntLib
Change Component Library : Designator=JP19 Old Library=Device02_remote.lib New Library=KX1_DB.IntLib
Change Component Library : Designator=JP20 Old Library=Device02_remote.lib New Library=KX1_DB.IntLib
Change Component Library : Designator=R1 Old Library=Device02_remote.lib New Library=KX1_DB.IntLib
Change Component Library : Designator=R2 Old Library=Device02_remote.lib New Library=KX1_DB.IntLib
Change Component Library : Designator=R3 Old Library=Device02_remote.lib New Library=KX1_DB.IntLib
Change Component Library : Designator=R4 Old Library=Device02_remote.lib New Library=KX1_DB.IntLib
Change Component Library : Designator=R5 Old Library=Device02_remote.lib New Library=KX1_DB.IntLib
Change Component Library : Designator=R6 Old Library=Device02_remote.lib New Library=KX1_DB.IntLib
Change Component Library : Designator=R7 Old Library=Device02_remote.lib New Library=KX1_DB.IntLib
Change Component Library : Designator=R8 Old Library=Device02_remote.lib New Library=KX1_DB.IntLib
Change Component Library : Designator=R9 Old Library=Device02_remote.lib New Library=KX1_DB.IntLib
Change Component Library : Designator=R10 Old Library=Device02_remote.lib New Library=KX1_DB.IntLib
Change Component Library : Designator=R11 Old Library=Device02_remote.lib New Library=KX1_DB.IntLib
Change Component Library : Designator=R12 Old Library=Device02_remote.lib New Library=KX1_DB.IntLib
Change Component Library : Designator=R13 Old Library=Device02_remote.lib New Library=KX1_DB.IntLib
Change Component Library : Designator=R14 Old Library=Device02_remote.lib New Library=KX1_DB.IntLib
Change Component Library : Designator=R15 Old Library=Device02_remote.lib New Library=KX1_DB.IntLib
Change Component Library : Designator=R16 Old Library=Device02_remote.lib New Library=KX1_DB.IntLib
Change Component Library : Designator=R17 Old Library=Device02_remote.lib New Library=KX1_DB.IntLib
Change Component Library : Designator=R18 Old Library=Device02_remote.lib New Library=KX1_DB.IntLib
Change Component Library : Designator=R19 Old Library=Device02_remote.lib New Library=KX1_DB.IntLib
Change Component Library : Designator=R20 Old Library=Device02_remote.lib New Library=KX1_DB.IntLib
Change Component Library : Designator=R22 Old Library=Device02_remote.lib New Library=KX1_DB.IntLib
Change Component Library : Designator=R27 Old Library=Device02_remote.lib New Library=KX1_DB.IntLib
Change Component Library : Designator=R28 Old Library=Device02_remote.lib New Library=KX1_DB.IntLib
Change Component Library : Designator=R29 Old Library=Device02_remote.lib New Library=KX1_DB.IntLib
Change Component Library : Designator=R30 Old Library=Device02_remote.lib New Library=KX1_DB.IntLib
Change Component Library : Designator=R31 Old Library=Device02_remote.lib New Library=KX1_DB.IntLib
Change Component Library : Designator=R32 Old Library=Device02_remote.lib New Library=KX1_DB.IntLib
Change Component Library : Designator=R33 Old Library=Device02_remote.lib New Library=KX1_DB.IntLib
Change Component Library : Designator=R34 Old Library=Device02_remote.lib New Library=KX1_DB.IntLib
Change Component Library : Designator=R35 Old Library=Device02_remote.lib New Library=KX1_DB.IntLib
Change Component Library : Designator=R36 Old Library=Device02_remote.lib New Library=KX1_DB.IntLib
Change Component Library : Designator=R37 Old Library=Device02_remote.lib New Library=KX1_DB.IntLib
Change Component Library : Designator=R38 Old Library=Device02_remote.lib New Library=KX1_DB.IntLib
Change Component Library : Designator=R39 Old Library=Device02_remote.lib New Library=KX1_DB.IntLib
Change Component Library : Designator=R40 Old Library=Device02_remote.lib New Library=KX1_DB.IntLib
Change Component Library : Designator=R41 Old Library=Device02_remote.lib New Library=KX1_DB.IntLib
Change Component Library : Designator=R42 Old Library=Device02_remote.lib New Library=KX1_DB.IntLib
Change Component Library : Designator=R43 Old Library=Device02_remote.lib New Library=KX1_DB.IntLib
Change Component Library : Designator=R44 Old Library=Device02_remote.lib New Library=KX1_DB.IntLib
Change Component Library : Designator=R45 Old Library=Device02_remote.lib New Library=KX1_DB.IntLib
Change Component Library : Designator=R46 Old Library=Device02_remote.lib New Library=KX1_DB.IntLib
Change Component Library : Designator=R48 Old Library=Device02_remote.lib New Library=KX1_DB.IntLib
Change Component Library : Designator=R49 Old Library=Device02_remote.lib New Library=KX1_DB.IntLib
Change Component Library : Designator=R50 Old Library=Device02_remote.lib New Library=KX1_DB.IntLib
Change Component Library : Designator=R51 Old Library=Device02_remote.lib New Library=KX1_DB.IntLib
Change Component Library : Designator=R52 Old Library=Device02_remote.lib New Library=KX1_DB.IntLib
Change Component Library : Designator=R53 Old Library=Device02_remote.lib New Library=KX1_DB.IntLib
Change Component Library : Designator=R54 Old Library=Device02_remote.lib New Library=KX1_DB.IntLib
Change Component Library : Designator=R55 Old Library=Device02_remote.lib New Library=KX1_DB.IntLib
Change Component Library : Designator=R56 Old Library=Device02_remote.lib New Library=KX1_DB.IntLib
Change Component Library : Designator=R57 Old Library=Device02_remote.lib New Library=KX1_DB.IntLib
Change Component Library : Designator=R58 Old Library=Device02_remote.lib New Library=KX1_DB.IntLib
Change Component Library : Designator=R59 Old Library=Device02_remote.lib New Library=KX1_DB.IntLib
Change Component Library : Designator=R60 Old Library=Device02_remote.lib New Library=KX1_DB.IntLib
Change Component Library : Designator=R61 Old Library=Device02_remote.lib New Library=KX1_DB.IntLib
Change Component Library : Designator=R62 Old Library=Device02_remote.lib New Library=KX1_DB.IntLib
Change Component Library : Designator=R63 Old Library=Device02_remote.lib New Library=KX1_DB.IntLib
Change Component Library : Designator=R64 Old Library=Device02_remote.lib New Library=KX1_DB.IntLib
Change Component Library : Designator=R65 Old Library=Device02_remote.lib New Library=KX1_DB.IntLib
Change Component Library : Designator=R66 Old Library=Device02_remote.lib New Library=KX1_DB.IntLib
Change Component Library : Designator=R67 Old Library=Device02_remote.lib New Library=KX1_DB.IntLib
Change Component Library : Designator=R68 Old Library=Device02_remote.lib New Library=KX1_DB.IntLib
Change Component Library : Designator=R69 Old Library=Device02_remote.lib New Library=KX1_DB.IntLib
Change Component Library : Designator=R70 Old Library=Device02_remote.lib New Library=KX1_DB.IntLib
Change Component Library : Designator=R71 Old Library=Device02_remote.lib New Library=KX1_DB.IntLib
Change Component Library : Designator=R76 Old Library=Device02_remote.lib New Library=KX1_DB.IntLib
Change Component Library : Designator=U1 Old Library=Device02_remote.lib New Library=KX1_DB.IntLib
Change Component Library : Designator=U2 Old Library=Device02_remote.lib New Library=KX1_DB.IntLib
Change Component Library : Designator=U3 Old Library=Device02_remote.lib New Library=KX1_DB.IntLib
Change Component Library : Designator=U4 Old Library=Device02_remote.lib New Library=KX1_DB.IntLib
Change Component Library : Designator=U5 Old Library=Device02_remote.lib New Library=KX1_DB.IntLib
Change Component Library : Designator=U6 Old Library=Device02_remote.lib New Library=KX1_DB.IntLib
Change Component Library : Designator=U12 Old Library=Device02_remote.lib New Library=KX1_DB.IntLib
Change Component Library : Designator=U13 Old Library=Device02_remote.lib New Library=KX1_DB.IntLib
Change Component Library : Designator=U14 Old Library=Device02_remote.lib New Library=KX1_DB.IntLib
Change Component Library : Designator=U15 Old Library=Device02_remote.lib New Library=KX1_DB.IntLib
Change Component Library : Designator=U16 Old Library=Device02_remote.lib New Library=KX1_DB.IntLib
Change Component Library : Designator=U17 Old Library=Device02_remote.lib New Library=KX1_DB.IntLib
Change Component Library : Designator=U18 Old Library=Device02_remote.lib New Library=KX1_DB.IntLib
Change Component Library : Designator=U20 Old Library=Device02_remote.lib New Library=KX1_DB.IntLib
Change Component Library : Designator=C128 Old Library=OK6010_DB.IntLib New Library=KX1_DB.IntLib
Change Component Library : Designator=C129 Old Library=OK6010_DB.IntLib New Library=KX1_DB.IntLib
Change Component Library : Designator=C130 Old Library=OK6010_DB.IntLib New Library=KX1_DB.IntLib
Change Component Library : Designator=C131 Old Library=OK6010_DB.IntLib New Library=KX1_DB.IntLib
Change Component Library : Designator=C132 Old Library=OK6010_DB.IntLib New Library=KX1_DB.IntLib
Change Component Library : Designator=C133 Old Library=OK6010_DB.IntLib New Library=KX1_DB.IntLib
Change Component Library : Designator=C135 Old Library=OK6010_DB.IntLib New Library=KX1_DB.IntLib
Change Component Library : Designator=C136 Old Library=OK6010_DB.IntLib New Library=KX1_DB.IntLib
Change Component Library : Designator=C137 Old Library=OK6010_DB.IntLib New Library=KX1_DB.IntLib
Change Component Library : Designator=C138 Old Library=OK6010_DB.IntLib New Library=KX1_DB.IntLib
Change Component Library : Designator=C139 Old Library=OK6010_DB.IntLib New Library=KX1_DB.IntLib
Change Component Library : Designator=C140 Old Library=OK6010_DB.IntLib New Library=KX1_DB.IntLib
Change Component Library : Designator=C141 Old Library=OK6010_DB.IntLib New Library=KX1_DB.IntLib
Change Component Library : Designator=C142 Old Library=OK6010_DB.IntLib New Library=KX1_DB.IntLib
Change Component Library : Designator=C143 Old Library=OK6010_DB.IntLib New Library=KX1_DB.IntLib
Change Component Library : Designator=C144 Old Library=OK6010_DB.IntLib New Library=KX1_DB.IntLib
Change Component Library : Designator=C145 Old Library=OK6010_DB.IntLib New Library=KX1_DB.IntLib
Change Component Library : Designator=JP11 Old Library=OK6010_DB.IntLib New Library=KX1_DB.IntLib
Change Component Library : Designator=JP12 Old Library=OK6010_DB.IntLib New Library=KX1_DB.IntLib
Change Component Library : Designator=R72 Old Library=OK6010_DB.IntLib New Library=KX1_DB.IntLib
Change Component Library : Designator=R73 Old Library=OK6010_DB.IntLib New Library=KX1_DB.IntLib
Change Component Library : Designator=R74 Old Library=OK6010_DB.IntLib New Library=KX1_DB.IntLib
Change Component Library : Designator=R75 Old Library=OK6010_DB.IntLib New Library=KX1_DB.IntLib
Change Component Library : Designator=R77 Old Library=OK6010_DB.IntLib New Library=KX1_DB.IntLib
Change Component Library : Designator=R78 Old Library=OK6010_DB.IntLib New Library=KX1_DB.IntLib
Change Component Library : Designator=R79 Old Library=OK6010_DB.IntLib New Library=KX1_DB.IntLib
Change Component Library : Designator=R80 Old Library=OK6010_DB.IntLib New Library=KX1_DB.IntLib
Change Component Library : Designator=R81 Old Library=OK6010_DB.IntLib New Library=KX1_DB.IntLib
Change Component Library : Designator=R82 Old Library=OK6010_DB.IntLib New Library=KX1_DB.IntLib
Change Component Library : Designator=R83 Old Library=OK6010_DB.IntLib New Library=KX1_DB.IntLib
Change Component Library : Designator=R84 Old Library=OK6010_DB.IntLib New Library=KX1_DB.IntLib
Change Component Library : Designator=R85 Old Library=OK6010_DB.IntLib New Library=KX1_DB.IntLib
Change Component Library : Designator=R86 Old Library=OK6010_DB.IntLib New Library=KX1_DB.IntLib
Change Component Library : Designator=U21 Old Library=OK6010_DB.IntLib New Library=KX1_DB.IntLib
Change Component Library : Designator=U22 Old Library=OK6010_DB.IntLib New Library=KX1_DB.IntLib
Change Component Library : Designator=U23 Old Library=OK6010_DB.IntLib New Library=KX1_DB.IntLib
Change Class Name : Old Net Name=OK6010_DB New Net Name=KX1_DB
Change Class Name : Old Net Name=OK6010_DB_ADC New Net Name=KX1_DB_ADC_1
Change Class Name : Old Net Name=OK6010_DB_DAC_f New Net Name=KX1_DB_DAC_1
Change Class Name : Old Net Name=OK6010_DB_DAC_f_1 New Net Name=KX1_DB_DAC_2
Change Class Name : Old Net Name=OK6010_DB_PWR New Net Name=KX1_DB_PWR
Change Room Name: Old Name=OK6010_DB_DAC_f_1 New Name=KX1_DB_DAC_2
Change Room Scope: Old Scope=InComponentClass('OK6010_DB_DAC_f_1') New Scope=InComponentClass('KX1_DB_DAC_2')
Change Room Name: Old Name=OK6010_DB_PWR New Name=KX1_DB_PWR
Change Room Scope: Old Scope=InComponentClass('OK6010_DB_PWR') New Scope=InComponentClass('KX1_DB_PWR')
Added Room: Name=KX1_DB
Added Room: Name=KX1_DB_ADC_1
Added Room: Name=KX1_DB_DAC_1
