Removed Pin From Net: NetName=DAC1_D13_P Pin=J701-120
Removed Pin From Net: NetName=DAC1_D13_N Pin=J701-122
Removed Pin From Net: NetName=DAC1_D14_P Pin=J701-123
Removed Pin From Net: NetName=DAC1_D11_P Pin=J701-124
Removed Pin From Net: NetName=DAC1_D14_N Pin=J701-125
Removed Pin From Net: NetName=DAC1_D11_N Pin=J701-126
Removed Pin From Net: NetName=DAC1_D12_P Pin=J701-129
Removed Pin From Net: NetName=DAC1_D9_P Pin=J701-130
Removed Pin From Net: NetName=DAC1_D9_N Pin=J701-132
Removed Pin From Net: NetName=DAC1_D10_P Pin=J701-133
Removed Pin From Net: NetName=DAC1_D10_N Pin=J701-135
Added Pin To Net: NetName=DAC1_D14_P Pin=J701-120
Added Pin To Net: NetName=DAC1_D14_N Pin=J701-122
Added Pin To Net: NetName=DAC1_D13_P Pin=J701-123
Added Pin To Net: NetName=DAC1_D12_P Pin=J701-124
Added Pin To Net: NetName=DAC1_D13_N Pin=J701-125
Added Pin To Net: NetName=DAC1_D12_N Pin=J701-126
Added Pin To Net: NetName=DAC1_D11_P Pin=J701-129
Added Pin To Net: NetName=DAC1_D10_P Pin=J701-130
Added Pin To Net: NetName=DAC1_D10_N Pin=J701-132
Added Pin To Net: NetName=DAC1_D09_N Pin=J701-135
Added Net: Name=DAC1_D09_N
Added Pin To Net: NetName=DAC1_D09_P Pin=J701-133
Added Net: Name=DAC1_D09_P
Added Differential Pair: Name=DAC1_D09
