Removed Pin From Net: NetName=DAC2_D10_P Pin=J701-72
Removed Pin From Net: NetName=DAC2_D10_N Pin=J701-74
Removed Pin From Net: NetName=DAC2_D8_P Pin=J701-78
Removed Pin From Net: NetName=DAC2_D8_N Pin=J701-80
Removed Pin From Net: NetName=DAC2_DCI_P Pin=J701-84
Removed Pin From Net: NetName=DAC2_DCI_N Pin=J701-86
Removed Pin From Net: NetName=DAC2_D6_P Pin=J701-90
Removed Pin From Net: NetName=DAC2_D6_N Pin=J701-92
Removed Pin From Net: NetName=DAC2_D4_P Pin=J701-94
Removed Pin From Net: NetName=DAC2_D4_N Pin=J701-96
Removed Pin From Net: NetName=DAC2_D2_P Pin=J701-100
Removed Pin From Net: NetName=DAC2_D2_N Pin=J701-102
Removed Pin From Net: NetName=DAC2_D0_P Pin=J701-104
Removed Pin From Net: NetName=DAC2_D0_N Pin=J701-106
Added Pin To Net: NetName=DAC2_D15_P Pin=J700-16
Added Pin To Net: NetName=DAC2_D15_N Pin=J700-18
Added Pin To Net: NetName=DAC2_D14_P Pin=J700-22
Added Pin To Net: NetName=DAC2_D12_P Pin=J701-72
Added Pin To Net: NetName=DAC2_D12_N Pin=J701-74
Added Pin To Net: NetName=DAC2_D10_P Pin=J701-78
Added Pin To Net: NetName=DAC2_D10_N Pin=J701-80
Added Pin To Net: NetName=DAC2_D8_P Pin=J701-84
Added Pin To Net: NetName=DAC2_D8_N Pin=J701-86
Added Pin To Net: NetName=DAC2_DCI_P Pin=J701-90
Added Pin To Net: NetName=DAC2_DCI_N Pin=J701-92
Added Pin To Net: NetName=DAC2_D6_P Pin=J701-94
Added Pin To Net: NetName=DAC2_D6_N Pin=J701-96
Added Pin To Net: NetName=DAC2_D4_P Pin=J701-100
Added Pin To Net: NetName=DAC2_D4_N Pin=J701-102
Added Pin To Net: NetName=DAC2_D2_P Pin=J701-104
Added Pin To Net: NetName=DAC2_D2_N Pin=J701-106
Added Pin To Net: NetName=DAC2_D0_P Pin=J701-110
Added Pin To Net: NetName=DAC2_D0_N Pin=J701-112
