Added Pin To Net: NetName=DAC2_D10_P Pin=J701-72
Added Pin To Net: NetName=DAC2_D10_N Pin=J701-74
Added Pin To Net: NetName=DAC2_D13_P Pin=J701-75
Added Pin To Net: NetName=DAC2_D13_N Pin=J701-77
Added Pin To Net: NetName=DAC2_D8_P Pin=J701-78
Added Pin To Net: NetName=DAC2_D8_N Pin=J701-80
Added Pin To Net: NetName=DAC2_D11_P Pin=J701-81
Added Pin To Net: NetName=DAC2_D11_N Pin=J701-83
Added Pin To Net: NetName=DAC2_DCI_P Pin=J701-84
Added Pin To Net: NetName=DAC2_DCI_N Pin=J701-86
Added Pin To Net: NetName=DAC2_D9_P Pin=J701-87
Added Pin To Net: NetName=DAC2_D9_N Pin=J701-89
Added Pin To Net: NetName=DAC2_D6_P Pin=J701-90
Added Pin To Net: NetName=DAC2_DCO_P Pin=J701-91
Added Pin To Net: NetName=DAC2_D6_N Pin=J701-92
Added Pin To Net: NetName=DAC2_DCO_N Pin=J701-93
Added Pin To Net: NetName=DAC2_D4_P Pin=J701-94
Added Pin To Net: NetName=DAC2_D4_N Pin=J701-96
Added Pin To Net: NetName=DAC2_D7_P Pin=J701-97
Added Pin To Net: NetName=DAC2_D7_N Pin=J701-99
Added Pin To Net: NetName=DAC2_D2_P Pin=J701-100
Added Pin To Net: NetName=DAC2_D5_P Pin=J701-101
Added Pin To Net: NetName=DAC2_D2_N Pin=J701-102
Added Pin To Net: NetName=DAC2_D5_N Pin=J701-103
Added Pin To Net: NetName=DAC2_D0_P Pin=J701-104
Added Pin To Net: NetName=DAC2_D0_N Pin=J701-106
Added Pin To Net: NetName=DAC2_D3_P Pin=J701-107
Added Pin To Net: NetName=DAC2_D3_N Pin=J701-109
Added Pin To Net: NetName=DAC2_D1_P Pin=J701-111
Added Pin To Net: NetName=DAC2_D1_N Pin=J701-113
Added Pin To Net: NetName=DAC1_CLK_P Pin=J701-114
Added Pin To Net: NetName=DAC1_CLK_N Pin=J701-116
