Removed Pin From Net: NetName=IO5_N Pin=P1-2
Removed Pin From Net: NetName=IO5_P Pin=P1-4
Removed Pin From Net: NetName=IO4_N Pin=P1-6
Removed Pin From Net: NetName=IO4_P Pin=P1-8
Removed Pin From Net: NetName=IO6_N Pin=P1-9
Removed Pin From Net: NetName=IO3_N Pin=P1-10
Removed Pin From Net: NetName=IO6_P Pin=P1-11
Removed Pin From Net: NetName=IO3_P Pin=P1-12
Removed Pin From Net: NetName=IO1_P Pin=P1-13
Removed Pin From Net: NetName=IO2_N Pin=P1-14
Removed Pin From Net: NetName=IO1_N Pin=P1-15
Removed Pin From Net: NetName=IO2_P Pin=P1-16
Change Component DesignItemId : Designator=P1 Old DesignItemId=Header 8X2 New DesignItemId=Header 6X2
Change Component Footprint: Designator=P1 Old Footprint=HDR2X8 New Footprint=HDR2X6
Change Component Comment : Designator=P1 Old Comment=Header 8X2 New Comment=Header 6X2
Added Pin To Net: NetName=IO5_N Pin=P1-1
Added Pin To Net: NetName=IO4_N Pin=P1-2
Added Pin To Net: NetName=IO4_P Pin=P1-4
Added Pin To Net: NetName=IO6_N Pin=P1-5
Added Pin To Net: NetName=IO3_N Pin=P1-6
Added Pin To Net: NetName=IO6_P Pin=P1-7
Added Pin To Net: NetName=IO3_P Pin=P1-8
Added Pin To Net: NetName=IO1_P Pin=P1-9
Added Pin To Net: NetName=IO2_N Pin=P1-10
Added Pin To Net: NetName=IO1_N Pin=P1-11
Added Pin To Net: NetName=IO2_P Pin=P1-12
