Added Pin To Net: NetName=IO1_N Pin=J700-36
Added Net: Name=IO1_N
Added Pin To Net: NetName=IO1_P Pin=J700-34
Added Net: Name=IO1_P
Added Pin To Net: NetName=IO2_N Pin=J700-42
Added Net: Name=IO2_N
Added Pin To Net: NetName=IO2_P Pin=J700-40
Added Net: Name=IO2_P
Added Pin To Net: NetName=IO3_N Pin=J700-48
Added Net: Name=IO3_N
Added Pin To Net: NetName=IO3_P Pin=J700-46
Added Net: Name=IO3_P
Added Pin To Net: NetName=IO4_N Pin=J700-54
Added Net: Name=IO4_N
Added Pin To Net: NetName=IO4_P Pin=J700-52
Added Net: Name=IO4_P
Added Pin To Net: NetName=IO5_N Pin=J700-60
Added Net: Name=IO5_N
Added Pin To Net: NetName=IO5_P Pin=J700-58
Added Net: Name=IO5_P
Added Pin To Net: NetName=IO6_N Pin=J700-66
Added Net: Name=IO6_N
Added Pin To Net: NetName=IO6_P Pin=J700-64
Added Net: Name=IO6_P
Added Pin To Net: NetName=IO7_N Pin=J700-72
Added Net: Name=IO7_N
Added Pin To Net: NetName=IO7_P Pin=J700-70
Added Net: Name=IO7_P
Added Pin To Net: NetName=IO8_N Pin=J700-78
Added Net: Name=IO8_N
Added Pin To Net: NetName=IO8_P Pin=J700-76
Added Net: Name=IO8_P
Added Pin To Net: NetName=IO9_N Pin=J700-84
Added Net: Name=IO9_N
Added Pin To Net: NetName=IO9_P Pin=J700-82
Added Net: Name=IO9_P
Added Pin To Net: NetName=IO10_N Pin=J700-106
Added Pin To Net: NetName=IO10_N Pin=J700-114
Added Pin To Net: NetName=IO10_N Pin=J700-116
Added Pin To Net: NetName=IO10_N Pin=J700-118
Added Pin To Net: NetName=IO10_N Pin=J700-122
Added Pin To Net: NetName=IO10_N Pin=J700-124
Added Pin To Net: NetName=IO10_N Pin=J700-126
Added Pin To Net: NetName=IO10_N Pin=J700-128
Added Pin To Net: NetName=IO10_N Pin=J700-130
Added Pin To Net: NetName=IO10_N Pin=J700-132
Added Pin To Net: NetName=IO10_N Pin=J700-136
Added Pin To Net: NetName=IO10_N Pin=J700-140
Added Net: Name=IO10_N
Added Pin To Net: NetName=IO10_P Pin=J700-104
Added Net: Name=IO10_P
Added Differential Pair: Name=IO1
Added Differential Pair: Name=IO2
Added Differential Pair: Name=IO3
Added Differential Pair: Name=IO4
Added Differential Pair: Name=IO5
Added Differential Pair: Name=IO6
Added Differential Pair: Name=IO7
Added Differential Pair: Name=IO8
Added Differential Pair: Name=IO9
Added Differential Pair: Name=IO10
Added Room: Name=KX1_DB_EX_CONN
