Removed Pin From Net: NetName=AGND Pin=C111-1
Removed Pin From Net: NetName=L32_1_N Pin=C111-2
Removed Pin From Net: NetName=AGND Pin=C112-1
Removed Pin From Net: NetName=AGND Pin=C113-1
Removed Pin From Net: NetName=L32_1_P Pin=C113-2
Removed Pin From Net: NetName=AGND Pin=C114-1
Removed Pin From Net: NetName=L35_1_N Pin=C115-1
Removed Pin From Net: NetName=AGND Pin=C115-2
Removed Pin From Net: NetName=AGND Pin=C116-2
Removed Pin From Net: NetName=L35_1_P Pin=C117-1
Removed Pin From Net: NetName=AGND Pin=C117-2
Removed Pin From Net: NetName=AGND Pin=C118-2
Removed Pin From Net: NetName=AGND Pin=C119-1
Removed Pin From Net: NetName=L41P_GCLK9_1 Pin=C119-2
Removed Pin From Net: NetName=AGND Pin=C120-1
Removed Pin From Net: NetName=AGND Pin=C121-1
Removed Pin From Net: NetName=L41N_GCLK8_1 Pin=C121-2
Removed Pin From Net: NetName=AGND Pin=C122-1
Removed Pin From Net: NetName=L37_1_P Pin=C123-1
Removed Pin From Net: NetName=AGND Pin=C123-2
Removed Pin From Net: NetName=AGND Pin=C124-2
Removed Pin From Net: NetName=L37_1_N Pin=C125-1
Removed Pin From Net: NetName=AGND Pin=C125-2
Removed Pin From Net: NetName=AGND Pin=C126-2
Removed Pin From Net: NetName=AGND Pin=JP9-1
Removed Pin From Net: NetName=AGND Pin=JP9-3
Removed Pin From Net: NetName=AGND Pin=JP9-5
Removed Pin From Net: NetName=AGND Pin=JP9-7
Removed Pin From Net: NetName=AGND Pin=JP10-1
Removed Pin From Net: NetName=AGND Pin=JP10-3
Removed Pin From Net: NetName=AGND Pin=JP10-5
Removed Pin From Net: NetName=AGND Pin=JP10-7
Removed Pin From Net: NetName=AGND Pin=JP17-2
Removed Pin From Net: NetName=AGND Pin=JP18-2
Removed Pin From Net: NetName=AGND Pin=JP19-2
Removed Pin From Net: NetName=L43P_GCLK5_1 Pin=R58-2
Removed Pin From Net: NetName=L43N_GCLK4_1 Pin=R59-2
Removed Pin From Net: NetName=L19_1_N Pin=R60-2
Removed Pin From Net: NetName=L20_1_N Pin=R61-2
Removed Pin From Net: NetName=L32_1_N Pin=R62-1
Removed Pin From Net: NetName=L32_1_P Pin=R63-1
Removed Pin From Net: NetName=L35_1_N Pin=R64-1
Removed Pin From Net: NetName=L35_1_P Pin=R65-1
Removed Pin From Net: NetName=L41P_GCLK9_1 Pin=R66-1
Removed Pin From Net: NetName=L41N_GCLK8_1 Pin=R67-1
Removed Pin From Net: NetName=L37_1_P Pin=R68-1
Removed Pin From Net: NetName=L37_1_N Pin=R69-1
Removed Pin From Net: NetName=L31_1_N Pin=R70-2
Removed Pin From Net: NetName=L19_1_P Pin=R71-2
Removed Member From Class: ClassName=KX1_DB Member=C111
Removed Member From Class: ClassName=KX1_DB Member=C112
Removed Member From Class: ClassName=KX1_DB Member=C113
Removed Member From Class: ClassName=KX1_DB Member=C114
Removed Member From Class: ClassName=KX1_DB Member=C115
Removed Member From Class: ClassName=KX1_DB Member=C116
Removed Member From Class: ClassName=KX1_DB Member=C117
Removed Member From Class: ClassName=KX1_DB Member=C118
Removed Member From Class: ClassName=KX1_DB Member=C119
Removed Member From Class: ClassName=KX1_DB Member=C120
Removed Member From Class: ClassName=KX1_DB Member=C121
Removed Member From Class: ClassName=KX1_DB Member=C122
Removed Member From Class: ClassName=KX1_DB Member=C123
Removed Member From Class: ClassName=KX1_DB Member=C124
Removed Member From Class: ClassName=KX1_DB Member=C125
Removed Member From Class: ClassName=KX1_DB Member=C126
Removed Member From Class: ClassName=KX1_DB Member=JP9
Removed Member From Class: ClassName=KX1_DB Member=JP10
Removed Member From Class: ClassName=KX1_DB Member=JP17
Removed Member From Class: ClassName=KX1_DB Member=JP18
Removed Member From Class: ClassName=KX1_DB Member=JP19
Removed Member From Class: ClassName=KX1_DB Member=R58
Removed Member From Class: ClassName=KX1_DB Member=R59
Removed Member From Class: ClassName=KX1_DB Member=R60
Removed Member From Class: ClassName=KX1_DB Member=R61
Removed Member From Class: ClassName=KX1_DB Member=R62
Removed Member From Class: ClassName=KX1_DB Member=R63
Removed Member From Class: ClassName=KX1_DB Member=R64
Removed Member From Class: ClassName=KX1_DB Member=R65
Removed Member From Class: ClassName=KX1_DB Member=R66
Removed Member From Class: ClassName=KX1_DB Member=R67
Removed Member From Class: ClassName=KX1_DB Member=R68
Removed Member From Class: ClassName=KX1_DB Member=R69
Removed Member From Class: ClassName=KX1_DB Member=R70
Removed Member From Class: ClassName=KX1_DB Member=R71
