Removed Pin From Net: NetName=REFL Pin=C4-1
Removed Pin From Net: NetName=ADC_ENC_P Pin=C5-2
Removed Pin From Net: NetName=REFL Pin=C6-1
Removed Pin From Net: NetName=REFL Pin=C6-3
Removed Pin From Net: NetName=REFL Pin=C6-5
Removed Pin From Net: NetName=REFL Pin=C6-7
Removed Pin From Net: NetName=ADC_ENC_N Pin=C7-2
Removed Pin From Net: NetName=ADC_ENC_P Pin=C24-2
Removed Pin From Net: NetName=REFH Pin=C25-2
Removed Pin From Net: NetName=REFH Pin=C25-4
Removed Pin From Net: NetName=REFH Pin=C25-6
Removed Pin From Net: NetName=REFH Pin=C25-8
Removed Pin From Net: NetName=ADC_ENC_N Pin=C27-2
Removed Pin From Net: NetName=REFH Pin=C28-1
Removed Pin From Net: NetName=DAC_CLK_P Pin=C37-1
Removed Pin From Net: NetName=DAC_CLK_N Pin=C38-1
Removed Pin From Net: NetName=DAC_CLK_P Pin=C132-1
Removed Pin From Net: NetName=DAC_CLK_N Pin=C133-1
Removed Pin From Net: NetName=ETH0_A_N Pin=ETH0-1
Removed Pin From Net: NetName=ETH0_A_P Pin=ETH0-2
Removed Pin From Net: NetName=ETH0_B_N Pin=ETH0-3
Removed Pin From Net: NetName=ETH0_B_P Pin=ETH0-4
Removed Pin From Net: NetName=ETH0_C_N Pin=ETH0-5
Removed Pin From Net: NetName=ETH0_C_P Pin=ETH0-6
Removed Pin From Net: NetName=ETH0_D_N Pin=ETH0-7
Removed Pin From Net: NetName=ETH0_D_P Pin=ETH0-8
Removed Pin From Net: NetName=ETH1_A_N Pin=ETH1-1
Removed Pin From Net: NetName=ETH1_A_P Pin=ETH1-2
Removed Pin From Net: NetName=ETH1_B_N Pin=ETH1-3
Removed Pin From Net: NetName=ETH1_B_P Pin=ETH1-4
Removed Pin From Net: NetName=ETH1_C_N Pin=ETH1-5
Removed Pin From Net: NetName=ETH1_C_P Pin=ETH1-6
Removed Pin From Net: NetName=ETH1_D_N Pin=ETH1-7
Removed Pin From Net: NetName=ETH1_D_P Pin=ETH1-8
Removed Pin From Net: NetName=NetJP1_0 Pin=JP1-0
Removed Pin From Net: NetName=NetJP1_0 Pin=JP1-0
Removed Pin From Net: NetName=NetJP1_0 Pin=JP1-0
Removed Pin From Net: NetName=NetJP1_0 Pin=JP1-0
Removed Pin From Net: NetName=I2C_SCL Pin=P0-1
Removed Pin From Net: NetName=I2C_SDA Pin=P0-3
Removed Pin From Net: NetName=I2C_INT# Pin=P0-5
Removed Pin From Net: NetName=JTAG_TDI Pin=P0-7
Removed Pin From Net: NetName=JTAG_TMS Pin=P0-9
Removed Pin From Net: NetName=JTAG_TDO Pin=P0-11
Removed Pin From Net: NetName=JTAG_TCK Pin=P0-13
Removed Pin From Net: NetName=A1_OUT Pin=R50-1
Removed Pin From Net: NetName=A0_OUT Pin=R51-1
Removed Pin From Net: NetName=A1_IN Pin=R52-1
Removed Pin From Net: NetName=A0_IN Pin=R53-1
Removed Pin From Net: NetName=REFL Pin=U1-7
Removed Pin From Net: NetName=REFL Pin=U1-9
Removed Pin From Net: NetName=ADC1_CS Pin=U1-19
Removed Pin From Net: NetName=SCK Pin=U1-20
Removed Pin From Net: NetName=SDIO Pin=U1-21
Removed Pin From Net: NetName=ADC1_OUT2B_N Pin=U1-27
Removed Pin From Net: NetName=ADC1_OUT2B_P Pin=U1-28
Removed Pin From Net: NetName=ADC1_OUT2A_N Pin=U1-29
Removed Pin From Net: NetName=ADC1_OUT2A_P Pin=U1-30
Removed Pin From Net: NetName=ADC1_FR_N Pin=U1-31
Removed Pin From Net: NetName=ADC1_FR_P Pin=U1-32
Removed Pin From Net: NetName=ADC1_DCO_N Pin=U1-35
Removed Pin From Net: NetName=ADC1_DCO_P Pin=U1-36
Removed Pin From Net: NetName=ADC1_OUT1B_N Pin=U1-41
Removed Pin From Net: NetName=ADC1_OUT1B_P Pin=U1-42
Removed Pin From Net: NetName=ADC1_OUT1A_N Pin=U1-43
Removed Pin From Net: NetName=ADC1_OUT1A_P Pin=U1-44
Removed Pin From Net: NetName=SDO Pin=U1-46
Removed Pin From Net: NetName=A1_IN Pin=U2-4
Removed Pin From Net: NetName=A0_IN Pin=U2-5
Removed Pin From Net: NetName=A1_IN Pin=U4-4
Removed Pin From Net: NetName=A0_IN Pin=U4-5
Removed Pin From Net: NetName=REFH Pin=U7-6
Removed Pin From Net: NetName=REFH Pin=U7-8
Removed Pin From Net: NetName=ADC2_CS Pin=U7-19
Removed Pin From Net: NetName=SCK Pin=U7-20
Removed Pin From Net: NetName=SDIO Pin=U7-21
Removed Pin From Net: NetName=ADC2_OUT2B_N Pin=U7-27
Removed Pin From Net: NetName=ADC2_OUT2B_P Pin=U7-28
Removed Pin From Net: NetName=ADC2_OUT2A_N Pin=U7-29
Removed Pin From Net: NetName=ADC2_OUT2A_P Pin=U7-30
Removed Pin From Net: NetName=ADC2_FR_N Pin=U7-31
Removed Pin From Net: NetName=ADC2_FR_P Pin=U7-32
Removed Pin From Net: NetName=ADC2_DCO_N Pin=U7-35
Removed Pin From Net: NetName=ADC2_DCO_P Pin=U7-36
Removed Pin From Net: NetName=ADC2_OUT1B_N Pin=U7-41
Removed Pin From Net: NetName=ADC2_OUT1B_P Pin=U7-42
Removed Pin From Net: NetName=ADC2_OUT1A_N Pin=U7-43
Removed Pin From Net: NetName=ADC2_OUT1A_P Pin=U7-44
Removed Pin From Net: NetName=SDO Pin=U7-46
Removed Pin From Net: NetName=WR1_IN Pin=U8-6
Removed Pin From Net: NetName=WR2_IN Pin=U10-6
Removed Pin From Net: NetName=DAC1_D15_P Pin=U12-9
Removed Pin From Net: NetName=DAC1_D15_N Pin=U12-10
Removed Pin From Net: NetName=DAC1_D14_P Pin=U12-11
Removed Pin From Net: NetName=DAC1_D14_N Pin=U12-12
Removed Pin From Net: NetName=DAC1_D13_P Pin=U12-13
Removed Pin From Net: NetName=DAC1_D13_N Pin=U12-14
Removed Pin From Net: NetName=DAC1_D12_P Pin=U12-15
Removed Pin From Net: NetName=DAC1_D12_N Pin=U12-16
Removed Pin From Net: NetName=DAC1_D11_P Pin=U12-17
Removed Pin From Net: NetName=DAC1_D11_N Pin=U12-18
Removed Pin From Net: NetName=DAC1_D10_P Pin=U12-19
Removed Pin From Net: NetName=DAC1_D10_N Pin=U12-20
Removed Pin From Net: NetName=DAC1_D9_P Pin=U12-21
Removed Pin From Net: NetName=DAC1_D9_N Pin=U12-22
Removed Pin From Net: NetName=DAC1_D8_P Pin=U12-23
Removed Pin From Net: NetName=DAC1_D8_N Pin=U12-24
Removed Pin From Net: NetName=DAC1_DCO_P Pin=U12-25
Removed Pin From Net: NetName=DAC1_DCO_N Pin=U12-26
Removed Pin From Net: NetName=DAC1_DCI_P Pin=U12-29
Removed Pin From Net: NetName=DAC1_DCI_N Pin=U12-30
Removed Pin From Net: NetName=DAC1_D7_P Pin=U12-31
Removed Pin From Net: NetName=DAC1_D7_N Pin=U12-32
Removed Pin From Net: NetName=DAC1_D6_P Pin=U12-33
Removed Pin From Net: NetName=DAC1_D6_N Pin=U12-34
Removed Pin From Net: NetName=DAC1_D5_P Pin=U12-35
Removed Pin From Net: NetName=DAC1_D5_N Pin=U12-36
Removed Pin From Net: NetName=DAC1_D4_P Pin=U12-37
Removed Pin From Net: NetName=DAC1_D4_N Pin=U12-38
Removed Pin From Net: NetName=DAC1_D3_P Pin=U12-39
Removed Pin From Net: NetName=DAC1_D3_N Pin=U12-40
Removed Pin From Net: NetName=DAC1_D2_P Pin=U12-41
Removed Pin From Net: NetName=DAC1_D2_N Pin=U12-42
Removed Pin From Net: NetName=DAC1_D1_P Pin=U12-43
Removed Pin From Net: NetName=DAC1_D1_N Pin=U12-44
Removed Pin From Net: NetName=DAC1_D0_P Pin=U12-45
Removed Pin From Net: NetName=DAC1_D0_N Pin=U12-46
Removed Pin From Net: NetName=SDO Pin=U12-49
Removed Pin From Net: NetName=SDIO Pin=U12-50
Removed Pin From Net: NetName=DAC1_CSB Pin=U12-52
Removed Pin From Net: NetName=DAC1_RESET Pin=U12-53
Removed Pin From Net: NetName=A1_OUT Pin=U13-4
Removed Pin From Net: NetName=A0_OUT Pin=U13-5
Removed Pin From Net: NetName=A1_OUT Pin=U14-4
Removed Pin From Net: NetName=A0_OUT Pin=U14-5
Removed Pin From Net: NetName=DAC2_D15_P Pin=U21-9
Removed Pin From Net: NetName=DAC2_D15_N Pin=U21-10
Removed Pin From Net: NetName=DAC2_D14_P Pin=U21-11
Removed Pin From Net: NetName=DAC2_D14_N Pin=U21-12
Removed Pin From Net: NetName=DAC2_D13_P Pin=U21-13
Removed Pin From Net: NetName=DAC2_D13_N Pin=U21-14
Removed Pin From Net: NetName=DAC2_D12_P Pin=U21-15
Removed Pin From Net: NetName=DAC2_D12_N Pin=U21-16
Removed Pin From Net: NetName=DAC2_D11_P Pin=U21-17
Removed Pin From Net: NetName=DAC2_D11_N Pin=U21-18
Removed Pin From Net: NetName=DAC2_D10_P Pin=U21-19
Removed Pin From Net: NetName=DAC2_D10_N Pin=U21-20
Removed Pin From Net: NetName=DAC2_D9_P Pin=U21-21
Removed Pin From Net: NetName=DAC2_D9_N Pin=U21-22
Removed Pin From Net: NetName=DAC2_D8_P Pin=U21-23
Removed Pin From Net: NetName=DAC2_D8_N Pin=U21-24
Removed Pin From Net: NetName=DAC2_DCO_P Pin=U21-25
Removed Pin From Net: NetName=DAC2_DCO_N Pin=U21-26
Removed Pin From Net: NetName=DAC2_DCI_P Pin=U21-29
Removed Pin From Net: NetName=DAC2_DCI_N Pin=U21-30
Removed Pin From Net: NetName=DAC2_D7_P Pin=U21-31
Removed Pin From Net: NetName=DAC2_D7_N Pin=U21-32
Removed Pin From Net: NetName=DAC2_D6_P Pin=U21-33
Removed Pin From Net: NetName=DAC2_D6_N Pin=U21-34
Removed Pin From Net: NetName=DAC2_D5_P Pin=U21-35
Removed Pin From Net: NetName=DAC2_D5_N Pin=U21-36
Removed Pin From Net: NetName=DAC2_D4_P Pin=U21-37
Removed Pin From Net: NetName=DAC2_D4_N Pin=U21-38
Removed Pin From Net: NetName=DAC2_D3_P Pin=U21-39
Removed Pin From Net: NetName=DAC2_D3_N Pin=U21-40
Removed Pin From Net: NetName=DAC2_D2_P Pin=U21-41
Removed Pin From Net: NetName=DAC2_D2_N Pin=U21-42
Removed Pin From Net: NetName=DAC2_D1_P Pin=U21-43
Removed Pin From Net: NetName=DAC2_D1_N Pin=U21-44
Removed Pin From Net: NetName=DAC2_D0_P Pin=U21-45
Removed Pin From Net: NetName=DAC2_D0_N Pin=U21-46
Removed Pin From Net: NetName=SDO Pin=U21-49
Removed Pin From Net: NetName=SDIO Pin=U21-50
Removed Pin From Net: NetName=SCLK Pin=U21-51
Removed Pin From Net: NetName=DAC2_CSB Pin=U21-52
Removed Pin From Net: NetName=DAC2_RESET Pin=U21-53
Removed Pin From Net: NetName=WR2_OUT Pin=U22-6
Removed Pin From Net: NetName=WR1_OUT Pin=U23-6
Change Net Name : Old Net Name=NetJP1_0 New Net Name=NetR5_1
Added Pin To Net: NetName=NetR5_2 Pin=R5-2
Added Pin To Net: NetName=NetR5_2 Pin=U2-10
Added Net: Name=NetR5_2
Added Room: Name=KX1_DB_EX_CONN
