Removed Pin From Net: NetName=L65_0_P Pin=C5-2
Removed Pin From Net: NetName=L65_0_N Pin=C7-2
Removed Pin From Net: NetName=L2_0_P Pin=C37-1
Removed Pin From Net: NetName=L2_0_N Pin=C38-1
Removed Pin From Net: NetName=L42P_GCLK7_1 Pin=J11-1
Removed Pin From Net: NetName=AGND Pin=J11-2
Removed Pin From Net: NetName=AGND Pin=J11-2
Removed Pin From Net: NetName=L20_1_P Pin=J12-1
Removed Pin From Net: NetName=AGND Pin=J12-2
Removed Pin From Net: NetName=AGND Pin=J12-2
Removed Pin From Net: NetName=L31_1_P Pin=J13-1
Removed Pin From Net: NetName=AGND Pin=J13-2
Removed Pin From Net: NetName=AGND Pin=J13-2
Removed Pin From Net: NetName=L45_1_N Pin=J14-1
Removed Pin From Net: NetName=AGND Pin=J14-2
Removed Pin From Net: NetName=AGND Pin=J14-2
Removed Pin From Net: NetName=L45_1_P Pin=J15-1
Removed Pin From Net: NetName=AGND Pin=J15-2
Removed Pin From Net: NetName=AGND Pin=J15-2
Removed Pin From Net: NetName=L46_1_N Pin=J16-1
Removed Pin From Net: NetName=AGND Pin=J16-2
Removed Pin From Net: NetName=AGND Pin=J16-2
Removed Pin From Net: NetName=ADC_CS Pin=U1-19
Removed Pin From Net: NetName=ADC_SCK Pin=U1-20
Removed Pin From Net: NetName=ADC_SDI Pin=U1-21
Removed Pin From Net: NetName=L39_1_N Pin=U1-23
Removed Pin From Net: NetName=L39_1_P Pin=U1-24
Removed Pin From Net: NetName=L44_1_N Pin=U1-25
Removed Pin From Net: NetName=L44_1_P Pin=U1-26
Removed Pin From Net: NetName=L47_1_N Pin=U1-27
Removed Pin From Net: NetName=L47_1_P Pin=U1-28
Removed Pin From Net: NetName=L49_1_N Pin=U1-29
Removed Pin From Net: NetName=L49_1_P Pin=U1-30
Removed Pin From Net: NetName=L51_1_N Pin=U1-31
Removed Pin From Net: NetName=L51_1_P Pin=U1-32
Removed Pin From Net: NetName=L40_1_N Pin=U1-35
Removed Pin From Net: NetName=L40_1_P Pin=U1-36
Removed Pin From Net: NetName=L58_1_N Pin=U1-37
Removed Pin From Net: NetName=L58_1_P Pin=U1-38
Removed Pin From Net: NetName=L30_1_N Pin=U1-39
Removed Pin From Net: NetName=L30_1_P Pin=U1-40
Removed Pin From Net: NetName=L29_1_N Pin=U1-41
Removed Pin From Net: NetName=L29_1_P Pin=U1-42
Removed Pin From Net: NetName=L38_1_N Pin=U1-43
Removed Pin From Net: NetName=L38_1_P Pin=U1-44
Removed Pin From Net: NetName=ADC_SDO Pin=U1-46
Removed Pin From Net: NetName=L49_0_P Pin=U12-9
Removed Pin From Net: NetName=L49_0_N Pin=U12-10
Removed Pin From Net: NetName=L66_0_P Pin=U12-11
Removed Pin From Net: NetName=L66_0_N Pin=U12-12
Removed Pin From Net: NetName=L32_0_P Pin=U12-13
Removed Pin From Net: NetName=L32_0_N Pin=U12-14
Removed Pin From Net: NetName=L7_0_P Pin=U12-15
Removed Pin From Net: NetName=L7_0_N Pin=U12-16
Removed Pin From Net: NetName=L3_0_P Pin=U12-17
Removed Pin From Net: NetName=L3_0_N Pin=U12-18
Removed Pin From Net: NetName=L33_0_P Pin=U12-19
Removed Pin From Net: NetName=L33_0_N Pin=U12-20
Removed Pin From Net: NetName=L36_0_P Pin=U12-21
Removed Pin From Net: NetName=L36_0_N Pin=U12-22
Removed Pin From Net: NetName=L1_0_P Pin=U12-23
Removed Pin From Net: NetName=L1_0_N Pin=U12-24
Removed Pin From Net: NetName=L62_0_P Pin=U12-25
Removed Pin From Net: NetName=L62_0_N Pin=U12-26
Removed Pin From Net: NetName=L4_0_P Pin=U12-29
Removed Pin From Net: NetName=L4_0_N Pin=U12-30
Removed Pin From Net: NetName=L6_0_P Pin=U12-31
Removed Pin From Net: NetName=L6_0_N Pin=U12-32
Removed Pin From Net: NetName=L5_0_P Pin=U12-33
Removed Pin From Net: NetName=L5_0_N Pin=U12-34
Removed Pin From Net: NetName=L8_0_P Pin=U12-35
Removed Pin From Net: NetName=L8_0_N Pin=U12-36
Removed Pin From Net: NetName=L38_0_P Pin=U12-37
Removed Pin From Net: NetName=L38_0_N Pin=U12-38
Removed Pin From Net: NetName=L50_0_P Pin=U12-39
Removed Pin From Net: NetName=L50_0_N Pin=U12-40
Removed Pin From Net: NetName=L51_0_P Pin=U12-41
Removed Pin From Net: NetName=L51_0_N Pin=U12-42
Removed Pin From Net: NetName=L63_0_P Pin=U12-43
Removed Pin From Net: NetName=L63_0_N Pin=U12-44
Removed Pin From Net: NetName=L64_0_P Pin=U12-45
Removed Pin From Net: NetName=L64_0_N Pin=U12-46
Removed Pin From Net: NetName=SDO2 Pin=U12-49
Removed Pin From Net: NetName=SDIO Pin=U12-50
Removed Pin From Net: NetName=SCLK2 Pin=U12-51
Removed Pin From Net: NetName=CSB Pin=U12-52
Removed Pin From Net: NetName=RESET Pin=U12-53
Removed Member From Class: ClassName=KX1_DB Member=J11
Removed Member From Class: ClassName=KX1_DB Member=J12
Removed Member From Class: ClassName=KX1_DB Member=J13
Removed Member From Class: ClassName=KX1_DB Member=J14
Removed Member From Class: ClassName=KX1_DB Member=J15
Removed Member From Class: ClassName=KX1_DB Member=J16
Added Component: Designator=C13(0603w)
Added Component: Designator=C14(0603w)
Added Component: Designator=C15(0603w)
Added Component: Designator=C16(0603w)
Added Component: Designator=C17(0603w)
Added Component: Designator=C18(0603w)
Added Component: Designator=C19(0603w)
Added Component: Designator=C20(0603w)
Added Component: Designator=C21(0603w)
Added Component: Designator=C22(0603w)
Added Component: Designator=C23(0603w)
Added Component: Designator=C24(1206)
Added Component: Designator=C25(0805 CLL)
Added Component: Designator=C26(0603w)
Added Component: Designator=C27(1206)
Added Component: Designator=C28(0603w)
Added Component: Designator=C29(0603w)
Added Component: Designator=C30(0603w)
Added Component: Designator=C31(0603w)
Added Component: Designator=C32(0603w)
Added Component: Designator=C33(0603w)
Added Component: Designator=C34(0603w)
Added Component: Designator=C96(0603w)
Added Component: Designator=C97(0603w)
Added Component: Designator=C103(0603w)
Added Component: Designator=C127(0603w)
Added Component: Designator=C146(0603w)
Added Component: Designator=C147(0603w)
Added Component: Designator=C148(0603w)
Added Component: Designator=JP4(sma_pcb_200)
Added Component: Designator=JP5(sma_pcb_200)
Added Component: Designator=R21(0603w)
Added Component: Designator=R23(0603w)
Added Component: Designator=R24(0603w)
Added Component: Designator=R25(0603w)
Added Component: Designator=R26(0603w)
Added Component: Designator=R47(0603w)
Added Component: Designator=R87(0603w)
Added Component: Designator=R88(0603w)
Added Component: Designator=R89(0603w)
Added Component: Designator=R90(0603w)
Added Component: Designator=R91(0603w)
Added Component: Designator=R92(0603w)
Added Component: Designator=R93(0603w)
Added Component: Designator=R94(0603w)
Added Component: Designator=R95(0603w)
Added Component: Designator=R96(0603w)
Added Component: Designator=R97(0603w)
Added Component: Designator=R98(0603w)
Added Component: Designator=R99(0603w)
Added Component: Designator=R100(0603w)
Added Component: Designator=R101(0603w)
Added Component: Designator=R102(0603w)
Added Component: Designator=R103(0603w)
Added Component: Designator=R104(0603w)
Added Component: Designator=R105(0603w)
Added Component: Designator=R106(0603w)
Added Component: Designator=U7(UKG - QFN52)
Added Component: Designator=U8(MSOP10sm)
Added Component: Designator=U9(MSOP08)
Added Component: Designator=U10(MSOP10sm)
Added Component: Designator=U11(MSOP08)
Added Component: Designator=U19(TSOT-6)
Added Pin To Net: NetName=AVDD18 Pin=C14-1
Added Pin To Net: NetName=AGND Pin=C14-2
Added Pin To Net: NetName=AVDD18 Pin=C15-1
Added Pin To Net: NetName=AGND Pin=C15-2
Added Pin To Net: NetName=+5 Pin=C16-1
Added Pin To Net: NetName=AGND Pin=C16-2
Added Pin To Net: NetName=AGND Pin=C17-1
Added Pin To Net: NetName=A1_N Pin=C17-2
Added Pin To Net: NetName=A1_P Pin=C18-1
Added Pin To Net: NetName=AGND Pin=C18-2
Added Pin To Net: NetName=-12 Pin=C19-1
Added Pin To Net: NetName=AGND Pin=C19-2
Added Pin To Net: NetName=+12 Pin=C20-1
Added Pin To Net: NetName=AGND Pin=C20-2
Added Pin To Net: NetName=AGND Pin=C21-2
Added Pin To Net: NetName=- Pin=C23-1
Added Pin To Net: NetName=AGND Pin=C23-2
Added Pin To Net: NetName=- Pin=C25-1
Added Pin To Net: NetName=+ Pin=C25-2
Added Pin To Net: NetName=- Pin=C25-3
Added Pin To Net: NetName=+ Pin=C25-4
Added Pin To Net: NetName=+ Pin=C25-6
Added Pin To Net: NetName=- Pin=C25-7
Added Pin To Net: NetName=+ Pin=C28-1
Added Pin To Net: NetName=AGND Pin=C28-2
Added Pin To Net: NetName=+5 Pin=C29-1
Added Pin To Net: NetName=AGND Pin=C29-2
Added Pin To Net: NetName=AGND Pin=C30-1
Added Pin To Net: NetName=A2_N Pin=C30-2
Added Pin To Net: NetName=A2_P Pin=C31-1
Added Pin To Net: NetName=AGND Pin=C31-2
Added Pin To Net: NetName=-12 Pin=C32-1
Added Pin To Net: NetName=AGND Pin=C32-2
Added Pin To Net: NetName=+12 Pin=C33-1
Added Pin To Net: NetName=AGND Pin=C33-2
Added Pin To Net: NetName=AGND Pin=C34-2
Added Pin To Net: NetName=AGND Pin=C96-1
Added Pin To Net: NetName=OVDD18 Pin=C96-2
Added Pin To Net: NetName=AGND Pin=C103-2
Added Pin To Net: NetName=+5 Pin=C127-1
Added Pin To Net: NetName=AGND Pin=C127-2
Added Pin To Net: NetName=AGND Pin=C146-1
Added Pin To Net: NetName=+5 Pin=C146-2
Added Pin To Net: NetName=AGND Pin=C147-1
Added Pin To Net: NetName=AGND Pin=C148-2
Added Pin To Net: NetName=A1_IN Pin=R21-1
Added Pin To Net: NetName=+5 Pin=R21-2
Added Pin To Net: NetName=A0_IN Pin=R23-1
Added Pin To Net: NetName=+5 Pin=R23-2
Added Pin To Net: NetName=A1_N Pin=R47-2
Added Pin To Net: NetName=AGND Pin=R88-1
Added Pin To Net: NetName=A1_P Pin=R90-2
Added Pin To Net: NetName=AGND Pin=R91-1
Added Pin To Net: NetName=AGND Pin=R92-1
Added Pin To Net: NetName=AGND Pin=R93-1
Added Pin To Net: NetName=A2_N Pin=R98-2
Added Pin To Net: NetName=AGND Pin=R100-1
Added Pin To Net: NetName=AGND Pin=R101-1
Added Pin To Net: NetName=A2_P Pin=R102-2
Added Pin To Net: NetName=AGND Pin=R104-1
Added Pin To Net: NetName=AGND Pin=R105-1
Added Pin To Net: NetName=AGND Pin=U7-0
Added Pin To Net: NetName=AGND Pin=U7-2
Added Pin To Net: NetName=A1_P Pin=U7-3
Added Pin To Net: NetName=A1_N Pin=U7-4
Added Pin To Net: NetName=AGND Pin=U7-5
Added Pin To Net: NetName=- Pin=U7-7
Added Pin To Net: NetName=+ Pin=U7-8
Added Pin To Net: NetName=AGND Pin=U7-10
Added Pin To Net: NetName=A2_P Pin=U7-11
Added Pin To Net: NetName=A2_N Pin=U7-12
Added Pin To Net: NetName=AGND Pin=U7-13
Added Pin To Net: NetName=AVDD18 Pin=U7-15
Added Pin To Net: NetName=AVDD18 Pin=U7-16
Added Pin To Net: NetName=AGND Pin=U7-22
Added Pin To Net: NetName=AGND Pin=U7-33
Added Pin To Net: NetName=OVDD18 Pin=U7-34
Added Pin To Net: NetName=AGND Pin=U7-45
Added Pin To Net: NetName=AGND Pin=U7-47
Added Pin To Net: NetName=AGND Pin=U7-49
Added Pin To Net: NetName=AVDD18 Pin=U7-51
Added Pin To Net: NetName=AVDD18 Pin=U7-52
Added Pin To Net: NetName=AGND Pin=U8-2
Added Pin To Net: NetName=-12 Pin=U8-3
Added Pin To Net: NetName=A1_IN Pin=U8-4
Added Pin To Net: NetName=A0_IN Pin=U8-5
Added Pin To Net: NetName=WR1_IN Pin=U8-6
Added Pin To Net: NetName=+12 Pin=U8-8
Added Pin To Net: NetName=AGND Pin=U8-9
Added Pin To Net: NetName=+5 Pin=U9-3
Added Pin To Net: NetName=AGND Pin=U9-6
Added Pin To Net: NetName=AGND Pin=U10-2
Added Pin To Net: NetName=-12 Pin=U10-3
Added Pin To Net: NetName=A1_IN Pin=U10-4
Added Pin To Net: NetName=A0_IN Pin=U10-5
Added Pin To Net: NetName=WR2_IN Pin=U10-6
Added Pin To Net: NetName=+12 Pin=U10-8
Added Pin To Net: NetName=AGND Pin=U10-9
Added Pin To Net: NetName=+5 Pin=U11-3
Added Pin To Net: NetName=AGND Pin=U11-6
Added Pin To Net: NetName=AGND Pin=U19-2
Added Pin To Net: NetName=+5 Pin=U19-3
Added Pin To Net: NetName=NetC13_1 Pin=C13-1
Added Pin To Net: NetName=NetC13_1 Pin=R24-1
Added Pin To Net: NetName=NetC13_1 Pin=R26-2
Added Pin To Net: NetName=NetC13_1 Pin=U9-8
Added Net: Name=NetC13_1
Added Pin To Net: NetName=NetC13_2 Pin=C13-2
Added Pin To Net: NetName=NetC13_2 Pin=R24-2
Added Pin To Net: NetName=NetC13_2 Pin=R47-1
Added Pin To Net: NetName=NetC13_2 Pin=U9-5
Added Net: Name=NetC13_2
Added Pin To Net: NetName=NetC21_1 Pin=C21-1
Added Pin To Net: NetName=NetC21_1 Pin=U7-1
Added Pin To Net: NetName=NetC21_1 Pin=U9-2
Added Net: Name=NetC21_1
Added Pin To Net: NetName=NetC22_1 Pin=C22-1
Added Pin To Net: NetName=NetC22_1 Pin=R89-2
Added Pin To Net: NetName=NetC22_1 Pin=R94-1
Added Pin To Net: NetName=NetC22_1 Pin=U9-1
Added Net: Name=NetC22_1
Added Pin To Net: NetName=NetC22_2 Pin=C22-2
Added Pin To Net: NetName=NetC22_2 Pin=R90-1
Added Pin To Net: NetName=NetC22_2 Pin=R94-2
Added Pin To Net: NetName=NetC22_2 Pin=U9-4
Added Net: Name=NetC22_2
Added Pin To Net: NetName=NetC24_1 Pin=C24-1
Added Pin To Net: NetName=NetC24_1 Pin=U7-17
Added Net: Name=NetC24_1
Added Pin To Net: NetName=NetC25_5 Pin=C25-5
Added Pin To Net: NetName=NetC25_5 Pin=U7-9
Added Net: Name=NetC25_5
Added Pin To Net: NetName=NetC25_8 Pin=C25-8
Added Pin To Net: NetName=NetC25_8 Pin=U7-6
Added Net: Name=NetC25_8
Added Pin To Net: NetName=NetC26_1 Pin=C26-1
Added Pin To Net: NetName=NetC26_1 Pin=R95-1
Added Pin To Net: NetName=NetC26_1 Pin=R97-2
Added Pin To Net: NetName=NetC26_1 Pin=U11-8
Added Net: Name=NetC26_1
Added Pin To Net: NetName=NetC26_2 Pin=C26-2
Added Pin To Net: NetName=NetC26_2 Pin=R95-2
Added Pin To Net: NetName=NetC26_2 Pin=R98-1
Added Pin To Net: NetName=NetC26_2 Pin=U11-5
Added Net: Name=NetC26_2
Added Pin To Net: NetName=NetC27_1 Pin=C27-1
Added Pin To Net: NetName=NetC27_1 Pin=U7-18
Added Net: Name=NetC27_1
Added Pin To Net: NetName=NetC34_1 Pin=C34-1
Added Pin To Net: NetName=NetC34_1 Pin=U7-14
Added Pin To Net: NetName=NetC34_1 Pin=U11-2
Added Net: Name=NetC34_1
Added Pin To Net: NetName=NetC97_1 Pin=C97-1
Added Pin To Net: NetName=NetC97_1 Pin=R103-2
Added Pin To Net: NetName=NetC97_1 Pin=R106-1
Added Pin To Net: NetName=NetC97_1 Pin=U11-1
Added Net: Name=NetC97_1
Added Pin To Net: NetName=NetC97_2 Pin=C97-2
Added Pin To Net: NetName=NetC97_2 Pin=R102-1
Added Pin To Net: NetName=NetC97_2 Pin=R106-2
Added Pin To Net: NetName=NetC97_2 Pin=U11-4
Added Net: Name=NetC97_2
Added Pin To Net: NetName=NetC103_1 Pin=C103-1
Added Pin To Net: NetName=NetC103_1 Pin=U7-48
Added Net: Name=NetC103_1
Added Pin To Net: NetName=NetC147_2 Pin=C147-2
Added Pin To Net: NetName=NetC147_2 Pin=C148-1
Added Pin To Net: NetName=NetC147_2 Pin=U7-50
Added Pin To Net: NetName=NetC147_2 Pin=U19-4
Added Net: Name=NetC147_2
Added Pin To Net: NetName=NetJP4_0 Pin=JP4-0
Added Pin To Net: NetName=NetJP4_0 Pin=JP4-0
Added Pin To Net: NetName=NetJP4_0 Pin=JP4-0
Added Pin To Net: NetName=NetJP4_0 Pin=JP4-0
Added Pin To Net: NetName=NetJP4_0 Pin=R87-1
Added Pin To Net: NetName=NetJP4_0 Pin=R91-2
Added Pin To Net: NetName=NetJP4_0 Pin=U8-1
Added Net: Name=NetJP4_0
Added Pin To Net: NetName=NetJP4_1 Pin=JP4-1
Added Pin To Net: NetName=NetJP4_1 Pin=R87-2
Added Pin To Net: NetName=NetJP4_1 Pin=U8-10
Added Net: Name=NetJP4_1
Added Pin To Net: NetName=NetJP5_0 Pin=JP5-0
Added Pin To Net: NetName=NetJP5_0 Pin=JP5-0
Added Pin To Net: NetName=NetJP5_0 Pin=JP5-0
Added Pin To Net: NetName=NetJP5_0 Pin=JP5-0
Added Pin To Net: NetName=NetJP5_0 Pin=R99-1
Added Pin To Net: NetName=NetJP5_0 Pin=R101-2
Added Pin To Net: NetName=NetJP5_0 Pin=U10-1
Added Net: Name=NetJP5_0
Added Pin To Net: NetName=NetJP5_1 Pin=JP5-1
Added Pin To Net: NetName=NetJP5_1 Pin=R99-2
Added Pin To Net: NetName=NetJP5_1 Pin=U10-10
Added Net: Name=NetJP5_1
Added Pin To Net: NetName=NetR25_1 Pin=R25-1
Added Pin To Net: NetName=NetR25_1 Pin=U8-7
Added Net: Name=NetR25_1
Added Pin To Net: NetName=NetR25_2 Pin=R25-2
Added Pin To Net: NetName=NetR25_2 Pin=R26-1
Added Pin To Net: NetName=NetR25_2 Pin=R88-2
Added Net: Name=NetR25_2
Added Pin To Net: NetName=NetR89_1 Pin=R89-1
Added Pin To Net: NetName=NetR89_1 Pin=R92-2
Added Pin To Net: NetName=NetR89_1 Pin=R93-2
Added Net: Name=NetR89_1
Added Pin To Net: NetName=NetR96_1 Pin=R96-1
Added Pin To Net: NetName=NetR96_1 Pin=U10-7
Added Net: Name=NetR96_1
Added Pin To Net: NetName=NetR96_2 Pin=R96-2
Added Pin To Net: NetName=NetR96_2 Pin=R97-1
Added Pin To Net: NetName=NetR96_2 Pin=R100-2
Added Net: Name=NetR96_2
Added Pin To Net: NetName=NetR103_1 Pin=R103-1
Added Pin To Net: NetName=NetR103_1 Pin=R104-2
Added Pin To Net: NetName=NetR103_1 Pin=R105-2
Added Net: Name=NetR103_1
Added Class: Name=KX1_DB_ADC_2
Added Room: Name=KX1_DB_ADC_2
