Removed Pin From Net: NetName=ADC2_SDO Pin=J700-27
Removed Pin From Net: NetName=ADC2_OUT1A_P Pin=J700-31
Removed Pin From Net: NetName=ADC2_OUT1A_N Pin=J700-33
Removed Pin From Net: NetName=ADC2_OUT1B_P Pin=J700-37
Removed Pin From Net: NetName=ADC2_OUT1B_N Pin=J700-39
Removed Pin From Net: NetName=ADC2_DCO_P Pin=J700-43
Removed Pin From Net: NetName=ADC2_DCO_N Pin=J700-45
Removed Pin From Net: NetName=ADC2_FR_P Pin=J700-55
Removed Pin From Net: NetName=ADC2_FR_N Pin=J700-57
Removed Pin From Net: NetName=ADC2_OUT2A_P Pin=J700-61
Removed Pin From Net: NetName=ADC2_OUT2A_N Pin=J700-63
Removed Pin From Net: NetName=ADC2_OUT2B_P Pin=J700-67
Removed Pin From Net: NetName=ADC2_OUT2B_N Pin=J700-69
Added Pin To Net: NetName=ADC2_SDO Pin=J700-17
Added Pin To Net: NetName=ADC2_OUT1A_P Pin=J700-19
Added Pin To Net: NetName=ADC2_OUT1A_N Pin=J700-21
Added Pin To Net: NetName=AGND Pin=J700-23
Added Pin To Net: NetName=ADC2_OUT1B_P Pin=J700-25
Added Pin To Net: NetName=ADC2_OUT1B_N Pin=J700-27
Added Pin To Net: NetName=ADC2_DCO_P Pin=J700-31
Added Pin To Net: NetName=ADC2_DCO_N Pin=J700-33
Added Pin To Net: NetName=ADC2_FR_P Pin=J700-37
Added Pin To Net: NetName=ADC2_FR_N Pin=J700-39
Added Pin To Net: NetName=ADC2_OUT2A_P Pin=J700-43
Added Pin To Net: NetName=ADC2_OUT2A_N Pin=J700-45
Added Pin To Net: NetName=ADC2_OUT2B_P Pin=J700-49
Added Pin To Net: NetName=ADC2_OUT2B_N Pin=J700-51
