Removed Pin From Net: NetName=L60A_1_N Pin=C38-2
Removed Pin From Net: NetName=L60A_1_P Pin=C132-2
Removed Pin From Net: NetName=ADC1_OUT2A_P Pin=J700-91
Removed Pin From Net: NetName=ADC1_OUT2A_N Pin=J700-93
Removed Pin From Net: NetName=ADC1_OUT2B_P Pin=J700-95
Removed Pin From Net: NetName=ADC1_OUT2B_N Pin=J700-97
Removed Pin From Net: NetName=ADC1_OUT1A_P Pin=J700-101
Removed Pin From Net: NetName=ADC1_OUT1A_N Pin=J700-103
Removed Pin From Net: NetName=ADC1_OUT1B_P Pin=J700-105
Removed Pin From Net: NetName=ADC1_OUT1B_N Pin=J700-107
Removed Pin From Net: NetName=L60A_1_N Pin=R30-1
Removed Pin From Net: NetName=L60A_1_P Pin=R74-1
Removed Pin From Net: NetName=L60A_1_N Pin=U12-4
Removed Pin From Net: NetName=L60A_1_P Pin=U21-3
Added Pin To Net: NetName=AGND Pin=J700-13
Added Pin To Net: NetName=AGND Pin=J700-14
Added Pin To Net: NetName=ADC2_ENC_P Pin=J700-15
Added Pin To Net: NetName=ADC2_ENC_N Pin=J700-17
Added Pin To Net: NetName=ADC2_OUT2B_N Pin=J700-19
Added Pin To Net: NetName=AGND Pin=J700-20
Added Pin To Net: NetName=ADC2_OUT2B_P Pin=J700-21
Added Pin To Net: NetName=AGND Pin=J700-23
Added Pin To Net: NetName=ADC2_OUT2A_N Pin=J700-25
Added Pin To Net: NetName=ADC2_OUT2A_P Pin=J700-27
Added Pin To Net: NetName=ADC2_FR_N Pin=J700-31
Added Pin To Net: NetName=AGND Pin=J700-32
Added Pin To Net: NetName=ADC2_FR_P Pin=J700-33
Added Pin To Net: NetName=AGND Pin=J700-35
Added Pin To Net: NetName=AGND Pin=J700-44
Added Pin To Net: NetName=AGND Pin=J700-47
Added Pin To Net: NetName=AGND Pin=J700-56
Added Pin To Net: NetName=AGND Pin=J700-59
Added Pin To Net: NetName=AGND Pin=J700-68
Added Pin To Net: NetName=AGND Pin=J700-71
Added Pin To Net: NetName=ADC1_OUT1A_P Pin=J700-73
Added Pin To Net: NetName=ADC1_OUT1A_N Pin=J700-75
Added Pin To Net: NetName=ADC1_OUT1B_P Pin=J700-79
Added Pin To Net: NetName=AGND Pin=J700-80
Added Pin To Net: NetName=ADC1_OUT1B_N Pin=J700-81
Added Pin To Net: NetName=AGND Pin=J700-83
Added Pin To Net: NetName=ADC1_FR_N Pin=J700-91
Added Pin To Net: NetName=ADC1_FR_P Pin=J700-93
Added Pin To Net: NetName=ADC1_DCO_N Pin=J700-95
Added Pin To Net: NetName=AGND Pin=J700-96
Added Pin To Net: NetName=ADC1_DCO_P Pin=J700-97
Added Pin To Net: NetName=AGND Pin=J700-99
Added Pin To Net: NetName=ADC1_OUT2A_P Pin=J700-101
Added Pin To Net: NetName=ADC1_OUT2A_N Pin=J700-103
Added Pin To Net: NetName=ADC1_OUT2B_P Pin=J700-105
Added Pin To Net: NetName=ADC1_OUT2B_N Pin=J700-107
Added Pin To Net: NetName=AGND Pin=J700-108
Added Pin To Net: NetName=AGND Pin=J700-109
Added Pin To Net: NetName=AGND Pin=J700-120
Added Pin To Net: NetName=AGND Pin=J700-125
Added Pin To Net: NetName=AGND Pin=J700-134
Added Pin To Net: NetName=AGND Pin=J700-135
Added Pin To Net: NetName=AGND Pin=J700-138
Added Pin To Net: NetName=AGND Pin=J700-139
Added Pin To Net: NetName=AGND Pin=J700-142
Added Pin To Net: NetName=AGND Pin=J700-143
Added Pin To Net: NetName=AGND Pin=J700-166
Added Pin To Net: NetName=AGND Pin=J700-167
Change Net Name : Old Net Name=CSB New Net Name=DAC2_CSB
Change Net Name : Old Net Name=L2_0_N New Net Name=DAC2_CLK_N
Change Net Name : Old Net Name=L2_0_P New Net Name=DAC2_CLK_P
Change Net Name : Old Net Name=L60A_1_N New Net Name=NetC133_2
Change Net Name : Old Net Name=L60A_1_P New Net Name=NetC37_2
Change Net Name : Old Net Name=NETLABEL26 New Net Name=DAC1_D15_P
Change Net Name : Old Net Name=NETLABEL27 New Net Name=DAC1_D15_N
Change Net Name : Old Net Name=NETLABEL28 New Net Name=DAC1_D14_P
Change Net Name : Old Net Name=NETLABEL29 New Net Name=DAC1_D14_N
Change Net Name : Old Net Name=RESET New Net Name=DAC2_RESET
Change Net Name : Old Net Name=SCLK2 New Net Name=DAC2_SCLK
Change Net Name : Old Net Name=SDIO New Net Name=DAC2_SDIO
Change Net Name : Old Net Name=SDO2 New Net Name=DAC2_SDO
Added Pin To Net: NetName=DAC1_CLK_N Pin=C38-1
Added Pin To Net: NetName=DAC1_CLK_N Pin=J701-166
Added Net: Name=DAC1_CLK_N
Added Pin To Net: NetName=DAC1_CLK_P Pin=C37-1
Added Pin To Net: NetName=DAC1_CLK_P Pin=J701-164
Added Net: Name=DAC1_CLK_P
Added Pin To Net: NetName=DAC1_CSB Pin=U12-52
Added Net: Name=DAC1_CSB
Added Pin To Net: NetName=DAC1_D0_N Pin=U12-46
Added Net: Name=DAC1_D0_N
Added Pin To Net: NetName=DAC1_D0_P Pin=U12-45
Added Net: Name=DAC1_D0_P
Added Pin To Net: NetName=DAC1_D1_N Pin=U12-44
Added Net: Name=DAC1_D1_N
Added Pin To Net: NetName=DAC1_D1_P Pin=U12-43
Added Net: Name=DAC1_D1_P
Added Pin To Net: NetName=DAC1_D2_N Pin=U12-42
Added Net: Name=DAC1_D2_N
Added Pin To Net: NetName=DAC1_D2_P Pin=U12-41
Added Net: Name=DAC1_D2_P
Added Pin To Net: NetName=DAC1_D3_N Pin=U12-40
Added Net: Name=DAC1_D3_N
Added Pin To Net: NetName=DAC1_D3_P Pin=U12-39
Added Net: Name=DAC1_D3_P
Added Pin To Net: NetName=DAC1_D4_N Pin=U12-38
Added Net: Name=DAC1_D4_N
Added Pin To Net: NetName=DAC1_D4_P Pin=U12-37
Added Net: Name=DAC1_D4_P
Added Pin To Net: NetName=DAC1_D5_N Pin=U12-36
Added Net: Name=DAC1_D5_N
Added Pin To Net: NetName=DAC1_D5_P Pin=U12-35
Added Net: Name=DAC1_D5_P
Added Pin To Net: NetName=DAC1_D6_N Pin=U12-34
Added Net: Name=DAC1_D6_N
Added Pin To Net: NetName=DAC1_D6_P Pin=U12-33
Added Net: Name=DAC1_D6_P
Added Pin To Net: NetName=DAC1_D7_N Pin=U12-32
Added Net: Name=DAC1_D7_N
Added Pin To Net: NetName=DAC1_D7_P Pin=U12-31
Added Net: Name=DAC1_D7_P
Added Pin To Net: NetName=DAC1_D8_N Pin=U12-24
Added Net: Name=DAC1_D8_N
Added Pin To Net: NetName=DAC1_D8_P Pin=U12-23
Added Net: Name=DAC1_D8_P
Added Pin To Net: NetName=DAC1_D9_N Pin=U12-22
Added Net: Name=DAC1_D9_N
Added Pin To Net: NetName=DAC1_D9_P Pin=U12-21
Added Net: Name=DAC1_D9_P
Added Pin To Net: NetName=DAC1_D10_N Pin=U12-20
Added Net: Name=DAC1_D10_N
Added Pin To Net: NetName=DAC1_D10_P Pin=U12-19
Added Net: Name=DAC1_D10_P
Added Pin To Net: NetName=DAC1_D11_N Pin=U12-18
Added Net: Name=DAC1_D11_N
Added Pin To Net: NetName=DAC1_D11_P Pin=U12-17
Added Net: Name=DAC1_D11_P
Added Pin To Net: NetName=DAC1_D12_N Pin=U12-16
Added Net: Name=DAC1_D12_N
Added Pin To Net: NetName=DAC1_D12_P Pin=U12-15
Added Net: Name=DAC1_D12_P
Added Pin To Net: NetName=DAC1_D13_N Pin=U12-14
Added Net: Name=DAC1_D13_N
Added Pin To Net: NetName=DAC1_D13_P Pin=U12-13
Added Net: Name=DAC1_D13_P
Added Pin To Net: NetName=DAC1_DCI_N Pin=U12-30
Added Net: Name=DAC1_DCI_N
Added Pin To Net: NetName=DAC1_DCI_P Pin=U12-29
Added Net: Name=DAC1_DCI_P
Added Pin To Net: NetName=DAC1_DCO_N Pin=U12-26
Added Net: Name=DAC1_DCO_N
Added Pin To Net: NetName=DAC1_DCO_P Pin=U12-25
Added Net: Name=DAC1_DCO_P
Added Pin To Net: NetName=DAC1_RESET Pin=U12-53
Added Net: Name=DAC1_RESET
Added Pin To Net: NetName=DAC1_SCLK Pin=U12-51
Added Net: Name=DAC1_SCLK
Added Pin To Net: NetName=DAC1_SDIO Pin=U12-50
Added Net: Name=DAC1_SDIO
Added Pin To Net: NetName=DAC1_SDO Pin=U12-49
Added Net: Name=DAC1_SDO
Added Pin To Net: NetName=DAC2_D0_N Pin=U21-46
Added Net: Name=DAC2_D0_N
Added Pin To Net: NetName=DAC2_D0_P Pin=U21-45
Added Net: Name=DAC2_D0_P
Added Pin To Net: NetName=DAC2_D1_N Pin=U21-44
Added Net: Name=DAC2_D1_N
Added Pin To Net: NetName=DAC2_D1_P Pin=U21-43
Added Net: Name=DAC2_D1_P
Added Pin To Net: NetName=DAC2_D2_N Pin=U21-42
Added Net: Name=DAC2_D2_N
Added Pin To Net: NetName=DAC2_D2_P Pin=U21-41
Added Net: Name=DAC2_D2_P
Added Pin To Net: NetName=DAC2_D3_N Pin=U21-40
Added Net: Name=DAC2_D3_N
Added Pin To Net: NetName=DAC2_D3_P Pin=U21-39
Added Net: Name=DAC2_D3_P
Added Pin To Net: NetName=DAC2_D4_N Pin=U21-38
Added Net: Name=DAC2_D4_N
Added Pin To Net: NetName=DAC2_D4_P Pin=U21-37
Added Net: Name=DAC2_D4_P
Added Pin To Net: NetName=DAC2_D5_N Pin=U21-36
Added Net: Name=DAC2_D5_N
Added Pin To Net: NetName=DAC2_D5_P Pin=U21-35
Added Net: Name=DAC2_D5_P
Added Pin To Net: NetName=DAC2_D6_N Pin=U21-34
Added Net: Name=DAC2_D6_N
Added Pin To Net: NetName=DAC2_D6_P Pin=U21-33
Added Net: Name=DAC2_D6_P
Added Pin To Net: NetName=DAC2_D7_N Pin=U21-32
Added Net: Name=DAC2_D7_N
Added Pin To Net: NetName=DAC2_D7_P Pin=U21-31
Added Net: Name=DAC2_D7_P
Added Pin To Net: NetName=DAC2_D8_N Pin=U21-24
Added Net: Name=DAC2_D8_N
Added Pin To Net: NetName=DAC2_D8_P Pin=U21-23
Added Net: Name=DAC2_D8_P
Added Pin To Net: NetName=DAC2_D9_N Pin=U21-22
Added Net: Name=DAC2_D9_N
Added Pin To Net: NetName=DAC2_D9_P Pin=U21-21
Added Net: Name=DAC2_D9_P
Added Pin To Net: NetName=DAC2_D10_N Pin=U21-20
Added Net: Name=DAC2_D10_N
Added Pin To Net: NetName=DAC2_D10_P Pin=U21-19
Added Net: Name=DAC2_D10_P
Added Pin To Net: NetName=DAC2_D11_N Pin=U21-18
Added Net: Name=DAC2_D11_N
Added Pin To Net: NetName=DAC2_D11_P Pin=U21-17
Added Net: Name=DAC2_D11_P
Added Pin To Net: NetName=DAC2_D12_N Pin=U21-16
Added Net: Name=DAC2_D12_N
Added Pin To Net: NetName=DAC2_D12_P Pin=U21-15
Added Net: Name=DAC2_D12_P
Added Pin To Net: NetName=DAC2_D13_N Pin=U21-14
Added Net: Name=DAC2_D13_N
Added Pin To Net: NetName=DAC2_D13_P Pin=U21-13
Added Net: Name=DAC2_D13_P
Added Pin To Net: NetName=DAC2_D14_N Pin=U21-12
Added Net: Name=DAC2_D14_N
Added Pin To Net: NetName=DAC2_D14_P Pin=U21-11
Added Net: Name=DAC2_D14_P
Added Pin To Net: NetName=DAC2_D15_N Pin=U21-10
Added Net: Name=DAC2_D15_N
Added Pin To Net: NetName=DAC2_D15_P Pin=U21-9
Added Net: Name=DAC2_D15_P
Added Pin To Net: NetName=DAC2_DCI_N Pin=U21-30
Added Net: Name=DAC2_DCI_N
Added Pin To Net: NetName=DAC2_DCI_P Pin=U21-29
Added Net: Name=DAC2_DCI_P
Added Pin To Net: NetName=DAC2_DCO_N Pin=U21-26
Added Net: Name=DAC2_DCO_N
Added Pin To Net: NetName=DAC2_DCO_P Pin=U21-25
Added Net: Name=DAC2_DCO_P
Added Pin To Net: NetName=NetC38_2 Pin=C38-2
Added Pin To Net: NetName=NetC38_2 Pin=R30-1
Added Pin To Net: NetName=NetC38_2 Pin=U12-4
Added Net: Name=NetC38_2
Added Pin To Net: NetName=NetC132_2 Pin=C132-2
Added Pin To Net: NetName=NetC132_2 Pin=R74-1
Added Pin To Net: NetName=NetC132_2 Pin=U21-3
Added Net: Name=NetC132_2
Added Differential Pair: Name=DAC1_CLK
Added Differential Pair: Name=DAC1_D0
Added Differential Pair: Name=DAC1_D1
Added Differential Pair: Name=DAC1_D2
Added Differential Pair: Name=DAC1_D3
Added Differential Pair: Name=DAC1_D4
Added Differential Pair: Name=DAC1_D5
Added Differential Pair: Name=DAC1_D6
Added Differential Pair: Name=DAC1_D7
Added Differential Pair: Name=DAC1_D8
Added Differential Pair: Name=DAC1_D9
Added Differential Pair: Name=DAC1_D10
Added Differential Pair: Name=DAC1_D11
Added Differential Pair: Name=DAC1_D12
Added Differential Pair: Name=DAC1_D13
Added Differential Pair: Name=DAC1_D14
Added Differential Pair: Name=DAC1_D15
Added Differential Pair: Name=DAC1_DCI
Added Differential Pair: Name=DAC1_DCO
Added Differential Pair: Name=DAC2_CLK
Added Differential Pair: Name=DAC2_D0
Added Differential Pair: Name=DAC2_D1
Added Differential Pair: Name=DAC2_D2
Added Differential Pair: Name=DAC2_D3
Added Differential Pair: Name=DAC2_D4
Added Differential Pair: Name=DAC2_D5
Added Differential Pair: Name=DAC2_D6
Added Differential Pair: Name=DAC2_D7
Added Differential Pair: Name=DAC2_D8
Added Differential Pair: Name=DAC2_D9
Added Differential Pair: Name=DAC2_D10
Added Differential Pair: Name=DAC2_D11
Added Differential Pair: Name=DAC2_D12
Added Differential Pair: Name=DAC2_D13
Added Differential Pair: Name=DAC2_D14
Added Differential Pair: Name=DAC2_D15
Added Differential Pair: Name=DAC2_DCI
Added Differential Pair: Name=DAC2_DCO
