Added Component: Designator=R21(0603w)
Added Component: Designator=R23(0603w)
Added Component: Designator=R50(0603w)
Added Component: Designator=R51(0603w)
Added Component: Designator=R52(0603w)
Added Component: Designator=R53(0603w)
Added Component: Designator=R58(0603w)
Added Component: Designator=R59(0603w)
Added Component: Designator=R60(0603w)
Added Component: Designator=R61(0603w)
Added Component: Designator=R62(0603w)
Added Component: Designator=R63(0603w)
Added Component: Designator=R64(0603w)
Added Component: Designator=R65(0603w)
Added Component: Designator=R66(0603w)
Added Component: Designator=R67(0603w)
Added Component: Designator=SA1(DIP-8)
Added Component: Designator=SA2(DIP-8)
Added Component: Designator=SD1(DIP-8)
Added Component: Designator=SD2(DIP-8)
Added Pin To Net: NetName=AGND Pin=R21-1
Added Pin To Net: NetName=ADC1_1_A0 Pin=R21-2
Added Pin To Net: NetName=AGND Pin=R23-1
Added Pin To Net: NetName=ADC1_1_A1 Pin=R23-2
Added Pin To Net: NetName=AGND Pin=R50-1
Added Pin To Net: NetName=ADC1_2_A0 Pin=R50-2
Added Pin To Net: NetName=AGND Pin=R51-1
Added Pin To Net: NetName=ADC1_2_A1 Pin=R51-2
Added Pin To Net: NetName=AGND Pin=R52-1
Added Pin To Net: NetName=DAC1_1_A0 Pin=R52-2
Added Pin To Net: NetName=AGND Pin=R53-1
Added Pin To Net: NetName=DAC1_1_A1 Pin=R53-2
Added Pin To Net: NetName=AGND Pin=R58-1
Added Pin To Net: NetName=DAC1_2_A0 Pin=R58-2
Added Pin To Net: NetName=AGND Pin=R59-1
Added Pin To Net: NetName=DAC1_2_A1 Pin=R59-2
Added Pin To Net: NetName=AGND Pin=R60-1
Added Pin To Net: NetName=ADC2_1_A0 Pin=R60-2
Added Pin To Net: NetName=AGND Pin=R61-1
Added Pin To Net: NetName=ADC2_1_A1 Pin=R61-2
Added Pin To Net: NetName=AGND Pin=R62-1
Added Pin To Net: NetName=ADC2_2_A0 Pin=R62-2
Added Pin To Net: NetName=AGND Pin=R63-1
Added Pin To Net: NetName=ADC2_2_A1 Pin=R63-2
Added Pin To Net: NetName=AGND Pin=R64-1
Added Pin To Net: NetName=DAC2_1_A0 Pin=R64-2
Added Pin To Net: NetName=AGND Pin=R65-1
Added Pin To Net: NetName=DAC2_1_A1 Pin=R65-2
Added Pin To Net: NetName=AGND Pin=R66-1
Added Pin To Net: NetName=DAC2_2_A0 Pin=R66-2
Added Pin To Net: NetName=AGND Pin=R67-1
Added Pin To Net: NetName=DAC2_2_A1 Pin=R67-2
Added Pin To Net: NetName=+5 Pin=SA1-1
Added Pin To Net: NetName=+5 Pin=SA1-2
Added Pin To Net: NetName=+5 Pin=SA1-3
Added Pin To Net: NetName=+5 Pin=SA1-4
Added Pin To Net: NetName=ADC1_1_A0 Pin=SA1-5
Added Pin To Net: NetName=ADC1_1_A1 Pin=SA1-6
Added Pin To Net: NetName=ADC1_2_A0 Pin=SA1-7
Added Pin To Net: NetName=ADC1_2_A1 Pin=SA1-8
Added Pin To Net: NetName=+5 Pin=SA2-1
Added Pin To Net: NetName=+5 Pin=SA2-2
Added Pin To Net: NetName=+5 Pin=SA2-3
Added Pin To Net: NetName=+5 Pin=SA2-4
Added Pin To Net: NetName=ADC2_1_A0 Pin=SA2-5
Added Pin To Net: NetName=ADC2_1_A1 Pin=SA2-6
Added Pin To Net: NetName=ADC2_2_A0 Pin=SA2-7
Added Pin To Net: NetName=ADC2_2_A1 Pin=SA2-8
Added Pin To Net: NetName=+5 Pin=SD1-1
Added Pin To Net: NetName=+5 Pin=SD1-2
Added Pin To Net: NetName=+5 Pin=SD1-3
Added Pin To Net: NetName=+5 Pin=SD1-4
Added Pin To Net: NetName=DAC1_1_A0 Pin=SD1-5
Added Pin To Net: NetName=DAC1_1_A1 Pin=SD1-6
Added Pin To Net: NetName=DAC1_2_A0 Pin=SD1-7
Added Pin To Net: NetName=DAC1_2_A1 Pin=SD1-8
Added Pin To Net: NetName=+5 Pin=SD2-1
Added Pin To Net: NetName=+5 Pin=SD2-2
Added Pin To Net: NetName=+5 Pin=SD2-3
Added Pin To Net: NetName=+5 Pin=SD2-4
Added Pin To Net: NetName=DAC2_1_A0 Pin=SD2-5
Added Pin To Net: NetName=DAC2_1_A1 Pin=SD2-6
Added Pin To Net: NetName=DAC2_2_A0 Pin=SD2-7
Added Pin To Net: NetName=DAC2_2_A1 Pin=SD2-8
Added Member To Class: ClassName=KX1_DB_EX_CONN Member=Component R21 100k
Added Member To Class: ClassName=KX1_DB_EX_CONN Member=Component R23 100k
Added Member To Class: ClassName=KX1_DB_EX_CONN Member=Component R50 100k
Added Member To Class: ClassName=KX1_DB_EX_CONN Member=Component R51 100k
Added Member To Class: ClassName=KX1_DB_EX_CONN Member=Component R52 100k
Added Member To Class: ClassName=KX1_DB_EX_CONN Member=Component R53 100k
Added Member To Class: ClassName=KX1_DB_EX_CONN Member=Component R58 100k
Added Member To Class: ClassName=KX1_DB_EX_CONN Member=Component R59 100k
Added Member To Class: ClassName=KX1_DB_EX_CONN Member=Component R60 100k
Added Member To Class: ClassName=KX1_DB_EX_CONN Member=Component R61 100k
Added Member To Class: ClassName=KX1_DB_EX_CONN Member=Component R62 100k
Added Member To Class: ClassName=KX1_DB_EX_CONN Member=Component R63 100k
Added Member To Class: ClassName=KX1_DB_EX_CONN Member=Component R64 100k
Added Member To Class: ClassName=KX1_DB_EX_CONN Member=Component R65 100k
Added Member To Class: ClassName=KX1_DB_EX_CONN Member=Component R66 100k
Added Member To Class: ClassName=KX1_DB_EX_CONN Member=Component R67 100k
Added Member To Class: ClassName=KX1_DB_EX_CONN Member=Component SA1 SW-DIP4
Added Member To Class: ClassName=KX1_DB_EX_CONN Member=Component SA2 SW-DIP4
Added Member To Class: ClassName=KX1_DB_EX_CONN Member=Component SD1 SW-DIP4
Added Member To Class: ClassName=KX1_DB_EX_CONN Member=Component SD2 SW-DIP4
