Removed Pin From Net: NetName=+12IN Pin=L9-1
Removed Pin From Net: NetName=-12IN Pin=L11-1
Removed Pin From Net: NetName=+12IN Pin=L25-1
Removed Pin From Net: NetName=-12IN Pin=L27-1
Removed Pin From Net: NetName=+5 Pin=R21-2
Removed Pin From Net: NetName=+5 Pin=R23-2
Removed Pin From Net: NetName=DVDD33 Pin=R50-2
Removed Pin From Net: NetName=DVDD33 Pin=R51-2
Removed Pin From Net: NetName=+5 Pin=R52-2
Removed Pin From Net: NetName=+5 Pin=R53-2
Removed Pin From Net: NetName=DVDD33 Pin=R77-2
Removed Pin From Net: NetName=DVDD33 Pin=R78-2
Added Pin To Net: NetName=-12 Pin=U2-6
Added Pin To Net: NetName=-12 Pin=U4-6
Added Pin To Net: NetName=-12 Pin=U8-6
Added Pin To Net: NetName=-12 Pin=U10-6
Added Pin To Net: NetName=-12 Pin=U13-6
Added Pin To Net: NetName=-12 Pin=U14-6
Added Pin To Net: NetName=-12 Pin=U22-6
Added Pin To Net: NetName=-12 Pin=U23-6
Change Net Name : Old Net Name=+12 New Net Name=+15
Change Net Name : Old Net Name=-12 New Net Name=-15
Added Pin To Net: NetName=+15IN Pin=L9-1
Added Pin To Net: NetName=+15IN Pin=L25-1
Added Net: Name=+15IN
Added Pin To Net: NetName=-15IN Pin=L11-1
Added Pin To Net: NetName=-15IN Pin=L27-1
Added Net: Name=-15IN
Added Pin To Net: NetName=ADC1_1_A0 Pin=U2-5
Added Net: Name=ADC1_1_A0
Added Pin To Net: NetName=ADC1_1_A1 Pin=U2-4
Added Net: Name=ADC1_1_A1
Added Pin To Net: NetName=ADC1_2_A0 Pin=U4-5
Added Net: Name=ADC1_2_A0
Added Pin To Net: NetName=ADC1_2_A1 Pin=U4-4
Added Net: Name=ADC1_2_A1
Added Pin To Net: NetName=ADC2_1_A0 Pin=U8-5
Added Net: Name=ADC2_1_A0
Added Pin To Net: NetName=ADC2_1_A1 Pin=U8-4
Added Net: Name=ADC2_1_A1
Added Pin To Net: NetName=ADC2_2_A0 Pin=U10-5
Added Net: Name=ADC2_2_A0
Added Pin To Net: NetName=ADC2_2_A1 Pin=U10-4
Added Net: Name=ADC2_2_A1
Added Pin To Net: NetName=DAC1_1_A0 Pin=U13-5
Added Net: Name=DAC1_1_A0
Added Pin To Net: NetName=DAC1_1_A1 Pin=U13-4
Added Net: Name=DAC1_1_A1
Added Pin To Net: NetName=DAC1_2_A0 Pin=U14-5
Added Net: Name=DAC1_2_A0
Added Pin To Net: NetName=DAC1_2_A1 Pin=U14-4
Added Net: Name=DAC1_2_A1
Added Pin To Net: NetName=DAC2_1_A0 Pin=U22-5
Added Net: Name=DAC2_1_A0
Added Pin To Net: NetName=DAC2_1_A1 Pin=U22-4
Added Net: Name=DAC2_1_A1
Added Pin To Net: NetName=DAC2_2_A0 Pin=U23-5
Added Net: Name=DAC2_2_A0
Added Pin To Net: NetName=DAC2_2_A1 Pin=U23-4
Added Net: Name=DAC2_2_A1
Added Member To Class: ClassName=KX1_DB_EX_CONN Member=Component J701b FX10A-168P-SV(71)
Added Member To Class: ClassName=KX1_DB_EX_CONN Member=Component J800b FX10A-168P-SV(71)
Added Room: Name=KX1_DB_EX_CONN
