INFO: [VRFC 10-2263] Analyzing Verilog file "C:/Users/dschussheim/Documents/GitHub/digital-servo/PSU/Firmware/KX2/ADC_DAC_KX2/AD9783.v" into library xil_defaultlib
INFO: [VRFC 10-311] analyzing module AD9783
INFO: [VRFC 10-2458] undeclared symbol clkD, assumed default net type wire [C:/Users/dschussheim/Documents/GitHub/digital-servo/PSU/Firmware/KX2/ADC_DAC_KX2/AD9783.v:103]
INFO: [VRFC 10-2263] Analyzing Verilog file "C:/Users/dschussheim/Documents/GitHub/digital-servo/PSU/Firmware/KX2/ADC_DAC_KX2/ADC_DAC_KX2.srcs/sources_1/new/LTC2195x2delay.v" into library xil_defaultlib
INFO: [VRFC 10-311] analyzing module LTC2195x2delay
INFO: [VRFC 10-2263] Analyzing Verilog file "C:/Users/dschussheim/Documents/GitHub/digital-servo/PSU/Firmware/KX2/ADC_DAC_KX2/timescale.v" into library xil_defaultlib
INFO: [VRFC 10-2263] Analyzing Verilog file "C:/Users/dschussheim/Documents/GitHub/digital-servo/PSU/Firmware/KX2/ADC_DAC_KX2/SPI.v" into library xil_defaultlib
INFO: [VRFC 10-311] analyzing module SPI
WARNING: [VRFC 10-756] identifier TRANSFER_SIZE is used before its declaration [C:/Users/dschussheim/Documents/GitHub/digital-servo/PSU/Firmware/KX2/ADC_DAC_KX2/SPI.v:18]
WARNING: [VRFC 10-756] identifier N_SDI is used before its declaration [C:/Users/dschussheim/Documents/GitHub/digital-servo/PSU/Firmware/KX2/ADC_DAC_KX2/SPI.v:19]
WARNING: [VRFC 10-756] identifier N_SDI is used before its declaration [C:/Users/dschussheim/Documents/GitHub/digital-servo/PSU/Firmware/KX2/ADC_DAC_KX2/SPI.v:25]
INFO: [VRFC 10-2263] Analyzing Verilog file "C:/Users/dschussheim/Documents/GitHub/digital-servo/PSU/Firmware/KX2/ADC_DAC_KX2/clk_div.v" into library xil_defaultlib
INFO: [VRFC 10-311] analyzing module clk_div
INFO: [VRFC 10-2263] Analyzing Verilog file "C:/Users/dschussheim/Documents/GitHub/digital-servo/PSU/Firmware/KX2/ADC_DAC_KX2/reset.v" into library xil_defaultlib
INFO: [VRFC 10-311] analyzing module reset
INFO: [VRFC 10-2263] Analyzing Verilog file "C:/Users/dschussheim/Documents/GitHub/digital-servo/PSU/Firmware/KX2/ADC_DAC_KX2/ADC_DAC_KX2.srcs/sources_1/new/ADC_DAC_test_KX2.v" into library xil_defaultlib
INFO: [VRFC 10-311] analyzing module ADC_DAC_test_KX2
INFO: [VRFC 10-2263] Analyzing Verilog file "C:/Users/dschussheim/Documents/GitHub/digital-servo/PSU/Firmware/KX2/ADC_DAC_KX2/LTC2195x2.v" into library xil_defaultlib
INFO: [VRFC 10-311] analyzing module LTC2195x2
INFO: [VRFC 10-2263] Analyzing Verilog file "C:/Users/dschussheim/Documents/GitHub/digital-servo/PSU/Firmware/KX2/ADC_DAC_KX2/Sweep.v" into library xil_defaultlib
INFO: [VRFC 10-311] analyzing module Sweep
WARNING: [VRFC 10-756] identifier SIGNAL_OUT_SIZE is used before its declaration [C:/Users/dschussheim/Documents/GitHub/digital-servo/PSU/Firmware/KX2/ADC_DAC_KX2/Sweep.v:22]
INFO: [VRFC 10-2263] Analyzing Verilog file "C:/Users/dschussheim/Documents/GitHub/digital-servo/PSU/Firmware/KX2/ADC_DAC_KX2/ADC_DAC_KX2.sim/sim_1/behav/glbl.v" into library xil_defaultlib
INFO: [VRFC 10-311] analyzing module glbl
