Removed Pin From Net: NetName=DAC2_D15_P Pin=J700-16
Removed Pin From Net: NetName=DAC2_D15_N Pin=J700-18
Removed Pin From Net: NetName=DAC2_D14_P Pin=J700-22
Removed Pin From Net: NetName=DAC2_D14_N Pin=J700-24
Removed Pin From Net: NetName=DAC2_CSB Pin=J700-28
Removed Pin From Net: NetName=DAC2_RESET Pin=J700-30
Removed Pin From Net: NetName=IO7_P Pin=J700-70
Removed Pin From Net: NetName=IO7_N Pin=J700-72
Removed Pin From Net: NetName=IO8_P Pin=J700-76
Removed Pin From Net: NetName=IO8_N Pin=J700-78
Removed Pin From Net: NetName=ADC2_CS Pin=J700-82
Removed Pin From Net: NetName=ADC1_CS Pin=J700-90
Removed Pin From Net: NetName=DVDD18 Pin=J701-64
Removed Pin From Net: NetName=DVDD18 Pin=J701-67
Removed Pin From Net: NetName=DVDD18 Pin=J701-88
Removed Pin From Net: NetName=DVDD18 Pin=J701-95
Removed Pin From Net: NetName=DVDD18 Pin=J701-140
Added Pin To Net: NetName=ADC2_CS Pin=J700-22
Added Pin To Net: NetName=ADC1_CS Pin=J700-24
Added Pin To Net: NetName=DAC2_D15_P Pin=J700-70
Added Pin To Net: NetName=DAC2_D15_N Pin=J700-72
Added Pin To Net: NetName=DVDD25 Pin=J700-74
Added Pin To Net: NetName=DAC2_D14_P Pin=J700-76
Added Pin To Net: NetName=OVDD18 Pin=J700-77
Added Pin To Net: NetName=DAC2_D14_N Pin=J700-78
Added Pin To Net: NetName=DAC2_CSB Pin=J700-88
Added Pin To Net: NetName=DAC2_RESET Pin=J700-90
Added Pin To Net: NetName=DVDD25 Pin=J701-64
Added Pin To Net: NetName=DVDD25 Pin=J701-67
Added Pin To Net: NetName=DVDD25 Pin=J701-88
Added Pin To Net: NetName=DVDD25 Pin=J701-95
Added Pin To Net: NetName=DVDD25 Pin=J701-140
