Removed Pin From Net: NetName=AGND Pin=JA701-0
Removed Pin From Net: NetName=AGND Pin=JA701-0
Removed Pin From Net: NetName=AGND Pin=JA701-0
Removed Pin From Net: NetName=AGND Pin=JA701-0
Removed Pin From Net: NetName=AGND Pin=JA701-0
Removed Pin From Net: NetName=AGND Pin=JA701-0
Removed Pin From Net: NetName=AGND Pin=JA701-0
Removed Pin From Net: NetName=AGND Pin=JA701-0
Removed Pin From Net: NetName=AGND Pin=JA701-0
Removed Pin From Net: NetName=AGND Pin=JA701-0
Removed Pin From Net: NetName=AGND Pin=JA701-1
Removed Pin From Net: NetName=AGND Pin=JA701-2
Removed Pin From Net: NetName=SCLK/MGT_RCLK_P Pin=JA701-3
Removed Pin From Net: NetName=MGT_CLK_1_P Pin=JA701-4
Removed Pin From Net: NetName=SCLK/MGT_RCLK_N Pin=JA701-5
Removed Pin From Net: NetName=MGT_CLK_1_N Pin=JA701-6
Removed Pin From Net: NetName=IO/MGT_RCLK1_P Pin=JA701-7
Removed Pin From Net: NetName=IO/MGT_RCLK1_N Pin=JA701-9
Removed Pin From Net: NetName=MGT_CLK_2_P Pin=JA701-10
Removed Pin From Net: NetName=AGND Pin=JA701-11
Removed Pin From Net: NetName=MGT_CLK_2_N Pin=JA701-12
Removed Pin From Net: NetName=MGT_TX0_P Pin=JA701-13
Removed Pin From Net: NetName=AGND Pin=JA701-14
Removed Pin From Net: NetName=AGND Pin=JA701-15
Removed Pin From Net: NetName=MGT_RX0_P Pin=JA701-16
Removed Pin From Net: NetName=MGT_TX0_N Pin=JA701-17
Removed Pin From Net: NetName=AGND Pin=JA701-18
Removed Pin From Net: NetName=AGND Pin=JA701-19
Removed Pin From Net: NetName=MGT_RX0_N Pin=JA701-20
Removed Pin From Net: NetName=MGT_TX1_P Pin=JA701-21
Removed Pin From Net: NetName=AGND Pin=JA701-22
Removed Pin From Net: NetName=AGND Pin=JA701-23
Removed Pin From Net: NetName=MGT_RX1_P Pin=JA701-24
Removed Pin From Net: NetName=MGT_TX1_N Pin=JA701-25
Removed Pin From Net: NetName=AGND Pin=JA701-26
Removed Pin From Net: NetName=AGND Pin=JA701-27
Removed Pin From Net: NetName=MGT_RX1_N Pin=JA701-28
Removed Pin From Net: NetName=MGT_TX2_P Pin=JA701-29
Removed Pin From Net: NetName=AGND Pin=JA701-30
Removed Pin From Net: NetName=AGND Pin=JA701-31
Removed Pin From Net: NetName=MGT_RX2_P Pin=JA701-32
Removed Pin From Net: NetName=MGT_TX2_N Pin=JA701-33
Removed Pin From Net: NetName=AGND Pin=JA701-34
Removed Pin From Net: NetName=AGND Pin=JA701-35
Removed Pin From Net: NetName=MGT_RX2_N Pin=JA701-36
Removed Pin From Net: NetName=MGT_TX3_P Pin=JA701-37
Removed Pin From Net: NetName=AGND Pin=JA701-38
Removed Pin From Net: NetName=AGND Pin=JA701-39
Removed Pin From Net: NetName=MGT_RX3_P Pin=JA701-40
Removed Pin From Net: NetName=MGT_TX3_N Pin=JA701-41
Removed Pin From Net: NetName=AGND Pin=JA701-42
Removed Pin From Net: NetName=AGND Pin=JA701-43
Removed Pin From Net: NetName=MGT_RX3_N Pin=JA701-44
Removed Pin From Net: NetName=IO/TX4_P Pin=JA701-45
Removed Pin From Net: NetName=AGND Pin=JA701-46
Removed Pin From Net: NetName=IO/TX4_N Pin=JA701-47
Removed Pin From Net: NetName=IO/RX4_P Pin=JA701-48
Removed Pin From Net: NetName=AGND Pin=JA701-49
Removed Pin From Net: NetName=IO/RX4_N Pin=JA701-50
Removed Pin From Net: NetName=IO/TX5_P Pin=JA701-51
Removed Pin From Net: NetName=IO/TX5_N Pin=JA701-53
Removed Pin From Net: NetName=IO/RX5_P Pin=JA701-54
Removed Pin From Net: NetName=IO/RX5_N Pin=JA701-56
Removed Pin From Net: NetName=IO/TX6_P Pin=JA701-57
Removed Pin From Net: NetName=AGND Pin=JA701-58
Removed Pin From Net: NetName=IO/TX6_N Pin=JA701-59
Removed Pin From Net: NetName=IO/RX6_P Pin=JA701-60
Removed Pin From Net: NetName=AGND Pin=JA701-61
Removed Pin From Net: NetName=IO/RX6_N Pin=JA701-62
Removed Pin From Net: NetName=IO/TX6_P Pin=JA701-63
Removed Pin From Net: NetName=IO/TX6_N Pin=JA701-65
Removed Pin From Net: NetName=IO/RX7_P Pin=JA701-66
Removed Pin From Net: NetName=IO/RX7_N Pin=JA701-68
Removed Pin From Net: NetName=IO/TX7_P Pin=JA701-69
Removed Pin From Net: NetName=AGND Pin=JA701-70
Removed Pin From Net: NetName=IO/TX7_N Pin=JA701-71
Removed Pin From Net: NetName=DAC2_D12_P Pin=JA701-72
Removed Pin From Net: NetName=AGND Pin=JA701-73
Removed Pin From Net: NetName=DAC2_D12_N Pin=JA701-74
Removed Pin From Net: NetName=DAC2_D13_P Pin=JA701-75
Removed Pin From Net: NetName=DAC2_D13_N Pin=JA701-77
Removed Pin From Net: NetName=DAC2_D10_P Pin=JA701-78
Removed Pin From Net: NetName=DAC2_D10_N Pin=JA701-80
Removed Member From Class: ClassName=KX1_DB_EX_CONN Member=JA701
Added Component: Designator=J701b(Mercury_Baseboard_Connector)
Added Pin To Net: NetName=AGND Pin=J701b-1
Added Pin To Net: NetName=AGND Pin=J701b-2
Added Pin To Net: NetName=MGT_CLK_1_P Pin=J701b-3
Added Pin To Net: NetName=SCLK/MGT_RCLK_P Pin=J701b-4
Added Pin To Net: NetName=MGT_CLK_1_N Pin=J701b-5
Added Pin To Net: NetName=SCLK/MGT_RCLK_N Pin=J701b-6
Added Pin To Net: NetName=IO/MGT_RCLK1_P Pin=J701b-8
Added Pin To Net: NetName=MGT_CLK_2_P Pin=J701b-9
Added Pin To Net: NetName=IO/MGT_RCLK1_N Pin=J701b-10
Added Pin To Net: NetName=MGT_CLK_2_N Pin=J701b-11
Added Pin To Net: NetName=AGND Pin=J701b-12
Added Pin To Net: NetName=AGND Pin=J701b-13
Added Pin To Net: NetName=MGT_TX0_P Pin=J701b-14
Added Pin To Net: NetName=MGT_RX0_P Pin=J701b-15
Added Pin To Net: NetName=AGND Pin=J701b-16
Added Pin To Net: NetName=AGND Pin=J701b-17
Added Pin To Net: NetName=MGT_TX0_N Pin=J701b-18
Added Pin To Net: NetName=MGT_RX0_N Pin=J701b-19
Added Pin To Net: NetName=AGND Pin=J701b-20
Added Pin To Net: NetName=AGND Pin=J701b-21
Added Pin To Net: NetName=MGT_TX1_P Pin=J701b-22
Added Pin To Net: NetName=MGT_RX1_P Pin=J701b-23
Added Pin To Net: NetName=AGND Pin=J701b-24
Added Pin To Net: NetName=AGND Pin=J701b-25
Added Pin To Net: NetName=MGT_TX1_N Pin=J701b-26
Added Pin To Net: NetName=MGT_RX1_N Pin=J701b-27
Added Pin To Net: NetName=AGND Pin=J701b-28
Added Pin To Net: NetName=AGND Pin=J701b-29
Added Pin To Net: NetName=MGT_TX2_P Pin=J701b-30
Added Pin To Net: NetName=MGT_RX2_P Pin=J701b-31
Added Pin To Net: NetName=AGND Pin=J701b-32
Added Pin To Net: NetName=AGND Pin=J701b-33
Added Pin To Net: NetName=MGT_TX2_N Pin=J701b-34
Added Pin To Net: NetName=MGT_RX2_N Pin=J701b-35
Added Pin To Net: NetName=AGND Pin=J701b-36
Added Pin To Net: NetName=AGND Pin=J701b-37
Added Pin To Net: NetName=MGT_TX3_P Pin=J701b-38
Added Pin To Net: NetName=MGT_RX3_P Pin=J701b-39
Added Pin To Net: NetName=AGND Pin=J701b-40
Added Pin To Net: NetName=AGND Pin=J701b-41
Added Pin To Net: NetName=MGT_TX3_N Pin=J701b-42
Added Pin To Net: NetName=MGT_RX3_N Pin=J701b-43
Added Pin To Net: NetName=AGND Pin=J701b-44
Added Pin To Net: NetName=AGND Pin=J701b-45
Added Pin To Net: NetName=IO/TX4_P Pin=J701b-46
Added Pin To Net: NetName=IO/RX4_P Pin=J701b-47
Added Pin To Net: NetName=IO/TX4_N Pin=J701b-48
Added Pin To Net: NetName=IO/RX4_N Pin=J701b-49
Added Pin To Net: NetName=AGND Pin=J701b-50
Added Pin To Net: NetName=IO/TX5_P Pin=J701b-52
Added Pin To Net: NetName=IO/RX5_P Pin=J701b-53
Added Pin To Net: NetName=IO/TX5_N Pin=J701b-54
Added Pin To Net: NetName=IO/RX5_N Pin=J701b-55
Added Pin To Net: NetName=AGND Pin=J701b-57
Added Pin To Net: NetName=IO/TX6_P Pin=J701b-58
Added Pin To Net: NetName=IO/RX6_P Pin=J701b-59
Added Pin To Net: NetName=IO/TX6_N Pin=J701b-60
Added Pin To Net: NetName=IO/RX6_N Pin=J701b-61
Added Pin To Net: NetName=AGND Pin=J701b-62
Added Pin To Net: NetName=IO/TX6_P Pin=J701b-64
Added Pin To Net: NetName=IO/RX7_P Pin=J701b-65
Added Pin To Net: NetName=IO/TX6_N Pin=J701b-66
Added Pin To Net: NetName=AGND Pin=J701b-69
Added Pin To Net: NetName=IO/TX7_P Pin=J701b-70
Added Pin To Net: NetName=IO/TX7_N Pin=J701b-72
Added Pin To Net: NetName=DAC2_D12_N Pin=J701b-73
Added Pin To Net: NetName=AGND Pin=J701b-74
Added Pin To Net: NetName=DAC2_D13_P Pin=J701b-76
Added Pin To Net: NetName=DAC2_D10_P Pin=J701b-77
Added Pin To Net: NetName=DAC2_D13_N Pin=J701b-78
Added Pin To Net: NetName=DAC2_D10_N Pin=J701b-79
Added Pin To Net: NetName=AGND Pin=J701b-81
Added Pin To Net: NetName=DAC2_D11_P Pin=J701b-82
Added Pin To Net: NetName=DAC2_D8_P Pin=J701b-83
Added Pin To Net: NetName=DAC2_D11_N Pin=J701b-84
Added Pin To Net: NetName=AGND Pin=J701b-86
Added Pin To Net: NetName=DAC2_D9_P Pin=J701b-88
Added Pin To Net: NetName=DAC2_DCI_P Pin=J701b-89
Added Pin To Net: NetName=DAC2_D9_N Pin=J701b-90
Added Pin To Net: NetName=DAC2_DCI_N Pin=J701b-91
Added Pin To Net: NetName=DAC2_DCO_P Pin=J701b-92
Added Pin To Net: NetName=DAC2_D6_P Pin=J701b-93
Added Pin To Net: NetName=DAC2_DCO_N Pin=J701b-94
Added Pin To Net: NetName=DAC2_D6_N Pin=J701b-95
Added Pin To Net: NetName=AGND Pin=J701b-97
Added Pin To Net: NetName=DAC2_D7_P Pin=J701b-98
Added Pin To Net: NetName=DAC2_D4_P Pin=J701b-99
Added Pin To Net: NetName=DAC2_D7_N Pin=J701b-100
Added Pin To Net: NetName=DAC2_D4_N Pin=J701b-101
Added Pin To Net: NetName=DAC2_D5_P Pin=J701b-102
Added Pin To Net: NetName=DAC2_D2_P Pin=J701b-103
Added Pin To Net: NetName=DAC2_D5_N Pin=J701b-104
Added Pin To Net: NetName=DAC2_D2_N Pin=J701b-105
Added Pin To Net: NetName=AGND Pin=J701b-106
Added Pin To Net: NetName=DAC2_D3_P Pin=J701b-108
Added Pin To Net: NetName=DAC2_D0_P Pin=J701b-109
Added Pin To Net: NetName=DAC2_D3_N Pin=J701b-110
Added Pin To Net: NetName=DAC2_D0_N Pin=J701b-111
Added Pin To Net: NetName=DAC2_D1_P Pin=J701b-112
Added Pin To Net: NetName=DAC_CLK_P Pin=J701b-113
Added Pin To Net: NetName=DAC2_D1_N Pin=J701b-114
Added Pin To Net: NetName=DAC_CLK_N Pin=J701b-115
Added Pin To Net: NetName=AGND Pin=J701b-117
Added Pin To Net: NetName=DAC1_D15_P Pin=J701b-118
Added Pin To Net: NetName=DAC1_D14_P Pin=J701b-119
Added Pin To Net: NetName=DAC1_D15_N Pin=J701b-120
Added Pin To Net: NetName=DAC1_D14_N Pin=J701b-121
Added Pin To Net: NetName=AGND Pin=J701b-122
Added Pin To Net: NetName=DAC1_D12_P Pin=J701b-123
Added Pin To Net: NetName=DAC1_D13_P Pin=J701b-124
Added Pin To Net: NetName=DAC1_D12_N Pin=J701b-125
Added Pin To Net: NetName=DAC1_D13_N Pin=J701b-126
Added Pin To Net: NetName=DAC1_D10_P Pin=J701b-129
Added Pin To Net: NetName=DAC1_D11_P Pin=J701b-130
Added Pin To Net: NetName=DAC1_D10_N Pin=J701b-131
Added Pin To Net: NetName=DAC1_D11_N Pin=J701b-132
Added Pin To Net: NetName=AGND Pin=J701b-133
Added Pin To Net: NetName=DAC1_D9_P Pin=J701b-134
Added Pin To Net: NetName=DAC1_D8_P Pin=J701b-135
Added Pin To Net: NetName=DAC1_D9_N Pin=J701b-136
Added Pin To Net: NetName=DAC1_D8_N Pin=J701b-137
Added Pin To Net: NetName=AGND Pin=J701b-138
Added Pin To Net: NetName=DAC1_DCI_P Pin=J701b-141
Added Pin To Net: NetName=DAC1_DCO_P Pin=J701b-142
Added Pin To Net: NetName=DAC1_DCI_N Pin=J701b-143
Added Pin To Net: NetName=DAC1_DCO_N Pin=J701b-144
Added Pin To Net: NetName=AGND Pin=J701b-145
Added Pin To Net: NetName=DAC1_D7_P Pin=J701b-146
Added Pin To Net: NetName=DAC1_D6_P Pin=J701b-147
Added Pin To Net: NetName=DAC1_D7_N Pin=J701b-148
Added Pin To Net: NetName=DAC1_D6_N Pin=J701b-149
Added Pin To Net: NetName=AGND Pin=J701b-150
Added Pin To Net: NetName=DAC1_D5_P Pin=J701b-152
Added Pin To Net: NetName=DAC1_D4_P Pin=J701b-153
Added Pin To Net: NetName=DAC1_D5_N Pin=J701b-154
Added Pin To Net: NetName=DAC1_D4_N Pin=J701b-155
Added Pin To Net: NetName=DAC1_D3_P Pin=J701b-158
Added Pin To Net: NetName=DAC1_D2_P Pin=J701b-159
Added Pin To Net: NetName=DAC1_D3_N Pin=J701b-160
Added Pin To Net: NetName=DAC1_D2_N Pin=J701b-161
Added Pin To Net: NetName=AGND Pin=J701b-162
Added Pin To Net: NetName=DAC1_D0_P Pin=J701b-163
Added Pin To Net: NetName=DAC1_D1_P Pin=J701b-164
Added Pin To Net: NetName=DAC1_D0_N Pin=J701b-165
Added Pin To Net: NetName=DAC1_D1_N Pin=J701b-166
