Removed Pin From Net: NetName=DAC1_CLK_P Pin=J701-164
Removed Pin From Net: NetName=DAC1_CLK_N Pin=J701-166
Added Pin To Net: NetName=AGND Pin=J701-1
Added Pin To Net: NetName=AGND Pin=J701-2
Added Pin To Net: NetName=AGND Pin=J701-11
Added Pin To Net: NetName=AGND Pin=J701-14
Added Pin To Net: NetName=AGND Pin=J701-15
Added Pin To Net: NetName=AGND Pin=J701-18
Added Pin To Net: NetName=AGND Pin=J701-19
Added Pin To Net: NetName=AGND Pin=J701-22
Added Pin To Net: NetName=AGND Pin=J701-23
Added Pin To Net: NetName=AGND Pin=J701-26
Added Pin To Net: NetName=AGND Pin=J701-27
Added Pin To Net: NetName=AGND Pin=J701-30
Added Pin To Net: NetName=AGND Pin=J701-31
Added Pin To Net: NetName=AGND Pin=J701-34
Added Pin To Net: NetName=AGND Pin=J701-35
Added Pin To Net: NetName=AGND Pin=J701-38
Added Pin To Net: NetName=AGND Pin=J701-39
Added Pin To Net: NetName=AGND Pin=J701-42
Added Pin To Net: NetName=AGND Pin=J701-43
Added Pin To Net: NetName=AGND Pin=J701-46
Added Pin To Net: NetName=AGND Pin=J701-49
Added Pin To Net: NetName=AGND Pin=J701-58
Added Pin To Net: NetName=AGND Pin=J701-61
Added Pin To Net: NetName=AGND Pin=J701-70
Added Pin To Net: NetName=AGND Pin=J701-73
Added Pin To Net: NetName=AGND Pin=J701-82
Added Pin To Net: NetName=AGND Pin=J701-85
Added Pin To Net: NetName=AGND Pin=J701-98
Added Pin To Net: NetName=AGND Pin=J701-105
Added Pin To Net: NetName=AGND Pin=J701-118
Added Pin To Net: NetName=AGND Pin=J701-121
Added Pin To Net: NetName=AGND Pin=J701-134
Added Pin To Net: NetName=AGND Pin=J701-137
Added Pin To Net: NetName=AGND Pin=J701-146
Added Pin To Net: NetName=AGND Pin=J701-149
Added Pin To Net: NetName=DAC1_D1_P Pin=J701-160
Added Pin To Net: NetName=AGND Pin=J701-161
Added Pin To Net: NetName=DAC1_D1_N Pin=J701-162
Added Pin To Net: NetName=DAC1_D0_P Pin=J701-164
Added Pin To Net: NetName=DAC1_D0_N Pin=J701-166
Added Pin To Net: NetName=AGND Pin=J800-1
Added Pin To Net: NetName=AGND Pin=J800-2
Added Pin To Net: NetName=AGND Pin=J800-11
Added Pin To Net: NetName=AGND Pin=J800-14
Added Pin To Net: NetName=AGND Pin=J800-15
Added Pin To Net: NetName=AGND Pin=J800-18
Added Pin To Net: NetName=AGND Pin=J800-19
Added Pin To Net: NetName=AGND Pin=J800-22
Added Pin To Net: NetName=AGND Pin=J800-23
Added Pin To Net: NetName=AGND Pin=J800-26
Added Pin To Net: NetName=AGND Pin=J800-27
Added Pin To Net: NetName=AGND Pin=J800-30
Added Pin To Net: NetName=AGND Pin=J800-31
Added Pin To Net: NetName=AGND Pin=J800-34
Added Pin To Net: NetName=AGND Pin=J800-35
Added Pin To Net: NetName=AGND Pin=J800-38
Added Pin To Net: NetName=AGND Pin=J800-39
Added Pin To Net: NetName=AGND Pin=J800-42
Added Pin To Net: NetName=AGND Pin=J800-43
Added Pin To Net: NetName=AGND Pin=J800-46
Added Pin To Net: NetName=AGND Pin=J800-49
Added Pin To Net: NetName=AGND Pin=J800-52
Added Pin To Net: NetName=AGND Pin=J800-55
Added Pin To Net: NetName=AGND Pin=J800-58
Added Pin To Net: NetName=AGND Pin=J800-61
Added Pin To Net: NetName=AGND Pin=J800-64
Added Pin To Net: NetName=AGND Pin=J800-67
Added Pin To Net: NetName=AGND Pin=J800-70
Added Pin To Net: NetName=AGND Pin=J800-73
Added Pin To Net: NetName=AGND Pin=J800-86
Added Pin To Net: NetName=AGND Pin=J800-93
Added Pin To Net: NetName=AGND Pin=J800-106
Added Pin To Net: NetName=AGND Pin=J800-113
Added Pin To Net: NetName=AGND Pin=J800-126
Added Pin To Net: NetName=AGND Pin=J800-133
Added Pin To Net: NetName=AGND Pin=J800-146
Added Pin To Net: NetName=AGND Pin=J800-149
Added Pin To Net: NetName=AGND Pin=J800-152
Added Pin To Net: NetName=AGND Pin=J800-155
Added Pin To Net: NetName=AGND Pin=J800-168
