Removed Pin From Net: NetName=AGND Pin=C35-2
Removed Pin From Net: NetName=AGND Pin=C36-2
Removed Pin From Net: NetName=DAC_CLK_P Pin=C37-1
Removed Pin From Net: NetName=DAC_CLK_N Pin=C38-1
Removed Pin From Net: NetName=AGND Pin=C39-2
Removed Pin From Net: NetName=AGND Pin=C40-2
Removed Pin From Net: NetName=AGND Pin=C41-1
Removed Pin From Net: NetName=-12 Pin=C41-2
Removed Pin From Net: NetName=AGND Pin=C42-1
Removed Pin From Net: NetName=+12 Pin=C42-2
Removed Pin From Net: NetName=AGND Pin=C43-2
Removed Pin From Net: NetName=AGND Pin=C44-1
Removed Pin From Net: NetName=-12 Pin=C44-2
Removed Pin From Net: NetName=AGND Pin=C45-1
Removed Pin From Net: NetName=+12 Pin=C45-2
Removed Pin From Net: NetName=AGND Pin=C76-1
Removed Pin From Net: NetName=AVDD33 Pin=C76-2
Removed Pin From Net: NetName=DVDD33 Pin=C77-1
Removed Pin From Net: NetName=AGND Pin=C77-2
Removed Pin From Net: NetName=AVDD33 Pin=C78-1
Removed Pin From Net: NetName=AGND Pin=C78-2
Removed Pin From Net: NetName=AGND Pin=C79-1
Removed Pin From Net: NetName=DVDD18 Pin=C79-2
Removed Pin From Net: NetName=AGND Pin=C80-1
Removed Pin From Net: NetName=DVDD18 Pin=C80-2
Removed Pin From Net: NetName=CVDD18 Pin=C81-1
Removed Pin From Net: NetName=AGND Pin=C81-2
Removed Pin From Net: NetName=CVDD18 Pin=C82-1
Removed Pin From Net: NetName=AGND Pin=C82-2
Removed Pin From Net: NetName=CVDD18 Pin=R27-2
Removed Pin From Net: NetName=AGND Pin=R28-1
Removed Pin From Net: NetName=AGND Pin=R31-1
Removed Pin From Net: NetName=AGND Pin=R32-2
Removed Pin From Net: NetName=AGND Pin=R34-1
Removed Pin From Net: NetName=AGND Pin=R35-1
Removed Pin From Net: NetName=AGND Pin=R36-2
Removed Pin From Net: NetName=AGND Pin=R38-1
Removed Pin From Net: NetName=AGND Pin=R39-1
Removed Pin From Net: NetName=A1_OUT Pin=R50-1
Removed Pin From Net: NetName=DVDD33 Pin=R50-2
Removed Pin From Net: NetName=A0_OUT Pin=R51-1
Removed Pin From Net: NetName=DVDD33 Pin=R51-2
Removed Pin From Net: NetName=CVDD18 Pin=U12-1
Removed Pin From Net: NetName=AGND Pin=U12-2
Removed Pin From Net: NetName=AGND Pin=U12-5
Removed Pin From Net: NetName=CVDD18 Pin=U12-6
Removed Pin From Net: NetName=AGND Pin=U12-7
Removed Pin From Net: NetName=DVDD18 Pin=U12-8
Removed Pin From Net: NetName=DAC1_D15_P Pin=U12-9
Removed Pin From Net: NetName=DAC1_D15_N Pin=U12-10
Removed Pin From Net: NetName=DAC1_D14_P Pin=U12-11
Removed Pin From Net: NetName=DAC1_D14_N Pin=U12-12
Removed Pin From Net: NetName=DAC1_D13_P Pin=U12-13
Removed Pin From Net: NetName=DAC1_D13_N Pin=U12-14
Removed Pin From Net: NetName=DAC1_D12_P Pin=U12-15
Removed Pin From Net: NetName=DAC1_D12_N Pin=U12-16
Removed Pin From Net: NetName=DAC1_D11_P Pin=U12-17
Removed Pin From Net: NetName=DAC1_D11_N Pin=U12-18
Removed Pin From Net: NetName=DAC1_D10_P Pin=U12-19
Removed Pin From Net: NetName=DAC1_D10_N Pin=U12-20
Removed Pin From Net: NetName=DAC1_D9_P Pin=U12-21
Removed Pin From Net: NetName=DAC1_D9_N Pin=U12-22
Removed Pin From Net: NetName=DAC1_D8_P Pin=U12-23
Removed Pin From Net: NetName=DAC1_D8_N Pin=U12-24
Removed Pin From Net: NetName=DAC1_DCO_P Pin=U12-25
Removed Pin From Net: NetName=DAC1_DCO_N Pin=U12-26
Removed Pin From Net: NetName=DVDD33 Pin=U12-27
Removed Pin From Net: NetName=AGND Pin=U12-28
Removed Pin From Net: NetName=DAC1_DCI_P Pin=U12-29
Removed Pin From Net: NetName=DAC1_DCI_N Pin=U12-30
Removed Pin From Net: NetName=DAC1_D7_P Pin=U12-31
Removed Pin From Net: NetName=DAC1_D7_N Pin=U12-32
Removed Pin From Net: NetName=DAC1_D6_P Pin=U12-33
Removed Pin From Net: NetName=DAC1_D6_N Pin=U12-34
Removed Pin From Net: NetName=DAC1_D5_P Pin=U12-35
Removed Pin From Net: NetName=DAC1_D5_N Pin=U12-36
Removed Pin From Net: NetName=DAC1_D4_P Pin=U12-37
Removed Pin From Net: NetName=DAC1_D4_N Pin=U12-38
Removed Pin From Net: NetName=DAC1_D3_P Pin=U12-39
Removed Pin From Net: NetName=DAC1_D3_N Pin=U12-40
Removed Pin From Net: NetName=DAC1_D2_P Pin=U12-41
Removed Pin From Net: NetName=DAC1_D2_N Pin=U12-42
Removed Pin From Net: NetName=DAC1_D1_P Pin=U12-43
Removed Pin From Net: NetName=DAC1_D1_N Pin=U12-44
Removed Pin From Net: NetName=DAC1_D0_P Pin=U12-45
Removed Pin From Net: NetName=DAC1_D0_N Pin=U12-46
Removed Pin From Net: NetName=DVDD18 Pin=U12-47
Removed Pin From Net: NetName=AGND Pin=U12-48
Removed Pin From Net: NetName=SDO Pin=U12-49
Removed Pin From Net: NetName=SDIO Pin=U12-50
Removed Pin From Net: NetName=DAC1_CSB Pin=U12-52
Removed Pin From Net: NetName=DAC1_RESET Pin=U12-53
Removed Pin From Net: NetName=AVDD33 Pin=U12-56
Removed Pin From Net: NetName=AVDD33 Pin=U12-57
Removed Pin From Net: NetName=AGND Pin=U12-58
Removed Pin From Net: NetName=AGND Pin=U12-61
Removed Pin From Net: NetName=AGND Pin=U12-64
Removed Pin From Net: NetName=AGND Pin=U12-67
Removed Pin From Net: NetName=AGND Pin=U12-70
Removed Pin From Net: NetName=AVDD33 Pin=U12-71
Removed Pin From Net: NetName=AVDD33 Pin=U12-72
Removed Pin From Net: NetName=AGND Pin=U13-2
Removed Pin From Net: NetName=-12 Pin=U13-3
Removed Pin From Net: NetName=A1_OUT Pin=U13-4
Removed Pin From Net: NetName=A0_OUT Pin=U13-5
Removed Pin From Net: NetName=WR2_OUT Pin=U13-6
Removed Pin From Net: NetName=+12 Pin=U13-8
Removed Pin From Net: NetName=AGND Pin=U14-2
Removed Pin From Net: NetName=-12 Pin=U14-3
Removed Pin From Net: NetName=A1_OUT Pin=U14-4
Removed Pin From Net: NetName=A0_OUT Pin=U14-5
Removed Pin From Net: NetName=WR1_OUT Pin=U14-6
Removed Pin From Net: NetName=+12 Pin=U14-8
Added Pin To Net: NetName=SCK Pin=U21-51
Change Net Name : Old Net Name=SCK New Net Name=SCLK
