#-----------------------------------------------------------
# Vivado v2017.2 (64-bit)
# SW Build 1909853 on Thu Jun 15 18:39:09 MDT 2017
# IP Build 1909766 on Thu Jun 15 19:58:00 MDT 2017
# Start of session at: Tue Sep  5 12:09:14 2017
# Process ID: 3548
# Current directory: C:/Users/dschussheim/Documents/GitHub/digital-servo/PSU/Firmware/KX2/ADC_DAC_KX2
# Command line: vivado.exe -gui_launcher_event rodinguilauncherevent3724 C:\Users\dschussheim\Documents\GitHub\digital-servo\PSU\Firmware\KX2\ADC_DAC_KX2\ADC_DAC_KX2.xpr
# Log file: C:/Users/dschussheim/Documents/GitHub/digital-servo/PSU/Firmware/KX2/ADC_DAC_KX2/vivado.log
# Journal file: C:/Users/dschussheim/Documents/GitHub/digital-servo/PSU/Firmware/KX2/ADC_DAC_KX2\vivado.jou
#-----------------------------------------------------------
start_gui
open_project C:/Users/dschussheim/Documents/GitHub/digital-servo/PSU/Firmware/KX2/ADC_DAC_KX2/ADC_DAC_KX2.xpr
INFO: [Project 1-313] Project file moved from 'C:/Users/dschussheim/Documents/GitHub/digital-servo/M_KX1_DB/Firmware/KX2/ADC_DAC_KX2' since last save.
Scanning sources...
Finished scanning sources
INFO: [IP_Flow 19-234] Refreshing IP repositories
INFO: [IP_Flow 19-1704] No user IP repositories specified
INFO: [IP_Flow 19-2313] Loaded Vivado IP repository 'C:/Xilinx/Vivado/2017.2/data/ip'.
add_files -norecurse {C:/Users/dschussheim/Documents/GitHub/digital-servo/PSU/Firmware/KX2/ADC_DAC_KX2/LTC2195x2.v C:/Users/dschussheim/Documents/GitHub/digital-servo/PSU/Firmware/KX2/ADC_DAC_KX2/Sweep.v C:/Users/dschussheim/Documents/GitHub/digital-servo/PSU/Firmware/KX2/ADC_DAC_KX2/timescale.v C:/Users/dschussheim/Documents/GitHub/digital-servo/PSU/Firmware/KX2/ADC_DAC_KX2/clk_div.v C:/Users/dschussheim/Documents/GitHub/digital-servo/PSU/Firmware/KX2/ADC_DAC_KX2/reset.v C:/Users/dschussheim/Documents/GitHub/digital-servo/PSU/Firmware/KX2/ADC_DAC_KX2/AD9783.v C:/Users/dschussheim/Documents/GitHub/digital-servo/PSU/Firmware/KX2/ADC_DAC_KX2/SPI.v}
update_compile_order -fileset sources_1
update_compile_order -fileset sources_1
file mkdir C:/Users/dschussheim/Documents/GitHub/digital-servo/PSU/Firmware/KX2/ADC_DAC_KX2/ADC_DAC_KX2.srcs/sources_1/new
close [ open C:/Users/dschussheim/Documents/GitHub/digital-servo/PSU/Firmware/KX2/ADC_DAC_KX2/ADC_DAC_KX2.srcs/sources_1/new/ADC_DAC_test_KX2.v w ]
add_files C:/Users/dschussheim/Documents/GitHub/digital-servo/PSU/Firmware/KX2/ADC_DAC_KX2/ADC_DAC_KX2.srcs/sources_1/new/ADC_DAC_test_KX2.v
update_compile_order -fileset sources_1
set_property top ADC_DAC_test_KX2 [current_fileset]
update_compile_order -fileset sources_1
update_compile_order -fileset sources_1
update_compile_order -fileset sources_1
file mkdir C:/Users/dschussheim/Documents/GitHub/digital-servo/PSU/Firmware/KX2/ADC_DAC_KX2/ADC_DAC_KX2.srcs/constrs_1
file mkdir C:/Users/dschussheim/Documents/GitHub/digital-servo/PSU/Firmware/KX2/ADC_DAC_KX2/ADC_DAC_KX2.srcs/constrs_1/new
close [ open C:/Users/dschussheim/Documents/GitHub/digital-servo/PSU/Firmware/KX2/ADC_DAC_KX2/ADC_DAC_KX2.srcs/constrs_1/new/ADC_DAC_KX2_const.xdc w ]
add_files -fileset constrs_1 C:/Users/dschussheim/Documents/GitHub/digital-servo/PSU/Firmware/KX2/ADC_DAC_KX2/ADC_DAC_KX2.srcs/constrs_1/new/ADC_DAC_KX2_const.xdc
open_project C:/Users/dschussheim/Documents/GitHub/digital-servo/PSU/Firmware/KX1/servo_tests/servo_tests_new/servo_tests_new.xpr
INFO: [ProjectBase 1-489] The host OS only allows 260 characters in a normal path. The project is stored in a path with more than 80 characters. If you experience issues with IP, Block Designs, or files not being found, please consider moving the project to a location with a shorter path. Alternately consider using the OS subst command to map part of the path to a drive letter.
Current project path is 'C:/Users/dschussheim/Documents/GitHub/digital-servo/PSU/Firmware/KX1/servo_tests/servo_tests_new'
INFO: [Project 1-313] Project file moved from 'C:/Users/dschussheim/Documents/GitHub/digital-servo/M_KX1_DB/Firmware/servo_tests/servo_tests_new' since last save.
Scanning sources...
Finished scanning sources
INFO: [IP_Flow 19-234] Refreshing IP repositories
INFO: [IP_Flow 19-1704] No user IP repositories specified
INFO: [IP_Flow 19-2313] Loaded Vivado IP repository 'C:/Xilinx/Vivado/2017.2/data/ip'.
update_compile_order -fileset sources_1
close_project
launch_runs impl_1 -to_step write_bitstream
[Tue Sep  5 14:06:36 2017] Launched synth_1...
Run output will be captured here: C:/Users/dschussheim/Documents/GitHub/digital-servo/PSU/Firmware/KX2/ADC_DAC_KX2/ADC_DAC_KX2.runs/synth_1/runme.log
[Tue Sep  5 14:06:36 2017] Launched impl_1...
Run output will be captured here: C:/Users/dschussheim/Documents/GitHub/digital-servo/PSU/Firmware/KX2/ADC_DAC_KX2/ADC_DAC_KX2.runs/impl_1/runme.log
reset_run synth_1
launch_runs impl_1 -to_step write_bitstream
[Tue Sep  5 14:08:19 2017] Launched synth_1...
Run output will be captured here: C:/Users/dschussheim/Documents/GitHub/digital-servo/PSU/Firmware/KX2/ADC_DAC_KX2/ADC_DAC_KX2.runs/synth_1/runme.log
[Tue Sep  5 14:08:19 2017] Launched impl_1...
Run output will be captured here: C:/Users/dschussheim/Documents/GitHub/digital-servo/PSU/Firmware/KX2/ADC_DAC_KX2/ADC_DAC_KX2.runs/impl_1/runme.log
open_hw
connect_hw_server
INFO: [Labtools 27-2285] Connecting to hw_server url TCP:localhost:3121
INFO: [Labtools 27-2222] Launching hw_server...
INFO: [Labtools 27-2221] Launch Output:

****** Xilinx hw_server v2017.2
  **** Build date : Jun 15 2017-18:53:26
    ** Copyright 1986-2017 Xilinx, Inc. All Rights Reserved.


open_hw_target
INFO: [Labtoolstcl 44-466] Opening hw_target localhost:3121/xilinx_tcf/Digilent/210299A1F7C3
set_property PROGRAM.FILE {C:/Users/dschussheim/Documents/GitHub/digital-servo/PSU/Firmware/KX2/ADC_DAC_KX2/ADC_DAC_KX2.runs/impl_1/ADC_DAC_test_KX2.bit} [get_hw_devices xc7k160t_0]
current_hw_device [get_hw_devices xc7k160t_0]
refresh_hw_device -update_hw_probes false [lindex [get_hw_devices xc7k160t_0] 0]
INFO: [Labtools 27-1435] Device xc7k160t (JTAG device index = 0) is not programmed (DONE status = 0).
set_property PROBES.FILE {} [get_hw_devices xc7k160t_0]
set_property FULL_PROBES.FILE {} [get_hw_devices xc7k160t_0]
set_property PROGRAM.FILE {C:/Users/dschussheim/Documents/GitHub/digital-servo/PSU/Firmware/KX2/ADC_DAC_KX2/ADC_DAC_KX2.runs/impl_1/ADC_DAC_test_KX2.bit} [get_hw_devices xc7k160t_0]
program_hw_devices [get_hw_devices xc7k160t_0]
INFO: [Labtools 27-3164] End of startup status: HIGH
refresh_hw_device [lindex [get_hw_devices xc7k160t_0] 0]
INFO: [Labtools 27-1434] Device xc7k160t (JTAG device index = 0) is programmed with a design that has no supported debug core(s) in it.
WARNING: [Labtools 27-3361] The debug hub core was not detected.
Resolution: 
1. Make sure the clock connected to the debug hub (dbg_hub) core is a free running clock and is active.
2. Make sure the BSCAN_SWITCH_USER_MASK device property in Vivado Hardware Manager reflects the user scan chain setting in the design and refresh the device.  To determine the user scan chain setting in the design, open the implemented design and use 'get_property C_USER_SCAN_CHAIN [get_debug_cores dbg_hub]'.
For more details on setting the scan chain property, consult the Vivado Debug and Programming User Guide (UG908).
reset_run synth_1
launch_runs impl_1 -to_step write_bitstream
[Tue Sep  5 14:13:34 2017] Launched synth_1...
Run output will be captured here: C:/Users/dschussheim/Documents/GitHub/digital-servo/PSU/Firmware/KX2/ADC_DAC_KX2/ADC_DAC_KX2.runs/synth_1/runme.log
[Tue Sep  5 14:13:34 2017] Launched impl_1...
Run output will be captured here: C:/Users/dschussheim/Documents/GitHub/digital-servo/PSU/Firmware/KX2/ADC_DAC_KX2/ADC_DAC_KX2.runs/impl_1/runme.log
reset_run synth_1
launch_runs impl_1 -to_step write_bitstream
[Tue Sep  5 14:16:31 2017] Launched synth_1...
Run output will be captured here: C:/Users/dschussheim/Documents/GitHub/digital-servo/PSU/Firmware/KX2/ADC_DAC_KX2/ADC_DAC_KX2.runs/synth_1/runme.log
[Tue Sep  5 14:16:31 2017] Launched impl_1...
Run output will be captured here: C:/Users/dschussheim/Documents/GitHub/digital-servo/PSU/Firmware/KX2/ADC_DAC_KX2/ADC_DAC_KX2.runs/impl_1/runme.log
set_property PROBES.FILE {} [get_hw_devices xc7k160t_0]
set_property FULL_PROBES.FILE {} [get_hw_devices xc7k160t_0]
set_property PROGRAM.FILE {C:/Users/dschussheim/Documents/GitHub/digital-servo/PSU/Firmware/KX2/ADC_DAC_KX2/BITSTREAMS/ADC_DAC_test_KX2_ADC01.bit} [get_hw_devices xc7k160t_0]
program_hw_devices [get_hw_devices xc7k160t_0]
INFO: [Labtools 27-3164] End of startup status: HIGH
refresh_hw_device [lindex [get_hw_devices xc7k160t_0] 0]
INFO: [Labtools 27-1434] Device xc7k160t (JTAG device index = 0) is programmed with a design that has no supported debug core(s) in it.
WARNING: [Labtools 27-3361] The debug hub core was not detected.
Resolution: 
1. Make sure the clock connected to the debug hub (dbg_hub) core is a free running clock and is active.
2. Make sure the BSCAN_SWITCH_USER_MASK device property in Vivado Hardware Manager reflects the user scan chain setting in the design and refresh the device.  To determine the user scan chain setting in the design, open the implemented design and use 'get_property C_USER_SCAN_CHAIN [get_debug_cores dbg_hub]'.
For more details on setting the scan chain property, consult the Vivado Debug and Programming User Guide (UG908).
reset_run synth_1
launch_runs impl_1 -to_step write_bitstream
[Tue Sep  5 14:20:24 2017] Launched synth_1...
Run output will be captured here: C:/Users/dschussheim/Documents/GitHub/digital-servo/PSU/Firmware/KX2/ADC_DAC_KX2/ADC_DAC_KX2.runs/synth_1/runme.log
[Tue Sep  5 14:20:24 2017] Launched impl_1...
Run output will be captured here: C:/Users/dschussheim/Documents/GitHub/digital-servo/PSU/Firmware/KX2/ADC_DAC_KX2/ADC_DAC_KX2.runs/impl_1/runme.log
reset_run synth_1
launch_runs impl_1 -to_step write_bitstream
[Tue Sep  5 14:20:58 2017] Launched synth_1...
Run output will be captured here: C:/Users/dschussheim/Documents/GitHub/digital-servo/PSU/Firmware/KX2/ADC_DAC_KX2/ADC_DAC_KX2.runs/synth_1/runme.log
[Tue Sep  5 14:20:58 2017] Launched impl_1...
Run output will be captured here: C:/Users/dschussheim/Documents/GitHub/digital-servo/PSU/Firmware/KX2/ADC_DAC_KX2/ADC_DAC_KX2.runs/impl_1/runme.log
set_property PROBES.FILE {} [get_hw_devices xc7k160t_0]
set_property FULL_PROBES.FILE {} [get_hw_devices xc7k160t_0]
set_property PROGRAM.FILE {C:/Users/dschussheim/Documents/GitHub/digital-servo/PSU/Firmware/KX2/ADC_DAC_KX2/BITSTREAMS/ADC_DAC_test_KX2_ADC10.bit} [get_hw_devices xc7k160t_0]
program_hw_devices [get_hw_devices xc7k160t_0]
INFO: [Labtools 27-3164] End of startup status: HIGH
refresh_hw_device [lindex [get_hw_devices xc7k160t_0] 0]
INFO: [Labtools 27-1434] Device xc7k160t (JTAG device index = 0) is programmed with a design that has no supported debug core(s) in it.
WARNING: [Labtools 27-3361] The debug hub core was not detected.
Resolution: 
1. Make sure the clock connected to the debug hub (dbg_hub) core is a free running clock and is active.
2. Make sure the BSCAN_SWITCH_USER_MASK device property in Vivado Hardware Manager reflects the user scan chain setting in the design and refresh the device.  To determine the user scan chain setting in the design, open the implemented design and use 'get_property C_USER_SCAN_CHAIN [get_debug_cores dbg_hub]'.
For more details on setting the scan chain property, consult the Vivado Debug and Programming User Guide (UG908).
ERROR: [Labtoolstcl 44-513] HW Target shutdown. Closing target: localhost:3121/xilinx_tcf/Digilent/210299A1F7C3
INFO: [Labtoolstcl 44-466] Opening hw_target localhost:3121/xilinx_tcf/Digilent/210299A1F7C3
INFO: [Labtools 27-1434] Device xc7k160t (JTAG device index = 0) is programmed with a design that has no supported debug core(s) in it.
WARNING: [Labtools 27-3361] The debug hub core was not detected.
Resolution: 
1. Make sure the clock connected to the debug hub (dbg_hub) core is a free running clock and is active.
2. Make sure the BSCAN_SWITCH_USER_MASK device property in Vivado Hardware Manager reflects the user scan chain setting in the design and refresh the device.  To determine the user scan chain setting in the design, open the implemented design and use 'get_property C_USER_SCAN_CHAIN [get_debug_cores dbg_hub]'.
For more details on setting the scan chain property, consult the Vivado Debug and Programming User Guide (UG908).
WARNING: [Labtoolstcl 44-129] No matching hw_ila_data was found.
reset_run synth_1
launch_runs impl_1 -to_step write_bitstream
[Tue Sep  5 14:24:31 2017] Launched synth_1...
Run output will be captured here: C:/Users/dschussheim/Documents/GitHub/digital-servo/PSU/Firmware/KX2/ADC_DAC_KX2/ADC_DAC_KX2.runs/synth_1/runme.log
[Tue Sep  5 14:24:31 2017] Launched impl_1...
Run output will be captured here: C:/Users/dschussheim/Documents/GitHub/digital-servo/PSU/Firmware/KX2/ADC_DAC_KX2/ADC_DAC_KX2.runs/impl_1/runme.log
reset_run synth_1
launch_runs impl_1 -to_step write_bitstream
[Tue Sep  5 14:29:17 2017] Launched synth_1...
Run output will be captured here: C:/Users/dschussheim/Documents/GitHub/digital-servo/PSU/Firmware/KX2/ADC_DAC_KX2/ADC_DAC_KX2.runs/synth_1/runme.log
[Tue Sep  5 14:29:17 2017] Launched impl_1...
Run output will be captured here: C:/Users/dschussheim/Documents/GitHub/digital-servo/PSU/Firmware/KX2/ADC_DAC_KX2/ADC_DAC_KX2.runs/impl_1/runme.log
set_property PROBES.FILE {} [get_hw_devices xc7k160t_0]
set_property FULL_PROBES.FILE {} [get_hw_devices xc7k160t_0]
set_property PROGRAM.FILE {C:/Users/dschussheim/Documents/GitHub/digital-servo/PSU/Firmware/KX2/ADC_DAC_KX2/BITSTREAMS/ADC_DAC_test_KX2_allADC.bit} [get_hw_devices xc7k160t_0]
program_hw_devices [get_hw_devices xc7k160t_0]
INFO: [Labtools 27-3164] End of startup status: HIGH
refresh_hw_device [lindex [get_hw_devices xc7k160t_0] 0]
INFO: [Labtools 27-1434] Device xc7k160t (JTAG device index = 0) is programmed with a design that has no supported debug core(s) in it.
WARNING: [Labtools 27-3361] The debug hub core was not detected.
Resolution: 
1. Make sure the clock connected to the debug hub (dbg_hub) core is a free running clock and is active.
2. Make sure the BSCAN_SWITCH_USER_MASK device property in Vivado Hardware Manager reflects the user scan chain setting in the design and refresh the device.  To determine the user scan chain setting in the design, open the implemented design and use 'get_property C_USER_SCAN_CHAIN [get_debug_cores dbg_hub]'.
For more details on setting the scan chain property, consult the Vivado Debug and Programming User Guide (UG908).
set_property PROBES.FILE {} [get_hw_devices xc7k160t_0]
set_property FULL_PROBES.FILE {} [get_hw_devices xc7k160t_0]
set_property PROGRAM.FILE {C:/Users/dschussheim/Documents/GitHub/digital-servo/PSU/Firmware/KX2/ADC_DAC_KX2/BITSTREAMS/ADC_DAC_test_KX2_ADC11.bit} [get_hw_devices xc7k160t_0]
program_hw_devices [get_hw_devices xc7k160t_0]
INFO: [Labtools 27-3164] End of startup status: HIGH
refresh_hw_device [lindex [get_hw_devices xc7k160t_0] 0]
INFO: [Labtools 27-1434] Device xc7k160t (JTAG device index = 0) is programmed with a design that has no supported debug core(s) in it.
WARNING: [Labtools 27-3361] The debug hub core was not detected.
Resolution: 
1. Make sure the clock connected to the debug hub (dbg_hub) core is a free running clock and is active.
2. Make sure the BSCAN_SWITCH_USER_MASK device property in Vivado Hardware Manager reflects the user scan chain setting in the design and refresh the device.  To determine the user scan chain setting in the design, open the implemented design and use 'get_property C_USER_SCAN_CHAIN [get_debug_cores dbg_hub]'.
For more details on setting the scan chain property, consult the Vivado Debug and Programming User Guide (UG908).
set_property PROBES.FILE {} [get_hw_devices xc7k160t_0]
set_property FULL_PROBES.FILE {} [get_hw_devices xc7k160t_0]
set_property PROGRAM.FILE {C:/Users/dschussheim/Documents/GitHub/digital-servo/PSU/Firmware/KX2/ADC_DAC_KX2/BITSTREAMS/ADC_DAC_test_KX2_ADC11.bit} [get_hw_devices xc7k160t_0]
program_hw_devices [get_hw_devices xc7k160t_0]
INFO: [Labtools 27-3164] End of startup status: HIGH
refresh_hw_device [lindex [get_hw_devices xc7k160t_0] 0]
INFO: [Labtools 27-1434] Device xc7k160t (JTAG device index = 0) is programmed with a design that has no supported debug core(s) in it.
WARNING: [Labtools 27-3361] The debug hub core was not detected.
Resolution: 
1. Make sure the clock connected to the debug hub (dbg_hub) core is a free running clock and is active.
2. Make sure the BSCAN_SWITCH_USER_MASK device property in Vivado Hardware Manager reflects the user scan chain setting in the design and refresh the device.  To determine the user scan chain setting in the design, open the implemented design and use 'get_property C_USER_SCAN_CHAIN [get_debug_cores dbg_hub]'.
For more details on setting the scan chain property, consult the Vivado Debug and Programming User Guide (UG908).
ERROR: [Labtoolstcl 44-513] HW Target shutdown. Closing target: localhost:3121/xilinx_tcf/Digilent/210299A1F7C3
INFO: [Labtoolstcl 44-466] Opening hw_target localhost:3121/xilinx_tcf/Digilent/210299A1F7C3
INFO: [Labtools 27-1435] Device xc7k160t (JTAG device index = 0) is not programmed (DONE status = 0).
WARNING: [Labtoolstcl 44-129] No matching hw_ila_data was found.
set_property PROBES.FILE {} [get_hw_devices xc7k160t_0]
set_property FULL_PROBES.FILE {} [get_hw_devices xc7k160t_0]
set_property PROGRAM.FILE {C:/Users/dschussheim/Documents/GitHub/digital-servo/PSU/Firmware/KX2/ADC_DAC_KX2/BITSTREAMS/ADC_DAC_test_KX2_ADC11.bit} [get_hw_devices xc7k160t_0]
program_hw_devices [get_hw_devices xc7k160t_0]
INFO: [Labtools 27-3164] End of startup status: HIGH
refresh_hw_device [lindex [get_hw_devices xc7k160t_0] 0]
INFO: [Labtools 27-1434] Device xc7k160t (JTAG device index = 0) is programmed with a design that has no supported debug core(s) in it.
WARNING: [Labtools 27-3361] The debug hub core was not detected.
Resolution: 
1. Make sure the clock connected to the debug hub (dbg_hub) core is a free running clock and is active.
2. Make sure the BSCAN_SWITCH_USER_MASK device property in Vivado Hardware Manager reflects the user scan chain setting in the design and refresh the device.  To determine the user scan chain setting in the design, open the implemented design and use 'get_property C_USER_SCAN_CHAIN [get_debug_cores dbg_hub]'.
For more details on setting the scan chain property, consult the Vivado Debug and Programming User Guide (UG908).
set_property PROBES.FILE {} [get_hw_devices xc7k160t_0]
set_property FULL_PROBES.FILE {} [get_hw_devices xc7k160t_0]
set_property PROGRAM.FILE {C:/Users/dschussheim/Documents/GitHub/digital-servo/PSU/Firmware/KX2/ADC_DAC_KX2/BITSTREAMS/ADC_DAC_test_KX2_ADC10.bit} [get_hw_devices xc7k160t_0]
program_hw_devices [get_hw_devices xc7k160t_0]
INFO: [Labtools 27-3164] End of startup status: HIGH
refresh_hw_device [lindex [get_hw_devices xc7k160t_0] 0]
INFO: [Labtools 27-1434] Device xc7k160t (JTAG device index = 0) is programmed with a design that has no supported debug core(s) in it.
WARNING: [Labtools 27-3361] The debug hub core was not detected.
Resolution: 
1. Make sure the clock connected to the debug hub (dbg_hub) core is a free running clock and is active.
2. Make sure the BSCAN_SWITCH_USER_MASK device property in Vivado Hardware Manager reflects the user scan chain setting in the design and refresh the device.  To determine the user scan chain setting in the design, open the implemented design and use 'get_property C_USER_SCAN_CHAIN [get_debug_cores dbg_hub]'.
For more details on setting the scan chain property, consult the Vivado Debug and Programming User Guide (UG908).
ERROR: [Labtoolstcl 44-513] HW Target shutdown. Closing target: localhost:3121/xilinx_tcf/Digilent/210299A1F7C3
INFO: [Labtoolstcl 44-466] Opening hw_target localhost:3121/xilinx_tcf/Digilent/210299A1F7C3
INFO: [Labtools 27-1435] Device xc7k160t (JTAG device index = 0) is not programmed (DONE status = 0).
WARNING: [Labtoolstcl 44-129] No matching hw_ila_data was found.
set_property PROBES.FILE {} [get_hw_devices xc7k160t_0]
set_property FULL_PROBES.FILE {} [get_hw_devices xc7k160t_0]
set_property PROGRAM.FILE {C:/Users/dschussheim/Documents/GitHub/digital-servo/PSU/Firmware/KX2/ADC_DAC_KX2/BITSTREAMS/ADC_DAC_test_KX2_ADC10.bit} [get_hw_devices xc7k160t_0]
program_hw_devices [get_hw_devices xc7k160t_0]
INFO: [Labtools 27-3164] End of startup status: HIGH
refresh_hw_device [lindex [get_hw_devices xc7k160t_0] 0]
INFO: [Labtools 27-1434] Device xc7k160t (JTAG device index = 0) is programmed with a design that has no supported debug core(s) in it.
WARNING: [Labtools 27-3361] The debug hub core was not detected.
Resolution: 
1. Make sure the clock connected to the debug hub (dbg_hub) core is a free running clock and is active.
2. Make sure the BSCAN_SWITCH_USER_MASK device property in Vivado Hardware Manager reflects the user scan chain setting in the design and refresh the device.  To determine the user scan chain setting in the design, open the implemented design and use 'get_property C_USER_SCAN_CHAIN [get_debug_cores dbg_hub]'.
For more details on setting the scan chain property, consult the Vivado Debug and Programming User Guide (UG908).
set_property PROBES.FILE {} [get_hw_devices xc7k160t_0]
set_property FULL_PROBES.FILE {} [get_hw_devices xc7k160t_0]
set_property PROGRAM.FILE {C:/Users/dschussheim/Documents/GitHub/digital-servo/PSU/Firmware/KX2/ADC_DAC_KX2/BITSTREAMS/ADC_DAC_test_KX2_ADC01.bit} [get_hw_devices xc7k160t_0]
program_hw_devices [get_hw_devices xc7k160t_0]
INFO: [Labtools 27-3164] End of startup status: HIGH
refresh_hw_device [lindex [get_hw_devices xc7k160t_0] 0]
INFO: [Labtools 27-1434] Device xc7k160t (JTAG device index = 0) is programmed with a design that has no supported debug core(s) in it.
WARNING: [Labtools 27-3361] The debug hub core was not detected.
Resolution: 
1. Make sure the clock connected to the debug hub (dbg_hub) core is a free running clock and is active.
2. Make sure the BSCAN_SWITCH_USER_MASK device property in Vivado Hardware Manager reflects the user scan chain setting in the design and refresh the device.  To determine the user scan chain setting in the design, open the implemented design and use 'get_property C_USER_SCAN_CHAIN [get_debug_cores dbg_hub]'.
For more details on setting the scan chain property, consult the Vivado Debug and Programming User Guide (UG908).
set_property PROBES.FILE {} [get_hw_devices xc7k160t_0]
set_property FULL_PROBES.FILE {} [get_hw_devices xc7k160t_0]
set_property PROGRAM.FILE {C:/Users/dschussheim/Documents/GitHub/digital-servo/PSU/Firmware/KX2/ADC_DAC_KX2/BITSTREAMS/ADC_DAC_test_KX2_ADC11.bit} [get_hw_devices xc7k160t_0]
program_hw_devices [get_hw_devices xc7k160t_0]
INFO: [Labtools 27-3164] End of startup status: HIGH
refresh_hw_device [lindex [get_hw_devices xc7k160t_0] 0]
INFO: [Labtools 27-1434] Device xc7k160t (JTAG device index = 0) is programmed with a design that has no supported debug core(s) in it.
WARNING: [Labtools 27-3361] The debug hub core was not detected.
Resolution: 
1. Make sure the clock connected to the debug hub (dbg_hub) core is a free running clock and is active.
2. Make sure the BSCAN_SWITCH_USER_MASK device property in Vivado Hardware Manager reflects the user scan chain setting in the design and refresh the device.  To determine the user scan chain setting in the design, open the implemented design and use 'get_property C_USER_SCAN_CHAIN [get_debug_cores dbg_hub]'.
For more details on setting the scan chain property, consult the Vivado Debug and Programming User Guide (UG908).
set_property PROBES.FILE {} [get_hw_devices xc7k160t_0]
set_property FULL_PROBES.FILE {} [get_hw_devices xc7k160t_0]
set_property PROGRAM.FILE {C:/Users/dschussheim/Documents/GitHub/digital-servo/PSU/Firmware/KX2/ADC_DAC_KX2/BITSTREAMS/ADC_DAC_test_KX2_allADC.bit} [get_hw_devices xc7k160t_0]
program_hw_devices [get_hw_devices xc7k160t_0]
INFO: [Labtools 27-3164] End of startup status: HIGH
refresh_hw_device [lindex [get_hw_devices xc7k160t_0] 0]
INFO: [Labtools 27-1434] Device xc7k160t (JTAG device index = 0) is programmed with a design that has no supported debug core(s) in it.
WARNING: [Labtools 27-3361] The debug hub core was not detected.
Resolution: 
1. Make sure the clock connected to the debug hub (dbg_hub) core is a free running clock and is active.
2. Make sure the BSCAN_SWITCH_USER_MASK device property in Vivado Hardware Manager reflects the user scan chain setting in the design and refresh the device.  To determine the user scan chain setting in the design, open the implemented design and use 'get_property C_USER_SCAN_CHAIN [get_debug_cores dbg_hub]'.
For more details on setting the scan chain property, consult the Vivado Debug and Programming User Guide (UG908).
reset_run synth_1
launch_runs impl_1 -to_step write_bitstream
[Tue Sep  5 14:38:02 2017] Launched synth_1...
Run output will be captured here: C:/Users/dschussheim/Documents/GitHub/digital-servo/PSU/Firmware/KX2/ADC_DAC_KX2/ADC_DAC_KX2.runs/synth_1/runme.log
[Tue Sep  5 14:38:02 2017] Launched impl_1...
Run output will be captured here: C:/Users/dschussheim/Documents/GitHub/digital-servo/PSU/Firmware/KX2/ADC_DAC_KX2/ADC_DAC_KX2.runs/impl_1/runme.log
ERROR: [Labtoolstcl 44-513] HW Target shutdown. Closing target: localhost:3121/xilinx_tcf/Digilent/210299A1F7C3
INFO: [Labtoolstcl 44-466] Opening hw_target localhost:3121/xilinx_tcf/Digilent/210299A1F7C3
INFO: [Labtools 27-1435] Device xc7k160t (JTAG device index = 0) is not programmed (DONE status = 0).
WARNING: [Labtoolstcl 44-129] No matching hw_ila_data was found.
set_property PROBES.FILE {} [get_hw_devices xc7k160t_0]
set_property FULL_PROBES.FILE {} [get_hw_devices xc7k160t_0]
set_property PROGRAM.FILE {C:/Users/dschussheim/Documents/GitHub/digital-servo/PSU/Firmware/KX2/ADC_DAC_KX2/BITSTREAMS/ADC_DAC_test_KX2_allADC.bit} [get_hw_devices xc7k160t_0]
program_hw_devices [get_hw_devices xc7k160t_0]
INFO: [Labtools 27-3164] End of startup status: HIGH
refresh_hw_device [lindex [get_hw_devices xc7k160t_0] 0]
INFO: [Labtools 27-1434] Device xc7k160t (JTAG device index = 0) is programmed with a design that has no supported debug core(s) in it.
WARNING: [Labtools 27-3361] The debug hub core was not detected.
Resolution: 
1. Make sure the clock connected to the debug hub (dbg_hub) core is a free running clock and is active.
2. Make sure the BSCAN_SWITCH_USER_MASK device property in Vivado Hardware Manager reflects the user scan chain setting in the design and refresh the device.  To determine the user scan chain setting in the design, open the implemented design and use 'get_property C_USER_SCAN_CHAIN [get_debug_cores dbg_hub]'.
For more details on setting the scan chain property, consult the Vivado Debug and Programming User Guide (UG908).
ERROR: [Labtoolstcl 44-513] HW Target shutdown. Closing target: localhost:3121/xilinx_tcf/Digilent/210299A1F7C3
INFO: [Labtoolstcl 44-466] Opening hw_target localhost:3121/xilinx_tcf/Digilent/210299A1F7C3
INFO: [Labtools 27-1435] Device xc7k160t (JTAG device index = 0) is not programmed (DONE status = 0).
WARNING: [Labtoolstcl 44-129] No matching hw_ila_data was found.
reset_run synth_1
launch_runs impl_1 -to_step write_bitstream
[Tue Sep  5 17:20:33 2017] Launched synth_1...
Run output will be captured here: C:/Users/dschussheim/Documents/GitHub/digital-servo/PSU/Firmware/KX2/ADC_DAC_KX2/ADC_DAC_KX2.runs/synth_1/runme.log
[Tue Sep  5 17:20:33 2017] Launched impl_1...
Run output will be captured here: C:/Users/dschussheim/Documents/GitHub/digital-servo/PSU/Firmware/KX2/ADC_DAC_KX2/ADC_DAC_KX2.runs/impl_1/runme.log
set_property PROBES.FILE {} [get_hw_devices xc7k160t_0]
set_property FULL_PROBES.FILE {} [get_hw_devices xc7k160t_0]
set_property PROGRAM.FILE {C:/Users/dschussheim/Documents/GitHub/digital-servo/PSU/Firmware/KX2/ADC_DAC_KX2/BITSTREAMS/ADC_DAC_test_KX2_ADC01.bit} [get_hw_devices xc7k160t_0]
program_hw_devices [get_hw_devices xc7k160t_0]
INFO: [Labtools 27-3164] End of startup status: HIGH
refresh_hw_device [lindex [get_hw_devices xc7k160t_0] 0]
INFO: [Labtools 27-1434] Device xc7k160t (JTAG device index = 0) is programmed with a design that has no supported debug core(s) in it.
WARNING: [Labtools 27-3361] The debug hub core was not detected.
Resolution: 
1. Make sure the clock connected to the debug hub (dbg_hub) core is a free running clock and is active.
2. Make sure the BSCAN_SWITCH_USER_MASK device property in Vivado Hardware Manager reflects the user scan chain setting in the design and refresh the device.  To determine the user scan chain setting in the design, open the implemented design and use 'get_property C_USER_SCAN_CHAIN [get_debug_cores dbg_hub]'.
For more details on setting the scan chain property, consult the Vivado Debug and Programming User Guide (UG908).
reset_run impl_1 -prev_step 
launch_runs impl_1 -to_step write_bitstream
[Tue Sep  5 17:25:11 2017] Launched impl_1...
Run output will be captured here: C:/Users/dschussheim/Documents/GitHub/digital-servo/PSU/Firmware/KX2/ADC_DAC_KX2/ADC_DAC_KX2.runs/impl_1/runme.log
reset_run synth_1
launch_runs impl_1 -to_step write_bitstream
[Tue Sep  5 17:26:11 2017] Launched synth_1...
Run output will be captured here: C:/Users/dschussheim/Documents/GitHub/digital-servo/PSU/Firmware/KX2/ADC_DAC_KX2/ADC_DAC_KX2.runs/synth_1/runme.log
[Tue Sep  5 17:26:11 2017] Launched impl_1...
Run output will be captured here: C:/Users/dschussheim/Documents/GitHub/digital-servo/PSU/Firmware/KX2/ADC_DAC_KX2/ADC_DAC_KX2.runs/impl_1/runme.log
set_property PROBES.FILE {} [get_hw_devices xc7k160t_0]
set_property FULL_PROBES.FILE {} [get_hw_devices xc7k160t_0]
set_property PROGRAM.FILE {C:/Users/dschussheim/Documents/GitHub/digital-servo/PSU/Firmware/KX2/ADC_DAC_KX2/BITSTREAMS/ADC_DAC_test_KX2_ADC00.bit} [get_hw_devices xc7k160t_0]
program_hw_devices [get_hw_devices xc7k160t_0]
INFO: [Labtools 27-3164] End of startup status: HIGH
refresh_hw_device [lindex [get_hw_devices xc7k160t_0] 0]
INFO: [Labtools 27-1434] Device xc7k160t (JTAG device index = 0) is programmed with a design that has no supported debug core(s) in it.
WARNING: [Labtools 27-3361] The debug hub core was not detected.
Resolution: 
1. Make sure the clock connected to the debug hub (dbg_hub) core is a free running clock and is active.
2. Make sure the BSCAN_SWITCH_USER_MASK device property in Vivado Hardware Manager reflects the user scan chain setting in the design and refresh the device.  To determine the user scan chain setting in the design, open the implemented design and use 'get_property C_USER_SCAN_CHAIN [get_debug_cores dbg_hub]'.
For more details on setting the scan chain property, consult the Vivado Debug and Programming User Guide (UG908).
reset_run synth_1
launch_runs impl_1 -to_step write_bitstream
[Tue Sep  5 17:43:36 2017] Launched synth_1...
Run output will be captured here: C:/Users/dschussheim/Documents/GitHub/digital-servo/PSU/Firmware/KX2/ADC_DAC_KX2/ADC_DAC_KX2.runs/synth_1/runme.log
[Tue Sep  5 17:43:36 2017] Launched impl_1...
Run output will be captured here: C:/Users/dschussheim/Documents/GitHub/digital-servo/PSU/Firmware/KX2/ADC_DAC_KX2/ADC_DAC_KX2.runs/impl_1/runme.log
reset_run synth_1
launch_runs impl_1 -to_step write_bitstream
[Tue Sep  5 17:46:04 2017] Launched synth_1...
Run output will be captured here: C:/Users/dschussheim/Documents/GitHub/digital-servo/PSU/Firmware/KX2/ADC_DAC_KX2/ADC_DAC_KX2.runs/synth_1/runme.log
[Tue Sep  5 17:46:04 2017] Launched impl_1...
Run output will be captured here: C:/Users/dschussheim/Documents/GitHub/digital-servo/PSU/Firmware/KX2/ADC_DAC_KX2/ADC_DAC_KX2.runs/impl_1/runme.log
reset_run synth_1
launch_runs impl_1 -to_step write_bitstream
[Tue Sep  5 17:49:10 2017] Launched synth_1...
Run output will be captured here: C:/Users/dschussheim/Documents/GitHub/digital-servo/PSU/Firmware/KX2/ADC_DAC_KX2/ADC_DAC_KX2.runs/synth_1/runme.log
[Tue Sep  5 17:49:10 2017] Launched impl_1...
Run output will be captured here: C:/Users/dschussheim/Documents/GitHub/digital-servo/PSU/Firmware/KX2/ADC_DAC_KX2/ADC_DAC_KX2.runs/impl_1/runme.log
set_property PROBES.FILE {} [get_hw_devices xc7k160t_0]
set_property FULL_PROBES.FILE {} [get_hw_devices xc7k160t_0]
set_property PROGRAM.FILE {C:/Users/dschussheim/Documents/GitHub/digital-servo/PSU/Firmware/KX2/ADC_DAC_KX2/ADC_DAC_KX2.runs/impl_1/ADC_DAC_test_KX2.bit} [get_hw_devices xc7k160t_0]
program_hw_devices [get_hw_devices xc7k160t_0]
INFO: [Labtools 27-3164] End of startup status: HIGH
refresh_hw_device [lindex [get_hw_devices xc7k160t_0] 0]
INFO: [Labtools 27-1434] Device xc7k160t (JTAG device index = 0) is programmed with a design that has no supported debug core(s) in it.
WARNING: [Labtools 27-3361] The debug hub core was not detected.
Resolution: 
1. Make sure the clock connected to the debug hub (dbg_hub) core is a free running clock and is active.
2. Make sure the BSCAN_SWITCH_USER_MASK device property in Vivado Hardware Manager reflects the user scan chain setting in the design and refresh the device.  To determine the user scan chain setting in the design, open the implemented design and use 'get_property C_USER_SCAN_CHAIN [get_debug_cores dbg_hub]'.
For more details on setting the scan chain property, consult the Vivado Debug and Programming User Guide (UG908).
reset_run synth_1
launch_runs impl_1 -to_step write_bitstream
[Tue Sep  5 17:55:54 2017] Launched synth_1...
Run output will be captured here: C:/Users/dschussheim/Documents/GitHub/digital-servo/PSU/Firmware/KX2/ADC_DAC_KX2/ADC_DAC_KX2.runs/synth_1/runme.log
[Tue Sep  5 17:55:54 2017] Launched impl_1...
Run output will be captured here: C:/Users/dschussheim/Documents/GitHub/digital-servo/PSU/Firmware/KX2/ADC_DAC_KX2/ADC_DAC_KX2.runs/impl_1/runme.log
set_property PROBES.FILE {} [get_hw_devices xc7k160t_0]
set_property FULL_PROBES.FILE {} [get_hw_devices xc7k160t_0]
set_property PROGRAM.FILE {C:/Users/dschussheim/Documents/GitHub/digital-servo/PSU/Firmware/KX2/ADC_DAC_KX2/ADC_DAC_KX2.runs/impl_1/ADC_DAC_test_KX2.bit} [get_hw_devices xc7k160t_0]
program_hw_devices [get_hw_devices xc7k160t_0]
INFO: [Labtools 27-3164] End of startup status: HIGH
refresh_hw_device [lindex [get_hw_devices xc7k160t_0] 0]
INFO: [Labtools 27-1434] Device xc7k160t (JTAG device index = 0) is programmed with a design that has no supported debug core(s) in it.
WARNING: [Labtools 27-3361] The debug hub core was not detected.
Resolution: 
1. Make sure the clock connected to the debug hub (dbg_hub) core is a free running clock and is active.
2. Make sure the BSCAN_SWITCH_USER_MASK device property in Vivado Hardware Manager reflects the user scan chain setting in the design and refresh the device.  To determine the user scan chain setting in the design, open the implemented design and use 'get_property C_USER_SCAN_CHAIN [get_debug_cores dbg_hub]'.
For more details on setting the scan chain property, consult the Vivado Debug and Programming User Guide (UG908).
reset_run synth_1
launch_runs impl_1 -to_step write_bitstream
[Tue Sep  5 17:58:15 2017] Launched synth_1...
Run output will be captured here: C:/Users/dschussheim/Documents/GitHub/digital-servo/PSU/Firmware/KX2/ADC_DAC_KX2/ADC_DAC_KX2.runs/synth_1/runme.log
[Tue Sep  5 17:58:15 2017] Launched impl_1...
Run output will be captured here: C:/Users/dschussheim/Documents/GitHub/digital-servo/PSU/Firmware/KX2/ADC_DAC_KX2/ADC_DAC_KX2.runs/impl_1/runme.log
set_property PROBES.FILE {} [get_hw_devices xc7k160t_0]
set_property FULL_PROBES.FILE {} [get_hw_devices xc7k160t_0]
set_property PROGRAM.FILE {C:/Users/dschussheim/Documents/GitHub/digital-servo/PSU/Firmware/KX2/ADC_DAC_KX2/ADC_DAC_KX2.runs/impl_1/ADC_DAC_test_KX2.bit} [get_hw_devices xc7k160t_0]
program_hw_devices [get_hw_devices xc7k160t_0]
INFO: [Labtools 27-3164] End of startup status: HIGH
refresh_hw_device [lindex [get_hw_devices xc7k160t_0] 0]
INFO: [Labtools 27-1434] Device xc7k160t (JTAG device index = 0) is programmed with a design that has no supported debug core(s) in it.
WARNING: [Labtools 27-3361] The debug hub core was not detected.
Resolution: 
1. Make sure the clock connected to the debug hub (dbg_hub) core is a free running clock and is active.
2. Make sure the BSCAN_SWITCH_USER_MASK device property in Vivado Hardware Manager reflects the user scan chain setting in the design and refresh the device.  To determine the user scan chain setting in the design, open the implemented design and use 'get_property C_USER_SCAN_CHAIN [get_debug_cores dbg_hub]'.
For more details on setting the scan chain property, consult the Vivado Debug and Programming User Guide (UG908).
reset_run synth_1
launch_runs impl_1 -to_step write_bitstream
[Tue Sep  5 18:01:00 2017] Launched synth_1...
Run output will be captured here: C:/Users/dschussheim/Documents/GitHub/digital-servo/PSU/Firmware/KX2/ADC_DAC_KX2/ADC_DAC_KX2.runs/synth_1/runme.log
[Tue Sep  5 18:01:01 2017] Launched impl_1...
Run output will be captured here: C:/Users/dschussheim/Documents/GitHub/digital-servo/PSU/Firmware/KX2/ADC_DAC_KX2/ADC_DAC_KX2.runs/impl_1/runme.log
set_property PROBES.FILE {} [get_hw_devices xc7k160t_0]
set_property FULL_PROBES.FILE {} [get_hw_devices xc7k160t_0]
set_property PROGRAM.FILE {C:/Users/dschussheim/Documents/GitHub/digital-servo/PSU/Firmware/KX2/ADC_DAC_KX2/ADC_DAC_KX2.runs/impl_1/ADC_DAC_test_KX2.bit} [get_hw_devices xc7k160t_0]
program_hw_devices [get_hw_devices xc7k160t_0]
INFO: [Labtools 27-3164] End of startup status: HIGH
refresh_hw_device [lindex [get_hw_devices xc7k160t_0] 0]
INFO: [Labtools 27-1434] Device xc7k160t (JTAG device index = 0) is programmed with a design that has no supported debug core(s) in it.
WARNING: [Labtools 27-3361] The debug hub core was not detected.
Resolution: 
1. Make sure the clock connected to the debug hub (dbg_hub) core is a free running clock and is active.
2. Make sure the BSCAN_SWITCH_USER_MASK device property in Vivado Hardware Manager reflects the user scan chain setting in the design and refresh the device.  To determine the user scan chain setting in the design, open the implemented design and use 'get_property C_USER_SCAN_CHAIN [get_debug_cores dbg_hub]'.
For more details on setting the scan chain property, consult the Vivado Debug and Programming User Guide (UG908).
ERROR: [Labtoolstcl 44-513] HW Target shutdown. Closing target: localhost:3121/xilinx_tcf/Digilent/210299A1F7C3
exit
INFO: [Common 17-206] Exiting Vivado at Tue Sep  5 19:24:01 2017...
