Unable to capture context for thread 10640 in process 6600, can not generate back trace
Exception at PC 0x00007FF83298BB93
Printing stacktrace...

[0]  [0x00007FF83298BB93]
[1]  [0x00007FF83298BB93]
[2]  [0x00007FF83298B4A1]
[3]  [0x00007FF83298B3EF]
[4]  [0x00007FF8329719FE]
[5]  [0x00007FF832970ED1]
[6]  [0x00007FF832970D76]
[7]  [0x00007FF8329179F6]
[8]  [0x00007FF832907AFB]
[9]  [0x00007FF832A2E90A]
[10]  [0x00007FF832A49F87]
[11]  [0x00007FF832A4A05F]
[12] (BaseThreadInitThunk+0x14) [0x00007FF864108364]
[13] (RtlUserThreadStart+0x21) [0x00007FF8642D7091]
Done
Unable to capture context for thread 11860 in process 6600, can not generate back trace
Unable to capture context for thread 444 in process 6600, can not generate back trace
Exception at PC 0x00007FF832691A52
Attemped to write at address 0x00007FF83A97ABA4
Printing stacktrace...

[0]  [0x00007FF832691A52]
[1]  [0x00007FF832691A52]
[2]  [0x00007FF832691AD4]
[3]  [0x00007FF8327D3FF7]
[4]  [0x00007FF8326B9128]
[5]  [0x00007FF83296DFB9]
[6]  [0x00007FF832B3EF23]
[7]  [0x00007FF832A4B06B]
[8]  [0x00007FF832A408AF]
[9]  [0x00007FF832A40A32]
[10] (RtlDeactivateActivationContextUnsafeFast+0x1bf) [0x00007FF86429A37F]
[11] (LdrShutdownProcess+0x14b) [0x00007FF86427806B]
[12] (RtlExitUserProcess+0xb4) [0x00007FF864277D94]
[13] (ExitProcess+0xa) [0x00007FF86411CE6A]
[14] (exit+0x85) [0x00007FF863DBA4A5]
[15] (initterm_e+0x231) [0x00007FF863DBAB01]
[16]  [0x00000000004014CD]
[17]  [0x000000000040151B]
[18] (BaseThreadInitThunk+0x14) [0x00007FF864108364]
[19] (RtlUserThreadStart+0x21) [0x00007FF8642D7091]
Done
