Command line:
   SPI_isim_beh.exe
     -simmode  gui
     -simrunnum  0
     -socket  52292

Thu Jun 08 15:30:22 2017


 Elaboration Time: 0.03125 sec

 Current Memory Usage: 841.556 Meg

 Total Signals          : 18
 Total Nets             : 37
 Total Signal Drivers   : 10
 Total Blocks           : 3
 Total Primitive Blocks : 2
 Total Processes        : 13
 Total Traceable Variables  : 40
 Total Scalar Nets and Variables : 262
Total Line Count : 76

 Total Simulation Time: 0.0625 sec

 Current Memory Usage: 841.556 Meg

Thu Jun 08 15:30:31 2017

