Unable to capture context for thread 4556 in process 9872, can not generate back trace
Unable to capture context for thread 9372 in process 9872, can not generate back trace
Unable to capture context for thread 4032 in process 9872, can not generate back trace
Exception at PC 0x00007FFCC60FBB93
Printing stacktrace...

[0]  [0x00007FFCC60FBB93]
[1]  [0x00007FFCC60FBB93]
[2]  [0x00007FFCC60FB4A1]
[3]  [0x00007FFCC60FB3EF]
[4]  [0x00007FFCC60E19FE]
[5]  [0x00007FFCC60E0ED1]
[6]  [0x00007FFCC60E0D76]
[7]  [0x00007FFCC60879F6]
[8]  [0x00007FFCC6077AFB]
[9]  [0x00007FFCC619E90A]
[10]  [0x00007FFCC61B9F87]
[11]  [0x00007FFCC61BA05F]
[12] (BaseThreadInitThunk+0x14) [0x00007FFD221E8364]
[13] (RtlUserThreadStart+0x21) [0x00007FFD22A97091]
Done
Exception at PC 0x00007FFCC5E01A52
Attemped to write at address 0x00007FFCF31BABA4
Printing stacktrace...

[0]  [0x00007FFCC5E01A52]
[1]  [0x00007FFCC5E01A52]
[2]  [0x00007FFCC5E01AD4]
[3]  [0x00007FFCC5F43FF7]
[4]  [0x00007FFCC5E29128]
[5]  [0x00007FFCC60DDFB9]
[6]  [0x00007FFCC62AEF23]
[7]  [0x00007FFCC61BB06B]
[8]  [0x00007FFCC61B08AF]
[9]  [0x00007FFCC61B0A32]
[10] (RtlDeactivateActivationContextUnsafeFast+0x1bf) [0x00007FFD22A5A37F]
[11] (LdrShutdownProcess+0x14b) [0x00007FFD22A3806B]
[12] (RtlExitUserProcess+0xb4) [0x00007FFD22A37D94]
[13] (ExitProcess+0xa) [0x00007FFD221FCE6A]
[14] (exit+0x85) [0x00007FFD2181A4A5]
[15] (initterm_e+0x231) [0x00007FFD2181AB01]
[16]  [0x00000000004014CD]
[17]  [0x000000000040151B]
[18] (BaseThreadInitThunk+0x14) [0x00007FFD221E8364]
[19] (RtlUserThreadStart+0x21) [0x00007FFD22A97091]
Done
